{"C:\\Users\\kevin\\OneDrive\\Desktop\\repos\\eccomerce\\server\\app.js": {"path":"C:\\Users\\kevin\\OneDrive\\Desktop\\repos\\eccomerce\\server\\app.js","statementMap":{"0":{"start":{"line":21,"column":0},"end":{"line":21,"column":18}},"1":{"start":{"line":22,"column":38},"end":{"line":22,"column":49}},"2":{"start":{"line":25,"column":0},"end":{"line":38,"column":1}},"3":{"start":{"line":26,"column":13},"end":{"line":36,"column":3}},"4":{"start":{"line":27,"column":4},"end":{"line":35,"column":9}},"5":{"start":{"line":31,"column":8},"end":{"line":31,"column":56}},"6":{"start":{"line":34,"column":8},"end":{"line":34,"column":39}},"7":{"start":{"line":37,"column":2},"end":{"line":37,"column":7}},"8":{"start":{"line":40,"column":12},"end":{"line":40,"column":21}},"9":{"start":{"line":41,"column":0},"end":{"line":41,"column":71}},"10":{"start":{"line":42,"column":23},"end":{"line":42,"column":38}},"11":{"start":{"line":45,"column":0},"end":{"line":45,"column":51}},"12":{"start":{"line":47,"column":0},"end":{"line":60,"column":2}},"13":{"start":{"line":61,"column":0},"end":{"line":61,"column":24}},"14":{"start":{"line":62,"column":0},"end":{"line":62,"column":48}},"15":{"start":{"line":63,"column":0},"end":{"line":63,"column":31}},"16":{"start":{"line":64,"column":0},"end":{"line":64,"column":28}},"17":{"start":{"line":66,"column":0},"end":{"line":71,"column":2}},"18":{"start":{"line":72,"column":0},"end":{"line":72,"column":28}},"19":{"start":{"line":73,"column":0},"end":{"line":73,"column":22}}},"fnMap":{"0":{"name":"(anonymous_0)","decl":{"start":{"line":26,"column":13},"end":{"line":26,"column":14}},"loc":{"start":{"line":26,"column":19},"end":{"line":36,"column":3}},"line":26},"1":{"name":"(anonymous_1)","decl":{"start":{"line":29,"column":12},"end":{"line":29,"column":13}},"loc":{"start":{"line":29,"column":24},"end":{"line":32,"column":7}},"line":29},"2":{"name":"(anonymous_2)","decl":{"start":{"line":33,"column":13},"end":{"line":33,"column":14}},"loc":{"start":{"line":33,"column":24},"end":{"line":35,"column":7}},"line":33}},"branchMap":{"0":{"loc":{"start":{"line":25,"column":0},"end":{"line":38,"column":1}},"type":"if","locations":[{"start":{"line":25,"column":0},"end":{"line":38,"column":1}},{"start":{},"end":{}}],"line":25},"1":{"loc":{"start":{"line":41,"column":15},"end":{"line":41,"column":68}},"type":"cond-expr","locations":[{"start":{"line":41,"column":54},"end":{"line":41,"column":60}},{"start":{"line":41,"column":63},"end":{"line":41,"column":68}}],"line":41}},"s":{"0":1,"1":1,"2":1,"3":0,"4":0,"5":0,"6":0,"7":0,"8":1,"9":1,"10":1,"11":1,"12":1,"13":1,"14":1,"15":1,"16":1,"17":1,"18":1,"19":1},"f":{"0":0,"1":0,"2":0},"b":{"0":[0,1],"1":[0,1]},"_coverageSchema":"1a1c01bbd47fc00a2c39e90264f33305004495a9","hash":"35389726c5941dfdcdf79e549576a732d936bc21"}
,"C:\\Users\\kevin\\OneDrive\\Desktop\\repos\\eccomerce\\server\\errorHandler.js": {"path":"C:\\Users\\kevin\\OneDrive\\Desktop\\repos\\eccomerce\\server\\errorHandler.js","statementMap":{"0":{"start":{"line":3,"column":30},"end":{"line":8,"column":1}},"1":{"start":{"line":4,"column":17},"end":{"line":4,"column":70}},"2":{"start":{"line":4,"column":58},"end":{"line":4,"column":69}},"3":{"start":{"line":6,"column":2},"end":{"line":6,"column":22}},"4":{"start":{"line":7,"column":2},"end":{"line":7,"column":16}},"5":{"start":{"line":11,"column":2},"end":{"line":11,"column":45}},"6":{"start":{"line":12,"column":2},"end":{"line":12,"column":41}},"7":{"start":{"line":13,"column":2},"end":{"line":13,"column":21}},"8":{"start":{"line":15,"column":2},"end":{"line":15,"column":37}},"9":{"start":{"line":16,"column":2},"end":{"line":18,"column":3}},"10":{"start":{"line":17,"column":4},"end":{"line":17,"column":78}},"11":{"start":{"line":20,"column":2},"end":{"line":26,"column":3}},"12":{"start":{"line":21,"column":16},"end":{"line":21,"column":45}},"13":{"start":{"line":23,"column":4},"end":{"line":25,"column":8}},"14":{"start":{"line":28,"column":2},"end":{"line":30,"column":3}},"15":{"start":{"line":29,"column":4},"end":{"line":29,"column":49}},"16":{"start":{"line":32,"column":2},"end":{"line":35,"column":3}},"17":{"start":{"line":33,"column":4},"end":{"line":34,"column":100}},"18":{"start":{"line":37,"column":2},"end":{"line":39,"column":3}},"19":{"start":{"line":38,"column":4},"end":{"line":38,"column":80}},"20":{"start":{"line":40,"column":2},"end":{"line":44,"column":5}}},"fnMap":{"0":{"name":"(anonymous_0)","decl":{"start":{"line":3,"column":30},"end":{"line":3,"column":31}},"loc":{"start":{"line":3,"column":41},"end":{"line":8,"column":1}},"line":3},"1":{"name":"(anonymous_1)","decl":{"start":{"line":4,"column":49},"end":{"line":4,"column":50}},"loc":{"start":{"line":4,"column":58},"end":{"line":4,"column":69}},"line":4},"2":{"name":"errorHandler","decl":{"start":{"line":10,"column":30},"end":{"line":10,"column":42}},"loc":{"start":{"line":10,"column":66},"end":{"line":45,"column":1}},"line":10}},"branchMap":{"0":{"loc":{"start":{"line":11,"column":21},"end":{"line":11,"column":44}},"type":"binary-expr","locations":[{"start":{"line":11,"column":21},"end":{"line":11,"column":37}},{"start":{"line":11,"column":41},"end":{"line":11,"column":44}}],"line":11},"1":{"loc":{"start":{"line":12,"column":17},"end":{"line":12,"column":40}},"type":"binary-expr","locations":[{"start":{"line":12,"column":17},"end":{"line":12,"column":29}},{"start":{"line":12,"column":33},"end":{"line":12,"column":40}}],"line":12},"2":{"loc":{"start":{"line":16,"column":2},"end":{"line":18,"column":3}},"type":"if","locations":[{"start":{"line":16,"column":2},"end":{"line":18,"column":3}},{"start":{},"end":{}}],"line":16},"3":{"loc":{"start":{"line":16,"column":6},"end":{"line":16,"column":61}},"type":"binary-expr","locations":[{"start":{"line":16,"column":6},"end":{"line":16,"column":32}},{"start":{"line":16,"column":36},"end":{"line":16,"column":61}}],"line":16},"4":{"loc":{"start":{"line":20,"column":2},"end":{"line":26,"column":3}},"type":"if","locations":[{"start":{"line":20,"column":2},"end":{"line":26,"column":3}},{"start":{},"end":{}}],"line":20},"5":{"loc":{"start":{"line":20,"column":6},"end":{"line":20,"column":62}},"type":"binary-expr","locations":[{"start":{"line":20,"column":6},"end":{"line":20,"column":39}},{"start":{"line":20,"column":43},"end":{"line":20,"column":62}}],"line":20},"6":{"loc":{"start":{"line":28,"column":2},"end":{"line":30,"column":3}},"type":"if","locations":[{"start":{"line":28,"column":2},"end":{"line":30,"column":3}},{"start":{},"end":{}}],"line":28},"7":{"loc":{"start":{"line":32,"column":2},"end":{"line":35,"column":3}},"type":"if","locations":[{"start":{"line":32,"column":2},"end":{"line":35,"column":3}},{"start":{},"end":{}}],"line":32},"8":{"loc":{"start":{"line":37,"column":2},"end":{"line":39,"column":3}},"type":"if","locations":[{"start":{"line":37,"column":2},"end":{"line":39,"column":3}},{"start":{},"end":{}}],"line":37},"9":{"loc":{"start":{"line":42,"column":9},"end":{"line":42,"column":76}},"type":"cond-expr","locations":[{"start":{"line":42,"column":45},"end":{"line":42,"column":58}},{"start":{"line":42,"column":61},"end":{"line":42,"column":76}}],"line":42}},"s":{"0":1,"1":0,"2":0,"3":0,"4":0,"5":0,"6":0,"7":0,"8":0,"9":0,"10":0,"11":0,"12":0,"13":0,"14":0,"15":0,"16":0,"17":0,"18":0,"19":0,"20":0},"f":{"0":0,"1":0,"2":0},"b":{"0":[0,0],"1":[0,0],"2":[0,0],"3":[0,0],"4":[0,0],"5":[0,0],"6":[0,0],"7":[0,0],"8":[0,0],"9":[0,0]},"_coverageSchema":"1a1c01bbd47fc00a2c39e90264f33305004495a9","hash":"5cf3274c201a8c3cef75047d97768806e9dad67d"}
,"C:\\Users\\kevin\\OneDrive\\Desktop\\repos\\eccomerce\\server\\Controllers\\adminController.js": {"path":"C:\\Users\\kevin\\OneDrive\\Desktop\\repos\\eccomerce\\server\\Controllers\\adminController.js","statementMap":{"0":{"start":{"line":30,"column":0},"end":{"line":30,"column":21}},"1":{"start":{"line":32,"column":2},"end":{"line":32,"column":13}},"2":{"start":{"line":34,"column":15},"end":{"line":34,"column":33}},"3":{"start":{"line":35,"column":15},"end":{"line":38,"column":2}},"4":{"start":{"line":40,"column":32},"end":{"line":68,"column":1}},"5":{"start":{"line":47,"column":6},"end":{"line":47,"column":29}},"6":{"start":{"line":49,"column":6},"end":{"line":53,"column":7}},"7":{"start":{"line":50,"column":8},"end":{"line":50,"column":26}},"8":{"start":{"line":52,"column":8},"end":{"line":52,"column":24}},"9":{"start":{"line":56,"column":27},"end":{"line":56,"column":35}},"10":{"start":{"line":58,"column":4},"end":{"line":58,"column":28}},"11":{"start":{"line":60,"column":18},"end":{"line":64,"column":5}},"12":{"start":{"line":66,"column":4},"end":{"line":66,"column":39}},"13":{"start":{"line":70,"column":26},"end":{"line":138,"column":1}},"14":{"start":{"line":74,"column":27},"end":{"line":74,"column":36}},"15":{"start":{"line":76,"column":19},"end":{"line":76,"column":40}},"16":{"start":{"line":78,"column":29},"end":{"line":86,"column":5}},"17":{"start":{"line":88,"column":4},"end":{"line":91,"column":5}},"18":{"start":{"line":89,"column":20},"end":{"line":89,"column":57}},"19":{"start":{"line":90,"column":6},"end":{"line":90,"column":53}},"20":{"start":{"line":93,"column":4},"end":{"line":93,"column":32}},"21":{"start":{"line":94,"column":24},"end":{"line":105,"column":7}},"22":{"start":{"line":100,"column":22},"end":{"line":105,"column":5}},"23":{"start":{"line":107,"column":4},"end":{"line":117,"column":5}},"24":{"start":{"line":108,"column":23},"end":{"line":108,"column":62}},"25":{"start":{"line":109,"column":6},"end":{"line":114,"column":9}},"26":{"start":{"line":116,"column":6},"end":{"line":116,"column":73}},"27":{"start":{"line":119,"column":18},"end":{"line":134,"column":6}},"28":{"start":{"line":136,"column":4},"end":{"line":136,"column":44}},"29":{"start":{"line":139,"column":34},"end":{"line":162,"column":1}},"30":{"start":{"line":142,"column":27},"end":{"line":142,"column":36}},"31":{"start":{"line":143,"column":19},"end":{"line":143,"column":69}},"32":{"start":{"line":143,"column":65},"end":{"line":143,"column":68}},"33":{"start":{"line":145,"column":4},"end":{"line":147,"column":5}},"34":{"start":{"line":146,"column":6},"end":{"line":146,"column":75}},"35":{"start":{"line":149,"column":23},"end":{"line":157,"column":6}},"36":{"start":{"line":159,"column":4},"end":{"line":159,"column":39}},"37":{"start":{"line":160,"column":4},"end":{"line":160,"column":60}},"38":{"start":{"line":163,"column":25},"end":{"line":227,"column":2}},"39":{"start":{"line":164,"column":20},"end":{"line":167,"column":11}},"40":{"start":{"line":169,"column":29},"end":{"line":172,"column":13}},"41":{"start":{"line":175,"column":4},"end":{"line":209,"column":6}},"42":{"start":{"line":210,"column":22},"end":{"line":213,"column":3}},"43":{"start":{"line":211,"column":30},"end":{"line":211,"column":59}},"44":{"start":{"line":214,"column":25},"end":{"line":216,"column":3}},"45":{"start":{"line":215,"column":14},"end":{"line":215,"column":36}},"46":{"start":{"line":217,"column":17},"end":{"line":217,"column":51}},"47":{"start":{"line":219,"column":2},"end":{"line":226,"column":5}},"48":{"start":{"line":229,"column":26},"end":{"line":292,"column":1}},"49":{"start":{"line":231,"column":21},"end":{"line":231,"column":50}},"50":{"start":{"line":232,"column":4},"end":{"line":234,"column":5}},"51":{"start":{"line":233,"column":6},"end":{"line":233,"column":46}},"52":{"start":{"line":236,"column":4},"end":{"line":238,"column":5}},"53":{"start":{"line":237,"column":6},"end":{"line":237,"column":58}},"54":{"start":{"line":240,"column":4},"end":{"line":240,"column":37}},"55":{"start":{"line":241,"column":4},"end":{"line":241,"column":16}},"56":{"start":{"line":247,"column":6},"end":{"line":253,"column":7}},"57":{"start":{"line":248,"column":22},"end":{"line":248,"column":63}},"58":{"start":{"line":250,"column":8},"end":{"line":252,"column":9}},"59":{"start":{"line":251,"column":10},"end":{"line":251,"column":52}},"60":{"start":{"line":255,"column":6},"end":{"line":255,"column":18}},"61":{"start":{"line":258,"column":32},"end":{"line":258,"column":40}},"62":{"start":{"line":259,"column":19},"end":{"line":261,"column":6}},"63":{"start":{"line":260,"column":6},"end":{"line":260,"column":17}},"64":{"start":{"line":263,"column":4},"end":{"line":265,"column":5}},"65":{"start":{"line":264,"column":6},"end":{"line":264,"column":78}},"66":{"start":{"line":267,"column":4},"end":{"line":289,"column":23}},"67":{"start":{"line":268,"column":6},"end":{"line":270,"column":7}},"68":{"start":{"line":269,"column":8},"end":{"line":269,"column":18}},"69":{"start":{"line":272,"column":6},"end":{"line":276,"column":7}},"70":{"start":{"line":273,"column":8},"end":{"line":275,"column":76}},"71":{"start":{"line":277,"column":6},"end":{"line":281,"column":7}},"72":{"start":{"line":278,"column":8},"end":{"line":280,"column":63}},"73":{"start":{"line":282,"column":6},"end":{"line":288,"column":9}},"74":{"start":{"line":283,"column":8},"end":{"line":285,"column":9}},"75":{"start":{"line":284,"column":10},"end":{"line":284,"column":27}},"76":{"start":{"line":286,"column":8},"end":{"line":286,"column":69}},"77":{"start":{"line":287,"column":8},"end":{"line":287,"column":52}},"78":{"start":{"line":294,"column":27},"end":{"line":297,"column":2}},"79":{"start":{"line":295,"column":16},"end":{"line":295,"column":35}},"80":{"start":{"line":296,"column":2},"end":{"line":296,"column":30}},"81":{"start":{"line":299,"column":30},"end":{"line":323,"column":1}},"82":{"start":{"line":302,"column":19},"end":{"line":302,"column":29}},"83":{"start":{"line":304,"column":18},"end":{"line":310,"column":6}},"84":{"start":{"line":312,"column":4},"end":{"line":314,"column":5}},"85":{"start":{"line":313,"column":6},"end":{"line":313,"column":79}},"86":{"start":{"line":315,"column":4},"end":{"line":319,"column":5}},"87":{"start":{"line":316,"column":21},"end":{"line":316,"column":67}},"88":{"start":{"line":317,"column":6},"end":{"line":317,"column":66}},"89":{"start":{"line":321,"column":4},"end":{"line":321,"column":51}},"90":{"start":{"line":325,"column":25},"end":{"line":413,"column":1}},"91":{"start":{"line":334,"column":19},"end":{"line":334,"column":29}},"92":{"start":{"line":335,"column":39},"end":{"line":335,"column":47}},"93":{"start":{"line":337,"column":19},"end":{"line":337,"column":69}},"94":{"start":{"line":337,"column":65},"end":{"line":337,"column":68}},"95":{"start":{"line":339,"column":4},"end":{"line":341,"column":5}},"96":{"start":{"line":340,"column":6},"end":{"line":340,"column":51}},"97":{"start":{"line":343,"column":22},"end":{"line":347,"column":6}},"98":{"start":{"line":348,"column":19},"end":{"line":351,"column":5}},"99":{"start":{"line":352,"column":4},"end":{"line":359,"column":7}},"100":{"start":{"line":353,"column":35},"end":{"line":353,"column":73}},"101":{"start":{"line":354,"column":22},"end":{"line":354,"column":72}},"102":{"start":{"line":355,"column":20},"end":{"line":355,"column":68}},"103":{"start":{"line":357,"column":6},"end":{"line":357,"column":35}},"104":{"start":{"line":358,"column":6},"end":{"line":358,"column":31}},"105":{"start":{"line":361,"column":29},"end":{"line":361,"column":79}},"106":{"start":{"line":362,"column":27},"end":{"line":362,"column":75}},"107":{"start":{"line":363,"column":4},"end":{"line":363,"column":54}},"108":{"start":{"line":365,"column":23},"end":{"line":369,"column":5}},"109":{"start":{"line":371,"column":4},"end":{"line":382,"column":5}},"110":{"start":{"line":372,"column":6},"end":{"line":380,"column":9}},"111":{"start":{"line":381,"column":6},"end":{"line":381,"column":13}},"112":{"start":{"line":384,"column":18},"end":{"line":398,"column":12}},"113":{"start":{"line":400,"column":22},"end":{"line":400,"column":60}},"114":{"start":{"line":401,"column":24},"end":{"line":406,"column":5}},"115":{"start":{"line":408,"column":22},"end":{"line":408,"column":61}},"116":{"start":{"line":409,"column":27},"end":{"line":409,"column":77}},"117":{"start":{"line":411,"column":4},"end":{"line":411,"column":65}},"118":{"start":{"line":415,"column":28},"end":{"line":445,"column":1}},"119":{"start":{"line":417,"column":19},"end":{"line":417,"column":27}},"120":{"start":{"line":419,"column":4},"end":{"line":431,"column":5}},"121":{"start":{"line":420,"column":6},"end":{"line":424,"column":9}},"122":{"start":{"line":426,"column":6},"end":{"line":430,"column":9}},"123":{"start":{"line":435,"column":4},"end":{"line":443,"column":5}},"124":{"start":{"line":436,"column":6},"end":{"line":436,"column":52}},"125":{"start":{"line":438,"column":6},"end":{"line":442,"column":9}},"126":{"start":{"line":447,"column":27},"end":{"line":524,"column":1}},"127":{"start":{"line":461,"column":29},"end":{"line":461,"column":37}},"128":{"start":{"line":462,"column":19},"end":{"line":462,"column":29}},"129":{"start":{"line":463,"column":19},"end":{"line":463,"column":69}},"130":{"start":{"line":463,"column":65},"end":{"line":463,"column":68}},"131":{"start":{"line":464,"column":4},"end":{"line":466,"column":5}},"132":{"start":{"line":465,"column":6},"end":{"line":465,"column":51}},"133":{"start":{"line":467,"column":17},"end":{"line":467,"column":33}},"134":{"start":{"line":468,"column":22},"end":{"line":471,"column":5}},"135":{"start":{"line":472,"column":25},"end":{"line":472,"column":27}},"136":{"start":{"line":473,"column":4},"end":{"line":475,"column":5}},"137":{"start":{"line":474,"column":6},"end":{"line":474,"column":40}},"138":{"start":{"line":476,"column":18},"end":{"line":484,"column":12}},"139":{"start":{"line":486,"column":4},"end":{"line":506,"column":5}},"140":{"start":{"line":487,"column":24},"end":{"line":490,"column":7}},"141":{"start":{"line":492,"column":6},"end":{"line":494,"column":7}},"142":{"start":{"line":493,"column":8},"end":{"line":493,"column":61}},"143":{"start":{"line":495,"column":21},"end":{"line":495,"column":59}},"144":{"start":{"line":497,"column":6},"end":{"line":497,"column":54}},"145":{"start":{"line":508,"column":24},"end":{"line":512,"column":13}},"146":{"start":{"line":513,"column":22},"end":{"line":513,"column":65}},"147":{"start":{"line":514,"column":24},"end":{"line":519,"column":5}},"148":{"start":{"line":521,"column":22},"end":{"line":521,"column":61}},"149":{"start":{"line":522,"column":4},"end":{"line":522,"column":32}},"150":{"start":{"line":526,"column":27},"end":{"line":666,"column":1}},"151":{"start":{"line":531,"column":6},"end":{"line":535,"column":7}},"152":{"start":{"line":532,"column":8},"end":{"line":534,"column":9}},"153":{"start":{"line":533,"column":10},"end":{"line":533,"column":23}},"154":{"start":{"line":536,"column":6},"end":{"line":536,"column":18}},"155":{"start":{"line":543,"column":6},"end":{"line":547,"column":7}},"156":{"start":{"line":544,"column":8},"end":{"line":546,"column":9}},"157":{"start":{"line":545,"column":10},"end":{"line":545,"column":23}},"158":{"start":{"line":548,"column":6},"end":{"line":548,"column":18}},"159":{"start":{"line":555,"column":19},"end":{"line":555,"column":29}},"160":{"start":{"line":556,"column":20},"end":{"line":556,"column":70}},"161":{"start":{"line":556,"column":66},"end":{"line":556,"column":69}},"162":{"start":{"line":558,"column":4},"end":{"line":560,"column":5}},"163":{"start":{"line":559,"column":6},"end":{"line":559,"column":63}},"164":{"start":{"line":561,"column":48},"end":{"line":561,"column":56}},"165":{"start":{"line":563,"column":4},"end":{"line":601,"column":5}},"166":{"start":{"line":564,"column":27},"end":{"line":567,"column":8}},"167":{"start":{"line":569,"column":22},"end":{"line":572,"column":7}},"168":{"start":{"line":574,"column":30},"end":{"line":576,"column":37}},"169":{"start":{"line":578,"column":20},"end":{"line":590,"column":14}},"170":{"start":{"line":592,"column":24},"end":{"line":592,"column":62}},"171":{"start":{"line":593,"column":26},"end":{"line":598,"column":7}},"172":{"start":{"line":600,"column":24},"end":{"line":600,"column":63}},"173":{"start":{"line":602,"column":4},"end":{"line":631,"column":5}},"174":{"start":{"line":603,"column":20},"end":{"line":611,"column":14}},"175":{"start":{"line":613,"column":6},"end":{"line":620,"column":7}},"176":{"start":{"line":614,"column":23},"end":{"line":616,"column":10}},"177":{"start":{"line":618,"column":8},"end":{"line":618,"column":68}},"178":{"start":{"line":619,"column":8},"end":{"line":619,"column":32}},"179":{"start":{"line":622,"column":24},"end":{"line":622,"column":61}},"180":{"start":{"line":623,"column":26},"end":{"line":628,"column":7}},"181":{"start":{"line":630,"column":24},"end":{"line":630,"column":63}},"182":{"start":{"line":633,"column":4},"end":{"line":662,"column":5}},"183":{"start":{"line":634,"column":20},"end":{"line":642,"column":14}},"184":{"start":{"line":644,"column":6},"end":{"line":651,"column":7}},"185":{"start":{"line":645,"column":23},"end":{"line":647,"column":10}},"186":{"start":{"line":649,"column":8},"end":{"line":649,"column":68}},"187":{"start":{"line":650,"column":8},"end":{"line":650,"column":32}},"188":{"start":{"line":653,"column":24},"end":{"line":653,"column":61}},"189":{"start":{"line":654,"column":26},"end":{"line":659,"column":7}},"190":{"start":{"line":661,"column":24},"end":{"line":661,"column":63}},"191":{"start":{"line":664,"column":4},"end":{"line":664,"column":80}},"192":{"start":{"line":668,"column":25},"end":{"line":722,"column":1}},"193":{"start":{"line":672,"column":33},"end":{"line":672,"column":41}},"194":{"start":{"line":674,"column":4},"end":{"line":674,"column":77}},"195":{"start":{"line":675,"column":4},"end":{"line":677,"column":5}},"196":{"start":{"line":676,"column":6},"end":{"line":676,"column":54}},"197":{"start":{"line":678,"column":19},"end":{"line":685,"column":6}},"198":{"start":{"line":687,"column":4},"end":{"line":689,"column":5}},"199":{"start":{"line":688,"column":6},"end":{"line":688,"column":54}},"200":{"start":{"line":690,"column":25},"end":{"line":692,"column":5}},"201":{"start":{"line":691,"column":16},"end":{"line":691,"column":57}},"202":{"start":{"line":694,"column":4},"end":{"line":703,"column":5}},"203":{"start":{"line":695,"column":21},"end":{"line":701,"column":7}},"204":{"start":{"line":702,"column":6},"end":{"line":702,"column":54}},"205":{"start":{"line":704,"column":18},"end":{"line":704,"column":75}},"206":{"start":{"line":705,"column":27},"end":{"line":709,"column":5}},"207":{"start":{"line":706,"column":6},"end":{"line":708,"column":8}},"208":{"start":{"line":711,"column":22},"end":{"line":711,"column":44}},"209":{"start":{"line":713,"column":21},"end":{"line":716,"column":6}},"210":{"start":{"line":718,"column":4},"end":{"line":720,"column":80}},"211":{"start":{"line":724,"column":34},"end":{"line":732,"column":1}},"212":{"start":{"line":727,"column":16},"end":{"line":727,"column":69}},"213":{"start":{"line":729,"column":4},"end":{"line":729,"column":25}},"214":{"start":{"line":730,"column":4},"end":{"line":730,"column":29}},"215":{"start":{"line":734,"column":23},"end":{"line":782,"column":2}},"216":{"start":{"line":735,"column":14},"end":{"line":735,"column":46}},"217":{"start":{"line":736,"column":22},"end":{"line":751,"column":3}},"218":{"start":{"line":753,"column":2},"end":{"line":762,"column":3}},"219":{"start":{"line":754,"column":19},"end":{"line":760,"column":5}},"220":{"start":{"line":761,"column":4},"end":{"line":761,"column":52}},"221":{"start":{"line":763,"column":17},"end":{"line":770,"column":4}},"222":{"start":{"line":772,"column":2},"end":{"line":772,"column":51}},"223":{"start":{"line":774,"column":25},"end":{"line":778,"column":3}},"224":{"start":{"line":775,"column":4},"end":{"line":777,"column":6}},"225":{"start":{"line":779,"column":20},"end":{"line":779,"column":42}},"226":{"start":{"line":781,"column":2},"end":{"line":781,"column":22}},"227":{"start":{"line":786,"column":27},"end":{"line":941,"column":1}},"228":{"start":{"line":793,"column":40},"end":{"line":793,"column":48}},"229":{"start":{"line":794,"column":19},"end":{"line":794,"column":23}},"230":{"start":{"line":796,"column":19},"end":{"line":796,"column":69}},"231":{"start":{"line":796,"column":65},"end":{"line":796,"column":68}},"232":{"start":{"line":798,"column":4},"end":{"line":808,"column":5}},"233":{"start":{"line":799,"column":6},"end":{"line":807,"column":9}},"234":{"start":{"line":809,"column":19},"end":{"line":823,"column":5}},"235":{"start":{"line":825,"column":4},"end":{"line":833,"column":22}},"236":{"start":{"line":826,"column":23},"end":{"line":826,"column":62}},"237":{"start":{"line":827,"column":6},"end":{"line":832,"column":9}},"238":{"start":{"line":834,"column":24},"end":{"line":841,"column":5}},"239":{"start":{"line":842,"column":29},"end":{"line":842,"column":79}},"240":{"start":{"line":844,"column":45},"end":{"line":930,"column":6}},"241":{"start":{"line":931,"column":23},"end":{"line":931,"column":67}},"242":{"start":{"line":932,"column":4},"end":{"line":939,"column":7}},"243":{"start":{"line":943,"column":30},"end":{"line":970,"column":1}},"244":{"start":{"line":946,"column":27},"end":{"line":946,"column":42}},"245":{"start":{"line":948,"column":19},"end":{"line":948,"column":40}},"246":{"start":{"line":950,"column":4},"end":{"line":952,"column":5}},"247":{"start":{"line":951,"column":6},"end":{"line":951,"column":50}},"248":{"start":{"line":953,"column":19},"end":{"line":962,"column":6}},"249":{"start":{"line":964,"column":4},"end":{"line":968,"column":7}},"250":{"start":{"line":971,"column":30},"end":{"line":1083,"column":1}},"251":{"start":{"line":994,"column":23},"end":{"line":994,"column":31}},"252":{"start":{"line":996,"column":28},"end":{"line":1031,"column":5}},"253":{"start":{"line":1033,"column":23},"end":{"line":1033,"column":25}},"254":{"start":{"line":1035,"column":4},"end":{"line":1043,"column":5}},"255":{"start":{"line":1036,"column":6},"end":{"line":1042,"column":7}},"256":{"start":{"line":1037,"column":28},"end":{"line":1037,"column":72}},"257":{"start":{"line":1039,"column":8},"end":{"line":1039,"column":51}},"258":{"start":{"line":1041,"column":8},"end":{"line":1041,"column":79}},"259":{"start":{"line":1045,"column":4},"end":{"line":1047,"column":5}},"260":{"start":{"line":1046,"column":6},"end":{"line":1046,"column":42}},"261":{"start":{"line":1049,"column":4},"end":{"line":1059,"column":5}},"262":{"start":{"line":1050,"column":6},"end":{"line":1058,"column":7}},"263":{"start":{"line":1051,"column":28},"end":{"line":1051,"column":79}},"264":{"start":{"line":1052,"column":8},"end":{"line":1052,"column":60}},"265":{"start":{"line":1054,"column":8},"end":{"line":1057,"column":10}},"266":{"start":{"line":1061,"column":4},"end":{"line":1063,"column":5}},"267":{"start":{"line":1062,"column":6},"end":{"line":1062,"column":64}},"268":{"start":{"line":1064,"column":4},"end":{"line":1067,"column":5}},"269":{"start":{"line":1065,"column":26},"end":{"line":1065,"column":63}},"270":{"start":{"line":1066,"column":6},"end":{"line":1066,"column":43}},"271":{"start":{"line":1069,"column":21},"end":{"line":1071,"column":13}},"272":{"start":{"line":1073,"column":24},"end":{"line":1076,"column":5}},"273":{"start":{"line":1074,"column":22},"end":{"line":1074,"column":58}},"274":{"start":{"line":1078,"column":4},"end":{"line":1081,"column":7}},"275":{"start":{"line":1085,"column":31},"end":{"line":1111,"column":2}},"276":{"start":{"line":1086,"column":17},"end":{"line":1086,"column":27}},"277":{"start":{"line":1088,"column":17},"end":{"line":1088,"column":32}},"278":{"start":{"line":1091,"column":16},"end":{"line":1108,"column":3}},"279":{"start":{"line":1097,"column":27},"end":{"line":1097,"column":70}},"280":{"start":{"line":1099,"column":18},"end":{"line":1104,"column":7}},"281":{"start":{"line":1106,"column":6},"end":{"line":1106,"column":17}},"282":{"start":{"line":1110,"column":2},"end":{"line":1110,"column":22}},"283":{"start":{"line":1113,"column":36},"end":{"line":1135,"column":1}},"284":{"start":{"line":1117,"column":19},"end":{"line":1117,"column":29}},"285":{"start":{"line":1118,"column":32},"end":{"line":1118,"column":41}},"286":{"start":{"line":1120,"column":20},"end":{"line":1130,"column":5}},"287":{"start":{"line":1132,"column":4},"end":{"line":1132,"column":35}},"288":{"start":{"line":1133,"column":4},"end":{"line":1133,"column":73}},"289":{"start":{"line":1137,"column":28},"end":{"line":1150,"column":2}},"290":{"start":{"line":1138,"column":33},"end":{"line":1138,"column":41}},"291":{"start":{"line":1139,"column":19},"end":{"line":1143,"column":3}},"292":{"start":{"line":1144,"column":2},"end":{"line":1144,"column":24}},"293":{"start":{"line":1145,"column":2},"end":{"line":1149,"column":5}},"294":{"start":{"line":1152,"column":25},"end":{"line":1210,"column":1}},"295":{"start":{"line":1154,"column":65},"end":{"line":1154,"column":73}},"296":{"start":{"line":1156,"column":21},"end":{"line":1159,"column":5}},"297":{"start":{"line":1161,"column":27},"end":{"line":1205,"column":6}},"298":{"start":{"line":1162,"column":20},"end":{"line":1162,"column":24}},"299":{"start":{"line":1163,"column":27},"end":{"line":1163,"column":44}},"300":{"start":{"line":1164,"column":6},"end":{"line":1164,"column":36}},"301":{"start":{"line":1165,"column":6},"end":{"line":1167,"column":7}},"302":{"start":{"line":1166,"column":8},"end":{"line":1166,"column":44}},"303":{"start":{"line":1169,"column":6},"end":{"line":1171,"column":7}},"304":{"start":{"line":1170,"column":8},"end":{"line":1170,"column":44}},"305":{"start":{"line":1173,"column":6},"end":{"line":1182,"column":7}},"306":{"start":{"line":1174,"column":8},"end":{"line":1181,"column":9}},"307":{"start":{"line":1175,"column":10},"end":{"line":1178,"column":12}},"308":{"start":{"line":1180,"column":10},"end":{"line":1180,"column":79}},"309":{"start":{"line":1184,"column":6},"end":{"line":1192,"column":7}},"310":{"start":{"line":1185,"column":8},"end":{"line":1185,"column":55}},"311":{"start":{"line":1187,"column":8},"end":{"line":1191,"column":9}},"312":{"start":{"line":1188,"column":10},"end":{"line":1188,"column":65}},"313":{"start":{"line":1190,"column":10},"end":{"line":1190,"column":62}},"314":{"start":{"line":1194,"column":6},"end":{"line":1196,"column":7}},"315":{"start":{"line":1195,"column":8},"end":{"line":1195,"column":29}},"316":{"start":{"line":1197,"column":6},"end":{"line":1204,"column":8}},"317":{"start":{"line":1206,"column":26},"end":{"line":1206,"column":59}},"318":{"start":{"line":1207,"column":4},"end":{"line":1207,"column":45}},"319":{"start":{"line":1208,"column":4},"end":{"line":1208,"column":55}},"320":{"start":{"line":1212,"column":25},"end":{"line":1363,"column":1}},"321":{"start":{"line":1218,"column":51},"end":{"line":1218,"column":59}},"322":{"start":{"line":1220,"column":19},"end":{"line":1220,"column":69}},"323":{"start":{"line":1220,"column":65},"end":{"line":1220,"column":68}},"324":{"start":{"line":1222,"column":4},"end":{"line":1225,"column":5}},"325":{"start":{"line":1223,"column":6},"end":{"line":1223,"column":46}},"326":{"start":{"line":1224,"column":6},"end":{"line":1224,"column":51}},"327":{"start":{"line":1226,"column":25},"end":{"line":1230,"column":5}},"328":{"start":{"line":1231,"column":29},"end":{"line":1231,"column":38}},"329":{"start":{"line":1233,"column":30},"end":{"line":1233,"column":39}},"330":{"start":{"line":1234,"column":31},"end":{"line":1343,"column":6}},"331":{"start":{"line":1235,"column":23},"end":{"line":1235,"column":46}},"332":{"start":{"line":1237,"column":6},"end":{"line":1342,"column":7}},"333":{"start":{"line":1238,"column":30},"end":{"line":1238,"column":35}},"334":{"start":{"line":1239,"column":38},"end":{"line":1239,"column":42}},"335":{"start":{"line":1241,"column":28},"end":{"line":1282,"column":9}},"336":{"start":{"line":1242,"column":33},"end":{"line":1242,"column":62}},"337":{"start":{"line":1243,"column":30},"end":{"line":1243,"column":53}},"338":{"start":{"line":1245,"column":10},"end":{"line":1247,"column":11}},"339":{"start":{"line":1246,"column":12},"end":{"line":1246,"column":44}},"340":{"start":{"line":1249,"column":10},"end":{"line":1251,"column":11}},"341":{"start":{"line":1250,"column":12},"end":{"line":1250,"column":44}},"342":{"start":{"line":1253,"column":10},"end":{"line":1255,"column":11}},"343":{"start":{"line":1254,"column":12},"end":{"line":1254,"column":43}},"344":{"start":{"line":1257,"column":10},"end":{"line":1259,"column":11}},"345":{"start":{"line":1258,"column":12},"end":{"line":1258,"column":54}},"346":{"start":{"line":1261,"column":10},"end":{"line":1263,"column":11}},"347":{"start":{"line":1262,"column":12},"end":{"line":1262,"column":54}},"348":{"start":{"line":1265,"column":30},"end":{"line":1265,"column":70}},"349":{"start":{"line":1266,"column":10},"end":{"line":1280,"column":11}},"350":{"start":{"line":1267,"column":12},"end":{"line":1267,"column":69}},"351":{"start":{"line":1268,"column":12},"end":{"line":1268,"column":47}},"352":{"start":{"line":1269,"column":12},"end":{"line":1277,"column":15}},"353":{"start":{"line":1279,"column":12},"end":{"line":1279,"column":44}},"354":{"start":{"line":1281,"column":10},"end":{"line":1281,"column":29}},"355":{"start":{"line":1284,"column":8},"end":{"line":1290,"column":9}},"356":{"start":{"line":1285,"column":10},"end":{"line":1289,"column":11}},"357":{"start":{"line":1286,"column":12},"end":{"line":1286,"column":35}},"358":{"start":{"line":1287,"column":12},"end":{"line":1287,"column":42}},"359":{"start":{"line":1288,"column":12},"end":{"line":1288,"column":18}},"360":{"start":{"line":1291,"column":8},"end":{"line":1301,"column":9}},"361":{"start":{"line":1292,"column":10},"end":{"line":1300,"column":12}},"362":{"start":{"line":1303,"column":8},"end":{"line":1333,"column":9}},"363":{"start":{"line":1304,"column":41},"end":{"line":1327,"column":11}},"364":{"start":{"line":1305,"column":32},"end":{"line":1305,"column":57}},"365":{"start":{"line":1306,"column":34},"end":{"line":1306,"column":43}},"366":{"start":{"line":1308,"column":12},"end":{"line":1319,"column":13}},"367":{"start":{"line":1309,"column":31},"end":{"line":1309,"column":55}},"368":{"start":{"line":1311,"column":14},"end":{"line":1314,"column":17}},"369":{"start":{"line":1316,"column":14},"end":{"line":1318,"column":15}},"370":{"start":{"line":1317,"column":16},"end":{"line":1317,"column":22}},"371":{"start":{"line":1321,"column":12},"end":{"line":1326,"column":13}},"372":{"start":{"line":1322,"column":14},"end":{"line":1325,"column":16}},"373":{"start":{"line":1328,"column":10},"end":{"line":1332,"column":11}},"374":{"start":{"line":1329,"column":12},"end":{"line":1329,"column":45}},"375":{"start":{"line":1331,"column":12},"end":{"line":1331,"column":67}},"376":{"start":{"line":1335,"column":8},"end":{"line":1335,"column":29}},"377":{"start":{"line":1336,"column":8},"end":{"line":1341,"column":11}},"378":{"start":{"line":1345,"column":4},"end":{"line":1354,"column":5}},"379":{"start":{"line":1346,"column":6},"end":{"line":1353,"column":9}},"380":{"start":{"line":1349,"column":78},"end":{"line":1352,"column":9}},"381":{"start":{"line":1355,"column":26},"end":{"line":1355,"column":63}},"382":{"start":{"line":1357,"column":4},"end":{"line":1361,"column":7}}},"fnMap":{"0":{"name":"(anonymous_0)","decl":{"start":{"line":46,"column":21},"end":{"line":46,"column":22}},"loc":{"start":{"line":46,"column":32},"end":{"line":54,"column":5}},"line":46},"1":{"name":"(anonymous_1)","decl":{"start":{"line":55,"column":15},"end":{"line":55,"column":16}},"loc":{"start":{"line":55,"column":41},"end":{"line":67,"column":3}},"line":55},"2":{"name":"(anonymous_2)","decl":{"start":{"line":73,"column":15},"end":{"line":73,"column":16}},"loc":{"start":{"line":73,"column":41},"end":{"line":137,"column":3}},"line":73},"3":{"name":"(anonymous_3)","decl":{"start":{"line":100,"column":10},"end":{"line":100,"column":11}},"loc":{"start":{"line":100,"column":22},"end":{"line":105,"column":5}},"line":100},"4":{"name":"(anonymous_4)","decl":{"start":{"line":141,"column":15},"end":{"line":141,"column":16}},"loc":{"start":{"line":141,"column":41},"end":{"line":161,"column":3}},"line":141},"5":{"name":"(anonymous_5)","decl":{"start":{"line":143,"column":52},"end":{"line":143,"column":53}},"loc":{"start":{"line":143,"column":65},"end":{"line":143,"column":68}},"line":143},"6":{"name":"(anonymous_6)","decl":{"start":{"line":163,"column":38},"end":{"line":163,"column":39}},"loc":{"start":{"line":163,"column":64},"end":{"line":227,"column":1}},"line":163},"7":{"name":"(anonymous_7)","decl":{"start":{"line":211,"column":4},"end":{"line":211,"column":5}},"loc":{"start":{"line":211,"column":30},"end":{"line":211,"column":59}},"line":211},"8":{"name":"(anonymous_8)","decl":{"start":{"line":215,"column":4},"end":{"line":215,"column":5}},"loc":{"start":{"line":215,"column":14},"end":{"line":215,"column":36}},"line":215},"9":{"name":"(anonymous_9)","decl":{"start":{"line":230,"column":24},"end":{"line":230,"column":25}},"loc":{"start":{"line":230,"column":50},"end":{"line":242,"column":3}},"line":230},"10":{"name":"(anonymous_10)","decl":{"start":{"line":246,"column":12},"end":{"line":246,"column":13}},"loc":{"start":{"line":246,"column":38},"end":{"line":256,"column":5}},"line":246},"11":{"name":"(anonymous_11)","decl":{"start":{"line":257,"column":15},"end":{"line":257,"column":16}},"loc":{"start":{"line":257,"column":41},"end":{"line":291,"column":3}},"line":257},"12":{"name":"(anonymous_12)","decl":{"start":{"line":259,"column":52},"end":{"line":259,"column":53}},"loc":{"start":{"line":259,"column":65},"end":{"line":261,"column":5}},"line":259},"13":{"name":"(anonymous_13)","decl":{"start":{"line":267,"column":35},"end":{"line":267,"column":36}},"loc":{"start":{"line":267,"column":56},"end":{"line":289,"column":5}},"line":267},"14":{"name":"(anonymous_14)","decl":{"start":{"line":282,"column":22},"end":{"line":282,"column":23}},"loc":{"start":{"line":282,"column":33},"end":{"line":288,"column":7}},"line":282},"15":{"name":"(anonymous_15)","decl":{"start":{"line":294,"column":40},"end":{"line":294,"column":41}},"loc":{"start":{"line":294,"column":66},"end":{"line":297,"column":1}},"line":294},"16":{"name":"(anonymous_16)","decl":{"start":{"line":301,"column":15},"end":{"line":301,"column":16}},"loc":{"start":{"line":301,"column":41},"end":{"line":322,"column":3}},"line":301},"17":{"name":"(anonymous_17)","decl":{"start":{"line":333,"column":15},"end":{"line":333,"column":16}},"loc":{"start":{"line":333,"column":41},"end":{"line":412,"column":3}},"line":333},"18":{"name":"(anonymous_18)","decl":{"start":{"line":337,"column":52},"end":{"line":337,"column":53}},"loc":{"start":{"line":337,"column":65},"end":{"line":337,"column":68}},"line":337},"19":{"name":"(anonymous_19)","decl":{"start":{"line":352,"column":37},"end":{"line":352,"column":38}},"loc":{"start":{"line":352,"column":59},"end":{"line":359,"column":5}},"line":352},"20":{"name":"(anonymous_20)","decl":{"start":{"line":416,"column":15},"end":{"line":416,"column":16}},"loc":{"start":{"line":416,"column":41},"end":{"line":444,"column":3}},"line":416},"21":{"name":"(anonymous_21)","decl":{"start":{"line":460,"column":15},"end":{"line":460,"column":16}},"loc":{"start":{"line":460,"column":41},"end":{"line":523,"column":3}},"line":460},"22":{"name":"(anonymous_22)","decl":{"start":{"line":463,"column":52},"end":{"line":463,"column":53}},"loc":{"start":{"line":463,"column":65},"end":{"line":463,"column":68}},"line":463},"23":{"name":"(anonymous_23)","decl":{"start":{"line":530,"column":12},"end":{"line":530,"column":13}},"loc":{"start":{"line":530,"column":32},"end":{"line":537,"column":5}},"line":530},"24":{"name":"(anonymous_24)","decl":{"start":{"line":542,"column":12},"end":{"line":542,"column":13}},"loc":{"start":{"line":542,"column":32},"end":{"line":549,"column":5}},"line":542},"25":{"name":"(anonymous_25)","decl":{"start":{"line":554,"column":15},"end":{"line":554,"column":16}},"loc":{"start":{"line":554,"column":41},"end":{"line":665,"column":3}},"line":554},"26":{"name":"(anonymous_26)","decl":{"start":{"line":556,"column":53},"end":{"line":556,"column":54}},"loc":{"start":{"line":556,"column":66},"end":{"line":556,"column":69}},"line":556},"27":{"name":"(anonymous_27)","decl":{"start":{"line":671,"column":15},"end":{"line":671,"column":16}},"loc":{"start":{"line":671,"column":41},"end":{"line":721,"column":3}},"line":671},"28":{"name":"(anonymous_28)","decl":{"start":{"line":691,"column":6},"end":{"line":691,"column":7}},"loc":{"start":{"line":691,"column":16},"end":{"line":691,"column":57}},"line":691},"29":{"name":"(anonymous_29)","decl":{"start":{"line":705,"column":27},"end":{"line":705,"column":28}},"loc":{"start":{"line":705,"column":39},"end":{"line":709,"column":5}},"line":705},"30":{"name":"(anonymous_30)","decl":{"start":{"line":726,"column":15},"end":{"line":726,"column":16}},"loc":{"start":{"line":726,"column":41},"end":{"line":731,"column":3}},"line":726},"31":{"name":"(anonymous_31)","decl":{"start":{"line":734,"column":36},"end":{"line":734,"column":37}},"loc":{"start":{"line":734,"column":62},"end":{"line":782,"column":1}},"line":734},"32":{"name":"(anonymous_32)","decl":{"start":{"line":774,"column":25},"end":{"line":774,"column":26}},"loc":{"start":{"line":774,"column":37},"end":{"line":778,"column":3}},"line":774},"33":{"name":"(anonymous_33)","decl":{"start":{"line":792,"column":15},"end":{"line":792,"column":16}},"loc":{"start":{"line":792,"column":41},"end":{"line":940,"column":3}},"line":792},"34":{"name":"(anonymous_34)","decl":{"start":{"line":796,"column":52},"end":{"line":796,"column":53}},"loc":{"start":{"line":796,"column":65},"end":{"line":796,"column":68}},"line":796},"35":{"name":"(anonymous_35)","decl":{"start":{"line":945,"column":15},"end":{"line":945,"column":16}},"loc":{"start":{"line":945,"column":41},"end":{"line":969,"column":3}},"line":945},"36":{"name":"(anonymous_36)","decl":{"start":{"line":993,"column":15},"end":{"line":993,"column":16}},"loc":{"start":{"line":993,"column":41},"end":{"line":1082,"column":3}},"line":993},"37":{"name":"(anonymous_37)","decl":{"start":{"line":1074,"column":6},"end":{"line":1074,"column":7}},"loc":{"start":{"line":1074,"column":22},"end":{"line":1074,"column":58}},"line":1074},"38":{"name":"(anonymous_38)","decl":{"start":{"line":1085,"column":44},"end":{"line":1085,"column":45}},"loc":{"start":{"line":1085,"column":70},"end":{"line":1111,"column":1}},"line":1085},"39":{"name":"(anonymous_39)","decl":{"start":{"line":1092,"column":24},"end":{"line":1092,"column":25}},"loc":{"start":{"line":1092,"column":49},"end":{"line":1107,"column":5}},"line":1092},"40":{"name":"(anonymous_40)","decl":{"start":{"line":1116,"column":15},"end":{"line":1116,"column":16}},"loc":{"start":{"line":1116,"column":41},"end":{"line":1134,"column":3}},"line":1116},"41":{"name":"(anonymous_41)","decl":{"start":{"line":1137,"column":41},"end":{"line":1137,"column":42}},"loc":{"start":{"line":1137,"column":67},"end":{"line":1150,"column":1}},"line":1137},"42":{"name":"(anonymous_42)","decl":{"start":{"line":1153,"column":15},"end":{"line":1153,"column":16}},"loc":{"start":{"line":1153,"column":41},"end":{"line":1209,"column":3}},"line":1153},"43":{"name":"(anonymous_43)","decl":{"start":{"line":1161,"column":40},"end":{"line":1161,"column":41}},"loc":{"start":{"line":1161,"column":53},"end":{"line":1205,"column":5}},"line":1161},"44":{"name":"(anonymous_44)","decl":{"start":{"line":1217,"column":15},"end":{"line":1217,"column":16}},"loc":{"start":{"line":1217,"column":41},"end":{"line":1362,"column":3}},"line":1217},"45":{"name":"(anonymous_45)","decl":{"start":{"line":1220,"column":52},"end":{"line":1220,"column":53}},"loc":{"start":{"line":1220,"column":65},"end":{"line":1220,"column":68}},"line":1220},"46":{"name":"(anonymous_46)","decl":{"start":{"line":1234,"column":48},"end":{"line":1234,"column":49}},"loc":{"start":{"line":1234,"column":61},"end":{"line":1343,"column":5}},"line":1234},"47":{"name":"(anonymous_47)","decl":{"start":{"line":1241,"column":28},"end":{"line":1241,"column":29}},"loc":{"start":{"line":1241,"column":46},"end":{"line":1282,"column":9}},"line":1241},"48":{"name":"(anonymous_48)","decl":{"start":{"line":1304,"column":41},"end":{"line":1304,"column":42}},"loc":{"start":{"line":1304,"column":52},"end":{"line":1327,"column":11}},"line":1304},"49":{"name":"(anonymous_49)","decl":{"start":{"line":1349,"column":59},"end":{"line":1349,"column":60}},"loc":{"start":{"line":1349,"column":78},"end":{"line":1352,"column":9}},"line":1349}},"branchMap":{"0":{"loc":{"start":{"line":49,"column":6},"end":{"line":53,"column":7}},"type":"if","locations":[{"start":{"line":49,"column":6},"end":{"line":53,"column":7}},{"start":{"line":51,"column":13},"end":{"line":53,"column":7}}],"line":49},"1":{"loc":{"start":{"line":88,"column":4},"end":{"line":91,"column":5}},"type":"if","locations":[{"start":{"line":88,"column":4},"end":{"line":91,"column":5}},{"start":{},"end":{}}],"line":88},"2":{"loc":{"start":{"line":145,"column":4},"end":{"line":147,"column":5}},"type":"if","locations":[{"start":{"line":145,"column":4},"end":{"line":147,"column":5}},{"start":{},"end":{}}],"line":145},"3":{"loc":{"start":{"line":232,"column":4},"end":{"line":234,"column":5}},"type":"if","locations":[{"start":{"line":232,"column":4},"end":{"line":234,"column":5}},{"start":{},"end":{}}],"line":232},"4":{"loc":{"start":{"line":236,"column":4},"end":{"line":238,"column":5}},"type":"if","locations":[{"start":{"line":236,"column":4},"end":{"line":238,"column":5}},{"start":{},"end":{}}],"line":236},"5":{"loc":{"start":{"line":247,"column":6},"end":{"line":253,"column":7}},"type":"if","locations":[{"start":{"line":247,"column":6},"end":{"line":253,"column":7}},{"start":{},"end":{}}],"line":247},"6":{"loc":{"start":{"line":250,"column":8},"end":{"line":252,"column":9}},"type":"if","locations":[{"start":{"line":250,"column":8},"end":{"line":252,"column":9}},{"start":{},"end":{}}],"line":250},"7":{"loc":{"start":{"line":263,"column":4},"end":{"line":265,"column":5}},"type":"if","locations":[{"start":{"line":263,"column":4},"end":{"line":265,"column":5}},{"start":{},"end":{}}],"line":263},"8":{"loc":{"start":{"line":268,"column":6},"end":{"line":270,"column":7}},"type":"if","locations":[{"start":{"line":268,"column":6},"end":{"line":270,"column":7}},{"start":{},"end":{}}],"line":268},"9":{"loc":{"start":{"line":272,"column":6},"end":{"line":276,"column":7}},"type":"if","locations":[{"start":{"line":272,"column":6},"end":{"line":276,"column":7}},{"start":{},"end":{}}],"line":272},"10":{"loc":{"start":{"line":277,"column":6},"end":{"line":281,"column":7}},"type":"if","locations":[{"start":{"line":277,"column":6},"end":{"line":281,"column":7}},{"start":{},"end":{}}],"line":277},"11":{"loc":{"start":{"line":283,"column":8},"end":{"line":285,"column":9}},"type":"if","locations":[{"start":{"line":283,"column":8},"end":{"line":285,"column":9}},{"start":{},"end":{}}],"line":283},"12":{"loc":{"start":{"line":312,"column":4},"end":{"line":314,"column":5}},"type":"if","locations":[{"start":{"line":312,"column":4},"end":{"line":314,"column":5}},{"start":{},"end":{}}],"line":312},"13":{"loc":{"start":{"line":315,"column":4},"end":{"line":319,"column":5}},"type":"if","locations":[{"start":{"line":315,"column":4},"end":{"line":319,"column":5}},{"start":{},"end":{}}],"line":315},"14":{"loc":{"start":{"line":339,"column":4},"end":{"line":341,"column":5}},"type":"if","locations":[{"start":{"line":339,"column":4},"end":{"line":341,"column":5}},{"start":{},"end":{}}],"line":339},"15":{"loc":{"start":{"line":339,"column":8},"end":{"line":339,"column":37}},"type":"binary-expr","locations":[{"start":{"line":339,"column":8},"end":{"line":339,"column":25}},{"start":{"line":339,"column":29},"end":{"line":339,"column":37}}],"line":339},"16":{"loc":{"start":{"line":371,"column":4},"end":{"line":382,"column":5}},"type":"if","locations":[{"start":{"line":371,"column":4},"end":{"line":382,"column":5}},{"start":{},"end":{}}],"line":371},"17":{"loc":{"start":{"line":419,"column":4},"end":{"line":431,"column":5}},"type":"if","locations":[{"start":{"line":419,"column":4},"end":{"line":431,"column":5}},{"start":{"line":425,"column":11},"end":{"line":431,"column":5}}],"line":419},"18":{"loc":{"start":{"line":435,"column":4},"end":{"line":443,"column":5}},"type":"if","locations":[{"start":{"line":435,"column":4},"end":{"line":443,"column":5}},{"start":{"line":437,"column":11},"end":{"line":443,"column":5}}],"line":435},"19":{"loc":{"start":{"line":464,"column":4},"end":{"line":466,"column":5}},"type":"if","locations":[{"start":{"line":464,"column":4},"end":{"line":466,"column":5}},{"start":{},"end":{}}],"line":464},"20":{"loc":{"start":{"line":473,"column":4},"end":{"line":475,"column":5}},"type":"if","locations":[{"start":{"line":473,"column":4},"end":{"line":475,"column":5}},{"start":{},"end":{}}],"line":473},"21":{"loc":{"start":{"line":486,"column":4},"end":{"line":506,"column":5}},"type":"if","locations":[{"start":{"line":486,"column":4},"end":{"line":506,"column":5}},{"start":{},"end":{}}],"line":486},"22":{"loc":{"start":{"line":492,"column":6},"end":{"line":494,"column":7}},"type":"if","locations":[{"start":{"line":492,"column":6},"end":{"line":494,"column":7}},{"start":{},"end":{}}],"line":492},"23":{"loc":{"start":{"line":531,"column":6},"end":{"line":535,"column":7}},"type":"if","locations":[{"start":{"line":531,"column":6},"end":{"line":535,"column":7}},{"start":{},"end":{}}],"line":531},"24":{"loc":{"start":{"line":532,"column":8},"end":{"line":534,"column":9}},"type":"if","locations":[{"start":{"line":532,"column":8},"end":{"line":534,"column":9}},{"start":{},"end":{}}],"line":532},"25":{"loc":{"start":{"line":543,"column":6},"end":{"line":547,"column":7}},"type":"if","locations":[{"start":{"line":543,"column":6},"end":{"line":547,"column":7}},{"start":{},"end":{}}],"line":543},"26":{"loc":{"start":{"line":544,"column":8},"end":{"line":546,"column":9}},"type":"if","locations":[{"start":{"line":544,"column":8},"end":{"line":546,"column":9}},{"start":{},"end":{}}],"line":544},"27":{"loc":{"start":{"line":558,"column":4},"end":{"line":560,"column":5}},"type":"if","locations":[{"start":{"line":558,"column":4},"end":{"line":560,"column":5}},{"start":{},"end":{}}],"line":558},"28":{"loc":{"start":{"line":563,"column":4},"end":{"line":601,"column":5}},"type":"if","locations":[{"start":{"line":563,"column":4},"end":{"line":601,"column":5}},{"start":{},"end":{}}],"line":563},"29":{"loc":{"start":{"line":602,"column":4},"end":{"line":631,"column":5}},"type":"if","locations":[{"start":{"line":602,"column":4},"end":{"line":631,"column":5}},{"start":{},"end":{}}],"line":602},"30":{"loc":{"start":{"line":613,"column":6},"end":{"line":620,"column":7}},"type":"if","locations":[{"start":{"line":613,"column":6},"end":{"line":620,"column":7}},{"start":{},"end":{}}],"line":613},"31":{"loc":{"start":{"line":633,"column":4},"end":{"line":662,"column":5}},"type":"if","locations":[{"start":{"line":633,"column":4},"end":{"line":662,"column":5}},{"start":{},"end":{}}],"line":633},"32":{"loc":{"start":{"line":644,"column":6},"end":{"line":651,"column":7}},"type":"if","locations":[{"start":{"line":644,"column":6},"end":{"line":651,"column":7}},{"start":{},"end":{}}],"line":644},"33":{"loc":{"start":{"line":675,"column":4},"end":{"line":677,"column":5}},"type":"if","locations":[{"start":{"line":675,"column":4},"end":{"line":677,"column":5}},{"start":{},"end":{}}],"line":675},"34":{"loc":{"start":{"line":675,"column":8},"end":{"line":675,"column":48}},"type":"binary-expr","locations":[{"start":{"line":675,"column":8},"end":{"line":675,"column":22}},{"start":{"line":675,"column":26},"end":{"line":675,"column":48}}],"line":675},"35":{"loc":{"start":{"line":687,"column":4},"end":{"line":689,"column":5}},"type":"if","locations":[{"start":{"line":687,"column":4},"end":{"line":689,"column":5}},{"start":{},"end":{}}],"line":687},"36":{"loc":{"start":{"line":694,"column":4},"end":{"line":703,"column":5}},"type":"if","locations":[{"start":{"line":694,"column":4},"end":{"line":703,"column":5}},{"start":{},"end":{}}],"line":694},"37":{"loc":{"start":{"line":753,"column":2},"end":{"line":762,"column":3}},"type":"if","locations":[{"start":{"line":753,"column":2},"end":{"line":762,"column":3}},{"start":{},"end":{}}],"line":753},"38":{"loc":{"start":{"line":798,"column":4},"end":{"line":808,"column":5}},"type":"if","locations":[{"start":{"line":798,"column":4},"end":{"line":808,"column":5}},{"start":{},"end":{}}],"line":798},"39":{"loc":{"start":{"line":931,"column":23},"end":{"line":931,"column":67}},"type":"binary-expr","locations":[{"start":{"line":931,"column":23},"end":{"line":931,"column":62}},{"start":{"line":931,"column":66},"end":{"line":931,"column":67}}],"line":931},"40":{"loc":{"start":{"line":950,"column":4},"end":{"line":952,"column":5}},"type":"if","locations":[{"start":{"line":950,"column":4},"end":{"line":952,"column":5}},{"start":{},"end":{}}],"line":950},"41":{"loc":{"start":{"line":1035,"column":4},"end":{"line":1043,"column":5}},"type":"if","locations":[{"start":{"line":1035,"column":4},"end":{"line":1043,"column":5}},{"start":{},"end":{}}],"line":1035},"42":{"loc":{"start":{"line":1045,"column":4},"end":{"line":1047,"column":5}},"type":"if","locations":[{"start":{"line":1045,"column":4},"end":{"line":1047,"column":5}},{"start":{},"end":{}}],"line":1045},"43":{"loc":{"start":{"line":1049,"column":4},"end":{"line":1059,"column":5}},"type":"if","locations":[{"start":{"line":1049,"column":4},"end":{"line":1059,"column":5}},{"start":{},"end":{}}],"line":1049},"44":{"loc":{"start":{"line":1061,"column":4},"end":{"line":1063,"column":5}},"type":"if","locations":[{"start":{"line":1061,"column":4},"end":{"line":1063,"column":5}},{"start":{},"end":{}}],"line":1061},"45":{"loc":{"start":{"line":1064,"column":4},"end":{"line":1067,"column":5}},"type":"if","locations":[{"start":{"line":1064,"column":4},"end":{"line":1067,"column":5}},{"start":{},"end":{}}],"line":1064},"46":{"loc":{"start":{"line":1092,"column":5},"end":{"line":1092,"column":17}},"type":"binary-expr","locations":[{"start":{"line":1092,"column":5},"end":{"line":1092,"column":11}},{"start":{"line":1092,"column":15},"end":{"line":1092,"column":17}}],"line":1092},"47":{"loc":{"start":{"line":1165,"column":6},"end":{"line":1167,"column":7}},"type":"if","locations":[{"start":{"line":1165,"column":6},"end":{"line":1167,"column":7}},{"start":{},"end":{}}],"line":1165},"48":{"loc":{"start":{"line":1169,"column":6},"end":{"line":1171,"column":7}},"type":"if","locations":[{"start":{"line":1169,"column":6},"end":{"line":1171,"column":7}},{"start":{},"end":{}}],"line":1169},"49":{"loc":{"start":{"line":1173,"column":6},"end":{"line":1182,"column":7}},"type":"if","locations":[{"start":{"line":1173,"column":6},"end":{"line":1182,"column":7}},{"start":{},"end":{}}],"line":1173},"50":{"loc":{"start":{"line":1174,"column":8},"end":{"line":1181,"column":9}},"type":"if","locations":[{"start":{"line":1174,"column":8},"end":{"line":1181,"column":9}},{"start":{"line":1179,"column":15},"end":{"line":1181,"column":9}}],"line":1174},"51":{"loc":{"start":{"line":1184,"column":6},"end":{"line":1192,"column":7}},"type":"if","locations":[{"start":{"line":1184,"column":6},"end":{"line":1192,"column":7}},{"start":{},"end":{}}],"line":1184},"52":{"loc":{"start":{"line":1187,"column":8},"end":{"line":1191,"column":9}},"type":"if","locations":[{"start":{"line":1187,"column":8},"end":{"line":1191,"column":9}},{"start":{"line":1189,"column":15},"end":{"line":1191,"column":9}}],"line":1187},"53":{"loc":{"start":{"line":1194,"column":6},"end":{"line":1196,"column":7}},"type":"if","locations":[{"start":{"line":1194,"column":6},"end":{"line":1196,"column":7}},{"start":{},"end":{}}],"line":1194},"54":{"loc":{"start":{"line":1222,"column":4},"end":{"line":1225,"column":5}},"type":"if","locations":[{"start":{"line":1222,"column":4},"end":{"line":1225,"column":5}},{"start":{},"end":{}}],"line":1222},"55":{"loc":{"start":{"line":1242,"column":44},"end":{"line":1242,"column":61}},"type":"binary-expr","locations":[{"start":{"line":1242,"column":44},"end":{"line":1242,"column":56}},{"start":{"line":1242,"column":60},"end":{"line":1242,"column":61}}],"line":1242},"56":{"loc":{"start":{"line":1243,"column":41},"end":{"line":1243,"column":52}},"type":"binary-expr","locations":[{"start":{"line":1243,"column":41},"end":{"line":1243,"column":47}},{"start":{"line":1243,"column":51},"end":{"line":1243,"column":52}}],"line":1243},"57":{"loc":{"start":{"line":1245,"column":10},"end":{"line":1247,"column":11}},"type":"if","locations":[{"start":{"line":1245,"column":10},"end":{"line":1247,"column":11}},{"start":{},"end":{}}],"line":1245},"58":{"loc":{"start":{"line":1249,"column":10},"end":{"line":1251,"column":11}},"type":"if","locations":[{"start":{"line":1249,"column":10},"end":{"line":1251,"column":11}},{"start":{},"end":{}}],"line":1249},"59":{"loc":{"start":{"line":1253,"column":10},"end":{"line":1255,"column":11}},"type":"if","locations":[{"start":{"line":1253,"column":10},"end":{"line":1255,"column":11}},{"start":{},"end":{}}],"line":1253},"60":{"loc":{"start":{"line":1257,"column":10},"end":{"line":1259,"column":11}},"type":"if","locations":[{"start":{"line":1257,"column":10},"end":{"line":1259,"column":11}},{"start":{},"end":{}}],"line":1257},"61":{"loc":{"start":{"line":1261,"column":10},"end":{"line":1263,"column":11}},"type":"if","locations":[{"start":{"line":1261,"column":10},"end":{"line":1263,"column":11}},{"start":{},"end":{}}],"line":1261},"62":{"loc":{"start":{"line":1266,"column":10},"end":{"line":1280,"column":11}},"type":"if","locations":[{"start":{"line":1266,"column":10},"end":{"line":1280,"column":11}},{"start":{"line":1278,"column":17},"end":{"line":1280,"column":11}}],"line":1266},"63":{"loc":{"start":{"line":1266,"column":14},"end":{"line":1266,"column":53}},"type":"binary-expr","locations":[{"start":{"line":1266,"column":14},"end":{"line":1266,"column":32}},{"start":{"line":1266,"column":36},"end":{"line":1266,"column":53}}],"line":1266},"64":{"loc":{"start":{"line":1274,"column":16},"end":{"line":1276,"column":40}},"type":"cond-expr","locations":[{"start":{"line":1275,"column":20},"end":{"line":1275,"column":42}},{"start":{"line":1276,"column":20},"end":{"line":1276,"column":40}}],"line":1274},"65":{"loc":{"start":{"line":1285,"column":10},"end":{"line":1289,"column":11}},"type":"if","locations":[{"start":{"line":1285,"column":10},"end":{"line":1289,"column":11}},{"start":{},"end":{}}],"line":1285},"66":{"loc":{"start":{"line":1291,"column":8},"end":{"line":1301,"column":9}},"type":"if","locations":[{"start":{"line":1291,"column":8},"end":{"line":1301,"column":9}},{"start":{},"end":{}}],"line":1291},"67":{"loc":{"start":{"line":1291,"column":12},"end":{"line":1291,"column":63}},"type":"binary-expr","locations":[{"start":{"line":1291,"column":12},"end":{"line":1291,"column":28}},{"start":{"line":1291,"column":32},"end":{"line":1291,"column":63}}],"line":1291},"68":{"loc":{"start":{"line":1303,"column":8},"end":{"line":1333,"column":9}},"type":"if","locations":[{"start":{"line":1303,"column":8},"end":{"line":1333,"column":9}},{"start":{},"end":{}}],"line":1303},"69":{"loc":{"start":{"line":1316,"column":14},"end":{"line":1318,"column":15}},"type":"if","locations":[{"start":{"line":1316,"column":14},"end":{"line":1318,"column":15}},{"start":{},"end":{}}],"line":1316},"70":{"loc":{"start":{"line":1316,"column":18},"end":{"line":1316,"column":51}},"type":"binary-expr","locations":[{"start":{"line":1316,"column":18},"end":{"line":1316,"column":33}},{"start":{"line":1316,"column":37},"end":{"line":1316,"column":51}}],"line":1316},"71":{"loc":{"start":{"line":1321,"column":12},"end":{"line":1326,"column":13}},"type":"if","locations":[{"start":{"line":1321,"column":12},"end":{"line":1326,"column":13}},{"start":{},"end":{}}],"line":1321},"72":{"loc":{"start":{"line":1328,"column":10},"end":{"line":1332,"column":11}},"type":"if","locations":[{"start":{"line":1328,"column":10},"end":{"line":1332,"column":11}},{"start":{"line":1330,"column":17},"end":{"line":1332,"column":11}}],"line":1328},"73":{"loc":{"start":{"line":1345,"column":4},"end":{"line":1354,"column":5}},"type":"if","locations":[{"start":{"line":1345,"column":4},"end":{"line":1354,"column":5}},{"start":{},"end":{}}],"line":1345}},"s":{"0":1,"1":1,"2":1,"3":1,"4":1,"5":0,"6":0,"7":0,"8":0,"9":0,"10":0,"11":0,"12":0,"13":1,"14":0,"15":0,"16":0,"17":0,"18":0,"19":0,"20":0,"21":0,"22":0,"23":0,"24":0,"25":0,"26":0,"27":0,"28":0,"29":1,"30":0,"31":0,"32":0,"33":0,"34":0,"35":0,"36":0,"37":0,"38":1,"39":0,"40":0,"41":0,"42":0,"43":0,"44":0,"45":0,"46":0,"47":0,"48":1,"49":0,"50":0,"51":0,"52":0,"53":0,"54":0,"55":0,"56":0,"57":0,"58":0,"59":0,"60":0,"61":0,"62":0,"63":0,"64":0,"65":0,"66":0,"67":0,"68":0,"69":0,"70":0,"71":0,"72":0,"73":0,"74":0,"75":0,"76":0,"77":0,"78":1,"79":0,"80":0,"81":1,"82":0,"83":0,"84":0,"85":0,"86":0,"87":0,"88":0,"89":0,"90":1,"91":0,"92":0,"93":0,"94":0,"95":0,"96":0,"97":0,"98":0,"99":0,"100":0,"101":0,"102":0,"103":0,"104":0,"105":0,"106":0,"107":0,"108":0,"109":0,"110":0,"111":0,"112":0,"113":0,"114":0,"115":0,"116":0,"117":0,"118":1,"119":0,"120":0,"121":0,"122":0,"123":0,"124":0,"125":0,"126":1,"127":0,"128":0,"129":0,"130":0,"131":0,"132":0,"133":0,"134":0,"135":0,"136":0,"137":0,"138":0,"139":0,"140":0,"141":0,"142":0,"143":0,"144":0,"145":0,"146":0,"147":0,"148":0,"149":0,"150":1,"151":0,"152":0,"153":0,"154":0,"155":0,"156":0,"157":0,"158":0,"159":0,"160":0,"161":0,"162":0,"163":0,"164":0,"165":0,"166":0,"167":0,"168":0,"169":0,"170":0,"171":0,"172":0,"173":0,"174":0,"175":0,"176":0,"177":0,"178":0,"179":0,"180":0,"181":0,"182":0,"183":0,"184":0,"185":0,"186":0,"187":0,"188":0,"189":0,"190":0,"191":0,"192":1,"193":0,"194":0,"195":0,"196":0,"197":0,"198":0,"199":0,"200":0,"201":0,"202":0,"203":0,"204":0,"205":0,"206":0,"207":0,"208":0,"209":0,"210":0,"211":1,"212":0,"213":0,"214":0,"215":1,"216":0,"217":0,"218":0,"219":0,"220":0,"221":0,"222":0,"223":0,"224":0,"225":0,"226":0,"227":1,"228":0,"229":0,"230":0,"231":0,"232":0,"233":0,"234":0,"235":0,"236":0,"237":0,"238":0,"239":0,"240":0,"241":0,"242":0,"243":1,"244":0,"245":0,"246":0,"247":0,"248":0,"249":0,"250":1,"251":0,"252":0,"253":0,"254":0,"255":0,"256":0,"257":0,"258":0,"259":0,"260":0,"261":0,"262":0,"263":0,"264":0,"265":0,"266":0,"267":0,"268":0,"269":0,"270":0,"271":0,"272":0,"273":0,"274":0,"275":1,"276":0,"277":0,"278":0,"279":0,"280":0,"281":0,"282":0,"283":1,"284":0,"285":0,"286":0,"287":0,"288":0,"289":1,"290":0,"291":0,"292":0,"293":0,"294":1,"295":0,"296":0,"297":0,"298":0,"299":0,"300":0,"301":0,"302":0,"303":0,"304":0,"305":0,"306":0,"307":0,"308":0,"309":0,"310":0,"311":0,"312":0,"313":0,"314":0,"315":0,"316":0,"317":0,"318":0,"319":0,"320":1,"321":0,"322":0,"323":0,"324":0,"325":0,"326":0,"327":0,"328":0,"329":0,"330":0,"331":0,"332":0,"333":0,"334":0,"335":0,"336":0,"337":0,"338":0,"339":0,"340":0,"341":0,"342":0,"343":0,"344":0,"345":0,"346":0,"347":0,"348":0,"349":0,"350":0,"351":0,"352":0,"353":0,"354":0,"355":0,"356":0,"357":0,"358":0,"359":0,"360":0,"361":0,"362":0,"363":0,"364":0,"365":0,"366":0,"367":0,"368":0,"369":0,"370":0,"371":0,"372":0,"373":0,"374":0,"375":0,"376":0,"377":0,"378":0,"379":0,"380":0,"381":0,"382":0},"f":{"0":0,"1":0,"2":0,"3":0,"4":0,"5":0,"6":0,"7":0,"8":0,"9":0,"10":0,"11":0,"12":0,"13":0,"14":0,"15":0,"16":0,"17":0,"18":0,"19":0,"20":0,"21":0,"22":0,"23":0,"24":0,"25":0,"26":0,"27":0,"28":0,"29":0,"30":0,"31":0,"32":0,"33":0,"34":0,"35":0,"36":0,"37":0,"38":0,"39":0,"40":0,"41":0,"42":0,"43":0,"44":0,"45":0,"46":0,"47":0,"48":0,"49":0},"b":{"0":[0,0],"1":[0,0],"2":[0,0],"3":[0,0],"4":[0,0],"5":[0,0],"6":[0,0],"7":[0,0],"8":[0,0],"9":[0,0],"10":[0,0],"11":[0,0],"12":[0,0],"13":[0,0],"14":[0,0],"15":[0,0],"16":[0,0],"17":[0,0],"18":[0,0],"19":[0,0],"20":[0,0],"21":[0,0],"22":[0,0],"23":[0,0],"24":[0,0],"25":[0,0],"26":[0,0],"27":[0,0],"28":[0,0],"29":[0,0],"30":[0,0],"31":[0,0],"32":[0,0],"33":[0,0],"34":[0,0],"35":[0,0],"36":[0,0],"37":[0,0],"38":[0,0],"39":[0,0],"40":[0,0],"41":[0,0],"42":[0,0],"43":[0,0],"44":[0,0],"45":[0,0],"46":[0,0],"47":[0,0],"48":[0,0],"49":[0,0],"50":[0,0],"51":[0,0],"52":[0,0],"53":[0,0],"54":[0,0],"55":[0,0],"56":[0,0],"57":[0,0],"58":[0,0],"59":[0,0],"60":[0,0],"61":[0,0],"62":[0,0],"63":[0,0],"64":[0,0],"65":[0,0],"66":[0,0],"67":[0,0],"68":[0,0],"69":[0,0],"70":[0,0],"71":[0,0],"72":[0,0],"73":[0,0]},"_coverageSchema":"1a1c01bbd47fc00a2c39e90264f33305004495a9","hash":"ace906167733108def384df38c3080664cf1c9e5"}
,"C:\\Users\\kevin\\OneDrive\\Desktop\\repos\\eccomerce\\server\\Controllers\\cartController.js": {"path":"C:\\Users\\kevin\\OneDrive\\Desktop\\repos\\eccomerce\\server\\Controllers\\cartController.js","statementMap":{"0":{"start":{"line":10,"column":23},"end":{"line":14,"column":3}},"1":{"start":{"line":16,"column":20},"end":{"line":33,"column":3}},"2":{"start":{"line":17,"column":4},"end":{"line":32,"column":6}},"3":{"start":{"line":20,"column":8},"end":{"line":30,"column":9}},"4":{"start":{"line":21,"column":23},"end":{"line":21,"column":66}},"5":{"start":{"line":22,"column":10},"end":{"line":22,"column":35}},"6":{"start":{"line":23,"column":10},"end":{"line":23,"column":17}},"7":{"start":{"line":25,"column":23},"end":{"line":25,"column":45}},"8":{"start":{"line":26,"column":10},"end":{"line":26,"column":32}},"9":{"start":{"line":27,"column":10},"end":{"line":27,"column":35}},"10":{"start":{"line":29,"column":10},"end":{"line":29,"column":17}},"11":{"start":{"line":34,"column":25},"end":{"line":43,"column":3}},"12":{"start":{"line":36,"column":23},"end":{"line":36,"column":51}},"13":{"start":{"line":37,"column":6},"end":{"line":37,"column":38}},"14":{"start":{"line":38,"column":6},"end":{"line":41,"column":9}},"15":{"start":{"line":45,"column":25},"end":{"line":58,"column":3}},"16":{"start":{"line":48,"column":21},"end":{"line":48,"column":31}},"17":{"start":{"line":50,"column":23},"end":{"line":54,"column":7}},"18":{"start":{"line":56,"column":6},"end":{"line":56,"column":25}},"19":{"start":{"line":60,"column":27},"end":{"line":94,"column":3}},"20":{"start":{"line":63,"column":21},"end":{"line":63,"column":31}},"21":{"start":{"line":65,"column":21},"end":{"line":65,"column":42}},"22":{"start":{"line":66,"column":22},"end":{"line":66,"column":74}},"23":{"start":{"line":68,"column":6},"end":{"line":72,"column":7}},"24":{"start":{"line":69,"column":23},"end":{"line":69,"column":45}},"25":{"start":{"line":71,"column":8},"end":{"line":71,"column":44}},"26":{"start":{"line":74,"column":6},"end":{"line":76,"column":7}},"27":{"start":{"line":75,"column":8},"end":{"line":75,"column":33}},"28":{"start":{"line":78,"column":19},"end":{"line":85,"column":8}},"29":{"start":{"line":87,"column":6},"end":{"line":87,"column":33}},"30":{"start":{"line":88,"column":23},"end":{"line":91,"column":7}},"31":{"start":{"line":92,"column":6},"end":{"line":92,"column":25}},"32":{"start":{"line":96,"column":29},"end":{"line":110,"column":3}},"33":{"start":{"line":99,"column":29},"end":{"line":99,"column":38}},"34":{"start":{"line":101,"column":23},"end":{"line":105,"column":7}},"35":{"start":{"line":108,"column":6},"end":{"line":108,"column":54}},"36":{"start":{"line":112,"column":24},"end":{"line":162,"column":3}},"37":{"start":{"line":115,"column":31},"end":{"line":115,"column":39}},"38":{"start":{"line":117,"column":6},"end":{"line":117,"column":26}},"39":{"start":{"line":119,"column":22},"end":{"line":130,"column":7}},"40":{"start":{"line":131,"column":26},"end":{"line":131,"column":54}},"41":{"start":{"line":132,"column":6},"end":{"line":144,"column":7}},"42":{"start":{"line":133,"column":8},"end":{"line":141,"column":10}},"43":{"start":{"line":143,"column":8},"end":{"line":143,"column":56}},"44":{"start":{"line":146,"column":6},"end":{"line":157,"column":8}},"45":{"start":{"line":160,"column":6},"end":{"line":160,"column":54}},"46":{"start":{"line":164,"column":25},"end":{"line":190,"column":3}},"47":{"start":{"line":167,"column":46},"end":{"line":167,"column":54}},"48":{"start":{"line":169,"column":18},"end":{"line":169,"column":20}},"49":{"start":{"line":171,"column":6},"end":{"line":173,"column":7}},"50":{"start":{"line":172,"column":8},"end":{"line":172,"column":63}},"51":{"start":{"line":174,"column":23},"end":{"line":185,"column":7}},"52":{"start":{"line":188,"column":6},"end":{"line":188,"column":54}},"53":{"start":{"line":192,"column":28},"end":{"line":216,"column":3}},"54":{"start":{"line":213,"column":6},"end":{"line":213,"column":34}},"55":{"start":{"line":218,"column":2},"end":{"line":226,"column":4}}},"fnMap":{"0":{"name":"generateModelSchemaRoute","decl":{"start":{"line":9,"column":24},"end":{"line":9,"column":48}},"loc":{"start":{"line":9,"column":63},"end":{"line":227,"column":1}},"line":9},"1":{"name":"(anonymous_1)","decl":{"start":{"line":16,"column":20},"end":{"line":16,"column":21}},"loc":{"start":{"line":16,"column":40},"end":{"line":33,"column":3}},"line":16},"2":{"name":"(anonymous_2)","decl":{"start":{"line":19,"column":19},"end":{"line":19,"column":20}},"loc":{"start":{"line":19,"column":45},"end":{"line":31,"column":7}},"line":19},"3":{"name":"(anonymous_3)","decl":{"start":{"line":35,"column":17},"end":{"line":35,"column":18}},"loc":{"start":{"line":35,"column":43},"end":{"line":42,"column":5}},"line":35},"4":{"name":"(anonymous_4)","decl":{"start":{"line":47,"column":17},"end":{"line":47,"column":18}},"loc":{"start":{"line":47,"column":43},"end":{"line":57,"column":5}},"line":47},"5":{"name":"(anonymous_5)","decl":{"start":{"line":62,"column":17},"end":{"line":62,"column":18}},"loc":{"start":{"line":62,"column":43},"end":{"line":93,"column":5}},"line":62},"6":{"name":"(anonymous_6)","decl":{"start":{"line":98,"column":17},"end":{"line":98,"column":18}},"loc":{"start":{"line":98,"column":43},"end":{"line":109,"column":5}},"line":98},"7":{"name":"(anonymous_7)","decl":{"start":{"line":114,"column":17},"end":{"line":114,"column":18}},"loc":{"start":{"line":114,"column":43},"end":{"line":161,"column":5}},"line":114},"8":{"name":"(anonymous_8)","decl":{"start":{"line":166,"column":17},"end":{"line":166,"column":18}},"loc":{"start":{"line":166,"column":43},"end":{"line":189,"column":5}},"line":166},"9":{"name":"(anonymous_9)","decl":{"start":{"line":193,"column":17},"end":{"line":193,"column":18}},"loc":{"start":{"line":193,"column":43},"end":{"line":215,"column":5}},"line":193}},"branchMap":{"0":{"loc":{"start":{"line":16,"column":21},"end":{"line":16,"column":35}},"type":"default-arg","locations":[{"start":{"line":16,"column":29},"end":{"line":16,"column":35}}],"line":16},"1":{"loc":{"start":{"line":68,"column":6},"end":{"line":72,"column":7}},"type":"if","locations":[{"start":{"line":68,"column":6},"end":{"line":72,"column":7}},{"start":{},"end":{}}],"line":68},"2":{"loc":{"start":{"line":74,"column":6},"end":{"line":76,"column":7}},"type":"if","locations":[{"start":{"line":74,"column":6},"end":{"line":76,"column":7}},{"start":{},"end":{}}],"line":74},"3":{"loc":{"start":{"line":132,"column":6},"end":{"line":144,"column":7}},"type":"if","locations":[{"start":{"line":132,"column":6},"end":{"line":144,"column":7}},{"start":{},"end":{}}],"line":132},"4":{"loc":{"start":{"line":171,"column":6},"end":{"line":173,"column":7}},"type":"if","locations":[{"start":{"line":171,"column":6},"end":{"line":173,"column":7}},{"start":{},"end":{}}],"line":171},"5":{"loc":{"start":{"line":179,"column":11},"end":{"line":179,"column":52}},"type":"cond-expr","locations":[{"start":{"line":179,"column":20},"end":{"line":179,"column":41}},{"start":{"line":179,"column":44},"end":{"line":179,"column":52}}],"line":179}},"s":{"0":2,"1":2,"2":10,"3":0,"4":0,"5":0,"6":0,"7":0,"8":0,"9":0,"10":0,"11":2,"12":0,"13":0,"14":0,"15":2,"16":0,"17":0,"18":0,"19":2,"20":0,"21":0,"22":0,"23":0,"24":0,"25":0,"26":0,"27":0,"28":0,"29":0,"30":0,"31":0,"32":2,"33":0,"34":0,"35":0,"36":2,"37":0,"38":0,"39":0,"40":0,"41":0,"42":0,"43":0,"44":0,"45":0,"46":2,"47":0,"48":0,"49":0,"50":0,"51":0,"52":0,"53":2,"54":0,"55":2},"f":{"0":2,"1":10,"2":0,"3":0,"4":0,"5":0,"6":0,"7":0,"8":0,"9":0},"b":{"0":[4],"1":[0,0],"2":[0,0],"3":[0,0],"4":[0,0],"5":[0,0]},"_coverageSchema":"1a1c01bbd47fc00a2c39e90264f33305004495a9","hash":"fe22a5f0e021931634ac42386b8945b9954c0065"}
,"C:\\Users\\kevin\\OneDrive\\Desktop\\repos\\eccomerce\\server\\Controllers\\categoryController.js": {"path":"C:\\Users\\kevin\\OneDrive\\Desktop\\repos\\eccomerce\\server\\Controllers\\categoryController.js","statementMap":{"0":{"start":{"line":6,"column":15},"end":{"line":6,"column":31}},"1":{"start":{"line":8,"column":32},"end":{"line":66,"column":2}},"2":{"start":{"line":11,"column":24},"end":{"line":64,"column":4}},"3":{"start":{"line":65,"column":2},"end":{"line":65,"column":26}},"4":{"start":{"line":68,"column":34},"end":{"line":79,"column":2}},"5":{"start":{"line":69,"column":19},"end":{"line":69,"column":29}},"6":{"start":{"line":70,"column":17},"end":{"line":72,"column":11}},"7":{"start":{"line":74,"column":2},"end":{"line":78,"column":3}},"8":{"start":{"line":75,"column":4},"end":{"line":75,"column":21}},"9":{"start":{"line":77,"column":4},"end":{"line":77,"column":72}},"10":{"start":{"line":81,"column":49},"end":{"line":120,"column":1}},"11":{"start":{"line":83,"column":29},"end":{"line":83,"column":39}},"12":{"start":{"line":85,"column":27},"end":{"line":116,"column":6}},"13":{"start":{"line":118,"column":4},"end":{"line":118,"column":41}},"14":{"start":{"line":122,"column":30},"end":{"line":130,"column":2}},"15":{"start":{"line":123,"column":25},"end":{"line":127,"column":3}},"16":{"start":{"line":129,"column":2},"end":{"line":129,"column":27}}},"fnMap":{"0":{"name":"(anonymous_0)","decl":{"start":{"line":8,"column":45},"end":{"line":8,"column":46}},"loc":{"start":{"line":8,"column":71},"end":{"line":66,"column":1}},"line":8},"1":{"name":"(anonymous_1)","decl":{"start":{"line":68,"column":47},"end":{"line":68,"column":48}},"loc":{"start":{"line":68,"column":73},"end":{"line":79,"column":1}},"line":68},"2":{"name":"(anonymous_2)","decl":{"start":{"line":82,"column":2},"end":{"line":82,"column":3}},"loc":{"start":{"line":82,"column":28},"end":{"line":119,"column":3}},"line":82},"3":{"name":"(anonymous_3)","decl":{"start":{"line":122,"column":43},"end":{"line":122,"column":44}},"loc":{"start":{"line":122,"column":69},"end":{"line":130,"column":1}},"line":122}},"branchMap":{"0":{"loc":{"start":{"line":74,"column":2},"end":{"line":78,"column":3}},"type":"if","locations":[{"start":{"line":74,"column":2},"end":{"line":78,"column":3}},{"start":{"line":76,"column":9},"end":{"line":78,"column":3}}],"line":74}},"s":{"0":1,"1":1,"2":0,"3":0,"4":1,"5":0,"6":0,"7":0,"8":0,"9":0,"10":1,"11":0,"12":0,"13":0,"14":1,"15":0,"16":0},"f":{"0":0,"1":0,"2":0,"3":0},"b":{"0":[0,0]},"_coverageSchema":"1a1c01bbd47fc00a2c39e90264f33305004495a9","hash":"bf4d245e297cdb1c514a1c1bf16baa51b62d8d85"}
,"C:\\Users\\kevin\\OneDrive\\Desktop\\repos\\eccomerce\\server\\Controllers\\couponController.js": {"path":"C:\\Users\\kevin\\OneDrive\\Desktop\\repos\\eccomerce\\server\\Controllers\\couponController.js","statementMap":{"0":{"start":{"line":9,"column":31},"end":{"line":15,"column":2}},"1":{"start":{"line":12,"column":18},"end":{"line":12,"column":72}},"2":{"start":{"line":14,"column":2},"end":{"line":14,"column":32}},"3":{"start":{"line":17,"column":33},"end":{"line":47,"column":1}},"4":{"start":{"line":20,"column":21},"end":{"line":20,"column":30}},"5":{"start":{"line":23,"column":23},"end":{"line":35,"column":6}},"6":{"start":{"line":36,"column":4},"end":{"line":36,"column":49}},"7":{"start":{"line":38,"column":4},"end":{"line":45,"column":5}},"8":{"start":{"line":39,"column":18},"end":{"line":39,"column":47}},"9":{"start":{"line":40,"column":6},"end":{"line":40,"column":27}},"10":{"start":{"line":41,"column":6},"end":{"line":41,"column":16}},"11":{"start":{"line":44,"column":6},"end":{"line":44,"column":49}},"12":{"start":{"line":49,"column":36},"end":{"line":54,"column":2}},"13":{"start":{"line":50,"column":17},"end":{"line":50,"column":27}},"14":{"start":{"line":52,"column":17},"end":{"line":52,"column":51}},"15":{"start":{"line":53,"column":2},"end":{"line":53,"column":69}},"16":{"start":{"line":56,"column":29},"end":{"line":156,"column":1}},"17":{"start":{"line":64,"column":21},"end":{"line":64,"column":58}},"18":{"start":{"line":65,"column":6},"end":{"line":69,"column":7}},"19":{"start":{"line":66,"column":8},"end":{"line":68,"column":10}},"20":{"start":{"line":70,"column":6},"end":{"line":70,"column":19}},"21":{"start":{"line":88,"column":28},"end":{"line":88,"column":66}},"22":{"start":{"line":89,"column":40},"end":{"line":89,"column":48}},"23":{"start":{"line":90,"column":29},"end":{"line":92,"column":42}},"24":{"start":{"line":95,"column":6},"end":{"line":100,"column":9}},"25":{"start":{"line":102,"column":6},"end":{"line":110,"column":7}},"26":{"start":{"line":103,"column":8},"end":{"line":103,"column":51}},"27":{"start":{"line":104,"column":13},"end":{"line":110,"column":7}},"28":{"start":{"line":105,"column":8},"end":{"line":105,"column":21}},"29":{"start":{"line":106,"column":13},"end":{"line":110,"column":7}},"30":{"start":{"line":107,"column":8},"end":{"line":107,"column":51}},"31":{"start":{"line":109,"column":8},"end":{"line":109,"column":21}},"32":{"start":{"line":138,"column":19},"end":{"line":138,"column":69}},"33":{"start":{"line":138,"column":65},"end":{"line":138,"column":68}},"34":{"start":{"line":140,"column":4},"end":{"line":142,"column":5}},"35":{"start":{"line":141,"column":6},"end":{"line":141,"column":51}},"36":{"start":{"line":144,"column":4},"end":{"line":148,"column":5}},"37":{"start":{"line":145,"column":21},"end":{"line":145,"column":63}},"38":{"start":{"line":147,"column":6},"end":{"line":147,"column":52}},"39":{"start":{"line":151,"column":4},"end":{"line":151,"column":50}}},"fnMap":{"0":{"name":"(anonymous_0)","decl":{"start":{"line":9,"column":44},"end":{"line":9,"column":45}},"loc":{"start":{"line":9,"column":70},"end":{"line":15,"column":1}},"line":9},"1":{"name":"(anonymous_1)","decl":{"start":{"line":19,"column":15},"end":{"line":19,"column":16}},"loc":{"start":{"line":19,"column":41},"end":{"line":46,"column":3}},"line":19},"2":{"name":"(anonymous_2)","decl":{"start":{"line":49,"column":49},"end":{"line":49,"column":50}},"loc":{"start":{"line":49,"column":75},"end":{"line":54,"column":1}},"line":49},"3":{"name":"(anonymous_3)","decl":{"start":{"line":63,"column":12},"end":{"line":63,"column":13}},"loc":{"start":{"line":63,"column":29},"end":{"line":71,"column":5}},"line":63},"4":{"name":"(anonymous_4)","decl":{"start":{"line":87,"column":12},"end":{"line":87,"column":13}},"loc":{"start":{"line":87,"column":32},"end":{"line":111,"column":5}},"line":87},"5":{"name":"(anonymous_5)","decl":{"start":{"line":137,"column":15},"end":{"line":137,"column":16}},"loc":{"start":{"line":137,"column":41},"end":{"line":155,"column":3}},"line":137},"6":{"name":"(anonymous_6)","decl":{"start":{"line":138,"column":52},"end":{"line":138,"column":53}},"loc":{"start":{"line":138,"column":65},"end":{"line":138,"column":68}},"line":138}},"branchMap":{"0":{"loc":{"start":{"line":38,"column":4},"end":{"line":45,"column":5}},"type":"if","locations":[{"start":{"line":38,"column":4},"end":{"line":45,"column":5}},{"start":{"line":43,"column":11},"end":{"line":45,"column":5}}],"line":38},"1":{"loc":{"start":{"line":65,"column":6},"end":{"line":69,"column":7}},"type":"if","locations":[{"start":{"line":65,"column":6},"end":{"line":69,"column":7}},{"start":{},"end":{}}],"line":65},"2":{"loc":{"start":{"line":102,"column":6},"end":{"line":110,"column":7}},"type":"if","locations":[{"start":{"line":102,"column":6},"end":{"line":110,"column":7}},{"start":{"line":104,"column":13},"end":{"line":110,"column":7}}],"line":102},"3":{"loc":{"start":{"line":104,"column":13},"end":{"line":110,"column":
[...]
,"C:\\Users\\kevin\\OneDrive\\Desktop\\repos\\eccomerce\\server\\utils\\searchIndex.js": {"path":"C:\\Users\\kevin\\OneDrive\\Desktop\\repos\\eccomerce\\server\\utils\\searchIndex.js","statementMap":{"0":{"start":{"line":3,"column":25},"end":{"line":28,"column":1}},"1":{"start":{"line":30,"column":27},"end":{"line":45,"column":1}}},"fnMap":{},"branchMap":{},"s":{"0":1,"1":1},"f":{},"b":{},"_coverageSchema":"1a1c01bbd47fc00a2c39e90264f33305004495a9","hash":"bac5a60828f4a6345aeb48d8f4a05b1459ea4d0e"}
,"C:\\Users\\kevin\\OneDrive\\Desktop\\repos\\eccomerce\\server\\utils\\shipDateStage.js": {"path":"C:\\Users\\kevin\\OneDrive\\Desktop\\repos\\eccomerce\\server\\utils\\shipDateStage.js","statementMap":{"0":{"start":{"line":1,"column":22},"end":{"line":33,"column":3}}},"fnMap":{},"branchMap":{},"s":{"0":1},"f":{},"b":{},"_coverageSchema":"1a1c01bbd47fc00a2c39e90264f33305004495a9","hash":"3d2dcae124aa700893c1db09cb831c4d51c4e621"}
,"C:\\Users\\kevin\\OneDrive\\Desktop\\repos\\eccomerce\\server\\utils\\sortCombineVariations.js": {"path":"C:\\Users\\kevin\\OneDrive\\Desktop\\repos\\eccomerce\\server\\utils\\sortCombineVariations.js","statementMap":{"0":{"start":{"line":3,"column":22},"end":{"line":3,"column":30}},"1":{"start":{"line":4,"column":2},"end":{"line":4,"column":28}},"2":{"start":{"line":6,"column":23},"end":{"line":6,"column":25}},"3":{"start":{"line":7,"column":14},"end":{"line":7,"column":23}},"4":{"start":{"line":8,"column":24},"end":{"line":8,"column":33}},"5":{"start":{"line":9,"column":21},"end":{"line":11,"column":3}},"6":{"start":{"line":12,"column":21},"end":{"line":14,"column":3}},"7":{"start":{"line":15,"column":2},"end":{"line":58,"column":3}},"8":{"start":{"line":16,"column":4},"end":{"line":16,"column":57}},"9":{"start":{"line":18,"column":4},"end":{"line":25,"column":5}},"10":{"start":{"line":19,"column":21},"end":{"line":22,"column":7}},"11":{"start":{"line":23,"column":6},"end":{"line":23,"column":36}},"12":{"start":{"line":24,"column":6},"end":{"line":24,"column":50}},"13":{"start":{"line":27,"column":4},"end":{"line":57,"column":5}},"14":{"start":{"line":28,"column":6},"end":{"line":28,"column":69}},"15":{"start":{"line":30,"column":30},"end":{"line":37,"column":7}},"16":{"start":{"line":39,"column":6},"end":{"line":39,"column":54}},"17":{"start":{"line":40,"column":6},"end":{"line":40,"column":48}},"18":{"start":{"line":42,"column":29},"end":{"line":42,"column":53}},"19":{"start":{"line":44,"column":30},"end":{"line":51,"column":7}},"20":{"start":{"line":52,"column":37},"end":{"line":55,"column":7}},"21":{"start":{"line":56,"column":6},"end":{"line":56,"column":55}},"22":{"start":{"line":65,"column":2},"end":{"line":65,"column":65}}},"fnMap":{"0":{"name":"sortCombineVariation","decl":{"start":{"line":2,"column":9},"end":{"line":2,"column":29}},"loc":{"start":{"line":2,"column":39},"end":{"line":66,"column":1}},"line":2}},"branchMap":{"0":{"loc":{"start":{"line":18,"column":4},"end":{"line":25,"column":5}},"type":"if","locations":[{"start":{"line":18,"column":4},"end":{"line":25,"column":5}},{"start":{},"end":{}}],"line":18},"1":{"loc":{"start":{"line":27,"column":4},"end":{"line":57,"column":5}},"type":"if","locations":[{"start":{"line":27,"column":4},"end":{"line":57,"column":5}},{"start":{"line":41,"column":11},"end":{"line":57,"column":5}}],"line":27}},"s":{"0":0,"1":0,"2":0,"3":0,"4":0,"5":0,"6":0,"7":0,"8":0,"9":0,"10":0,"11":0,"12":0,"13":0,"14":0,"15":0,"16":0,"17":0,"18":0,"19":0,"20":0,"21":0,"22":0},"f":{"0":0},"b":{"0":[0,0],"1":[0,0]},"_coverageSchema":"1a1c01bbd47fc00a2c39e90264f33305004495a9","hash":"e89c00707ddda4b0c57a24eb44f61f0acc594d13"}
,"C:\\Users\\kevin\\OneDrive\\Desktop\\repos\\eccomerce\\server\\utils\\userValidators.js": {"path":"C:\\Users\\kevin\\OneDrive\\Desktop\\repos\\eccomerce\\server\\utils\\userValidators.js","statementMap":{"0":{"start":{"line":5,"column":23},"end":{"line":56,"column":1}},"1":{"start":{"line":11,"column":23},"end":{"line":11,"column":59}},"2":{"start":{"line":13,"column":6},"end":{"line":17,"column":7}},"3":{"start":{"line":14,"column":8},"end":{"line":16,"column":10}},"4":{"start":{"line":18,"column":6},"end":{"line":18,"column":18}},"5":{"start":{"line":45,"column":22},"end":{"line":45,"column":34}},"6":{"start":{"line":46,"column":24},"end":{"line":46,"column":31}},"7":{"start":{"line":47,"column":25},"end":{"line":47,"column":56}},"8":{"start":{"line":48,"column":6},"end":{"line":50,"column":7}},"9":{"start":{"line":49,"column":8},"end":{"line":49,"column":65}},"10":{"start":{"line":51,"column":6},"end":{"line":51,"column":18}}},"fnMap":{"0":{"name":"(anonymous_0)","decl":{"start":{"line":10,"column":12},"end":{"line":10,"column":13}},"loc":{"start":{"line":10,"column":29},"end":{"line":19,"column":5}},"line":10},"1":{"name":"(anonymous_1)","decl":{"start":{"line":44,"column":12},"end":{"line":44,"column":13}},"loc":{"start":{"line":44,"column":23},"end":{"line":52,"column":5}},"line":44}},"branchMap":{"0":{"loc":{"start":{"line":13,"column":6},"end":{"line":17,"column":7}},"type":"if","locations":[{"start":{"line":13,"column":6},"end":{"line":17,"column":7}},{"start":{},"end":{}}],"line":13},"1":{"loc":{"start":{"line":48,"column":6},"end":{"line":50,"column":7}},"type":"if","locations":[{"start":{"line":48,"column":6},"end":{"line":50,"column":7}},{"start":{},"end":{}}],"line":48}},"s":{"0":1,"1":3,"2":3,"3":0,"4":3,"5":2,"6":2,"7":2,"8":2,"9":1,"10":1},"f":{"0":3,"1":2},"b":{"0":[0,3],"1":[1,1]},"_coverageSchema":"1a1c01bbd47fc00a2c39e90264f33305004495a9","hash":"ef6eec151a581453f905795e31cc830f7aacd82b"}
,"C:\\Users\\kevin\\OneDrive\\Desktop\\repos\\eccomerce\\server\\utils\\variationFormat.js": {"path":"C:\\Users\\kevin\\OneDrive\\Desktop\\repos\\eccomerce\\server\\utils\\variationFormat.js","statementMap":{"0":{"start":{"line":3,"column":2},"end":{"line":70,"column":5}},"1":{"start":{"line":4,"column":4},"end":{"line":27,"column":5}},"2":{"start":{"line":5,"column":31},"end":{"line":5,"column":33}},"3":{"start":{"line":7,"column":6},"end":{"line":22,"column":8}},"4":{"start":{"line":10,"column":10},"end":{"line":12,"column":11}},"5":{"start":{"line":11,"column":12},"end":{"line":11,"column":45}},"6":{"start":{"line":16,"column":10},"end":{"line":20,"column":13}},"7":{"start":{"line":26,"column":6},"end":{"line":26,"column":77}},"8":{"start":{"line":69,"column":4},"end":{"line":69,"column":17}}},"fnMap":{"0":{"name":"variationFormat","decl":{"start":{"line":2,"column":9},"end":{"line":2,"column":24}},"loc":{"start":{"line":2,"column":39},"end":{"line":71,"column":1}},"line":2},"1":{"name":"(anonymous_1)","decl":{"start":{"line":3,"column":34},"end":{"line":3,"column":35}},"loc":{"start":{"line":3,"column":67},"end":{"line":70,"column":3}},"line":3},"2":{"name":"(anonymous_2)","decl":{"start":{"line":8,"column":8},"end":{"line":8,"column":9}},"loc":{"start":{"line":8,"column":52},"end":{"line":21,"column":9}},"line":8}},"branchMap":{"0":{"loc":{"start":{"line":4,"column":4},"end":{"line":27,"column":5}},"type":"if","locations":[{"start":{"line":4,"column":4},"end":{"line":27,"column":5}},{"start":{},"end":{}}],"line":4},"1":{"loc":{"start":{"line":10,"column":10},"end":{"line":12,"column":11}},"type":"if","locations":[{"start":{"line":10,"column":10},"end":{"line":12,"column":11}},{"start":{},"end":{}}],"line":10}},"s":{"0":0,"1":0,"2":0,"3":0,"4":0,"5":0,"6":0,"7":0,"8":0},"f":{"0":0,"1":0,"2":0},"b":{"0":[0,0],"1":[0,0]},"_coverageSchema":"1a1c01bbd47fc00a2c39e90264f33305004495a9","hash":"14d8fd91011934d47edc3e02603b285f46879836"}
,"C:\\Users\\kevin\\OneDrive\\Desktop\\repos\\eccomerce\\server\\utils\\passport\\facebookStrategy.js": {"path":"C:\\Users\\kevin\\OneDrive\\Desktop\\repos\\eccomerce\\server\\utils\\passport\\facebookStrategy.js","statementMap":{"0":{"start":{"line":8,"column":31},"end":{"line":15,"column":1}},"1":{"start":{"line":17,"column":23},"end":{"line":57,"column":1}},"2":{"start":{"line":18,"column":2},"end":{"line":18,"column":27}},"3":{"start":{"line":20,"column":31},"end":{"line":22,"column":4}},"4":{"start":{"line":24,"column":2},"end":{"line":26,"column":3}},"5":{"start":{"line":25,"column":4},"end":{"line":25,"column":42}},"6":{"start":{"line":37,"column":2},"end":{"line":56,"column":3}},"7":{"start":{"line":38,"column":24},"end":{"line":38,"column":55}},"8":{"start":{"line":39,"column":20},"end":{"line":44,"column":5}},"9":{"start":{"line":46,"column":18},"end":{"line":49,"column":6}},"10":{"start":{"line":51,"column":15},"end":{"line":51,"column":23}},"11":{"start":{"line":52,"column":16},"end":{"line":52,"column":23}},"12":{"start":{"line":53,"column":4},"end":{"line":53,"column":32}},"13":{"start":{"line":55,"column":4},"end":{"line":55,"column":30}},"14":{"start":{"line":59,"column":25},"end":{"line":62,"column":1}}},"fnMap":{"0":{"name":"(anonymous_0)","decl":{"start":{"line":17,"column":23},"end":{"line":17,"column":24}},"loc":{"start":{"line":17,"column":73},"end":{"line":57,"column":1}},"line":17}},"branchMap":{"0":{"loc":{"start":{"line":24,"column":2},"end":{"line":26,"column":3}},"type":"if","locations":[{"start":{"line":24,"column":2},"end":{"line":26,"column":3}},{"start":{},"end":{}}],"line":24},"1":{"loc":{"start":{"line":37,"column":2},"end":{"line":56,"column":3}},"type":"if","locations":[{"start":{"line":37,"column":2},"end":{"line":56,"column":3}},{"start":{},"end":{}}],"line":37}},"s":{"0":1,"1":1,"2":0,"3":0,"4":0,"5":0,"6":0,"7":0,"8":0,"9":0,"10":0,"11":0,"12":0,"13":0,"14":1},"f":{"0":0},"b":{"0":[0,0],"1":[0,0]},"_coverageSchema":"1a1c01bbd47fc00a2c39e90264f33305004495a9","hash":"a6e6d0db9c56f25e32616d20cd3a50f4cda2f624"}
,"C:\\Users\\kevin\\OneDrive\\Desktop\\repos\\eccomerce\\server\\utils\\passport\\googleStrategy.js": {"path":"C:\\Users\\kevin\\OneDrive\\Desktop\\repos\\eccomerce\\server\\utils\\passport\\googleStrategy.js","statementMap":{"0":{"start":{"line":9,"column":29},"end":{"line":14,"column":1}},"1":{"start":{"line":16,"column":29},"end":{"line":56,"column":1}},"2":{"start":{"line":17,"column":16},"end":{"line":17,"column":40}},"3":{"start":{"line":19,"column":29},"end":{"line":21,"column":4}},"4":{"start":{"line":23,"column":2},"end":{"line":25,"column":3}},"5":{"start":{"line":24,"column":4},"end":{"line":24,"column":40}},"6":{"start":{"line":26,"column":19},"end":{"line":26,"column":48}},"7":{"start":{"line":28,"column":2},"end":{"line":34,"column":3}},"8":{"start":{"line":29,"column":4},"end":{"line":32,"column":6}},"9":{"start":{"line":33,"column":4},"end":{"line":33,"column":30}},"10":{"start":{"line":36,"column":2},"end":{"line":55,"column":3}},"11":{"start":{"line":37,"column":20},"end":{"line":42,"column":5}},"12":{"start":{"line":44,"column":18},"end":{"line":48,"column":5}},"13":{"start":{"line":50,"column":15},"end":{"line":50,"column":23}},"14":{"start":{"line":51,"column":16},"end":{"line":51,"column":23}},"15":{"start":{"line":52,"column":4},"end":{"line":52,"column":32}},"16":{"start":{"line":54,"column":4},"end":{"line":54,"column":30}},"17":{"start":{"line":58,"column":23},"end":{"line":61,"column":1}}},"fnMap":{"0":{"name":"(anonymous_0)","decl":{"start":{"line":16,"column":29},"end":{"line":16,"column":30}},"loc":{"start":{"line":16,"column":60},"end":{"line":56,"column":1}},"line":16}},"branchMap":{"0":{"loc":{"start":{"line":23,"column":2},"end":{"line":25,"column":3}},"type":"if","locations":[{"start":{"line":23,"column":2},"end":{"line":25,"column":3}},{"start":{},"end":{}}],"line":23},"1":{"loc":{"start":{"line":28,"column":2},"end":{"line":34,"column":3}},"type":"if","locations":[{"start":{"line":28,"column":2},"end":{"line":34,"column":3}},{"start":{},"end":{}}],"line":28},"2":{"loc":{"start":{"line":36,"column":2},"end":{"line":55,"column":3}},"type":"if","locations":[{"start":{"line":36,"column":2},"end":{"line":55,"column":3}},{"start":{},"end":{}}],"line":36}},"s":{"0":1,"1":1,"2":0,"3":0,"4":0,"5":0,"6":0,"7":0,"8":0,"9":0,"10":0,"11":0,"12":0,"13":0,"14":0,"15":0,"16":0,"17":1},"f":{"0":0},"b":{"0":[0,0],"1":[0,0],"2":[0,0]},"_coverageSchema":"1a1c01bbd47fc00a2c39e90264f33305004495a9","hash":"79359230ad2f4d64c103208c264e97b4266630b4"}
,"C:\\Users\\kevin\\OneDrive\\Desktop\\repos\\eccomerce\\server\\utils\\passport\\index.js": {"path":"C:\\Users\\kevin\\OneDrive\\Desktop\\repos\\eccomerce\\server\\utils\\passport\\index.js","statementMap":{"0":{"start":{"line":10,"column":0},"end":{"line":10,"column":28}},"1":{"start":{"line":11,"column":0},"end":{"line":11,"column":29}},"2":{"start":{"line":12,"column":0},"end":{"line":12,"column":31}},"3":{"start":{"line":13,"column":0},"end":{"line":13,"column":30}},"4":{"start":{"line":15,"column":0},"end":{"line":18,"column":3}},"5":{"start":{"line":16,"column":16},"end":{"line":16,"column":35}},"6":{"start":{"line":17,"column":2},"end":{"line":17,"column":26}},"7":{"start":{"line":20,"column":0},"end":{"line":48,"column":3}},"8":{"start":{"line":21,"column":2},"end":{"line":47,"column":3}},"9":{"start":{"line":22,"column":21},"end":{"line":41,"column":5}},"10":{"start":{"line":43,"column":4},"end":{"line":43,"column":30}},"11":{"start":{"line":45,"column":4},"end":{"line":45,"column":24}},"12":{"start":{"line":46,"column":4},"end":{"line":46,"column":21}}},"fnMap":{"0":{"name":"(anonymous_0)","decl":{"start":{"line":15,"column":23},"end":{"line":15,"column":24}},"loc":{"start":{"line":15,"column":37},"end":{"line":18,"column":1}},"line":15},"1":{"name":"(anonymous_1)","decl":{"start":{"line":20,"column":25},"end":{"line":20,"column":26}},"loc":{"start":{"line":20,"column":47},"end":{"line":48,"column":1}},"line":20}},"branchMap":{},"s":{"0":1,"1":1,"2":1,"3":1,"4":1,"5":0,"6":0,"7":1,"8":0,"9":0,"10":0,"11":0,"12":0},"f":{"0":0,"1":0},"b":{},"_coverageSchema":"1a1c01bbd47fc00a2c39e90264f33305004495a9","hash":"d23ebb6e69633481ca8427005dd2d5fb625aa14c"}
,"C:\\Users\\kevin\\OneDrive\\Desktop\\repos\\eccomerce\\server\\utils\\passport\\localStrategy.js": {"path":"C:\\Users\\kevin\\OneDrive\\Desktop\\repos\\eccomerce\\server\\utils\\passport\\localStrategy.js","statementMap":{"0":{"start":{"line":5,"column":23},"end":{"line":23,"column":1}},"1":{"start":{"line":6,"column":2},"end":{"line":22,"column":3}},"2":{"start":{"line":7,"column":21},"end":{"line":7,"column":82}},"3":{"start":{"line":9,"column":4},"end":{"line":11,"column":5}},"4":{"start":{"line":10,"column":6},"end":{"line":10,"column":29}},"5":{"start":{"line":12,"column":18},"end":{"line":12,"column":67}},"6":{"start":{"line":13,"column":4},"end":{"line":15,"column":5}},"7":{"start":{"line":14,"column":6},"end":{"line":14,"column":29}},"8":{"start":{"line":17,"column":4},"end":{"line":19,"column":5}},"9":{"start":{"line":18,"column":6},"end":{"line":18,"column":32}},"10":{"start":{"line":21,"column":4},"end":{"line":21,"column":21}},"11":{"start":{"line":25,"column":27},"end":{"line":28,"column":1}},"12":{"start":{"line":29,"column":22},"end":{"line":29,"column":84}}},"fnMap":{"0":{"name":"(anonymous_0)","decl":{"start":{"line":5,"column":23},"end":{"line":5,"column":24}},"loc":{"start":{"line":5,"column":54},"end":{"line":23,"column":1}},"line":5}},"branchMap":{"0":{"loc":{"start":{"line":9,"column":4},"end":{"line":11,"column":5}},"type":"if","locations":[{"start":{"line":9,"column":4},"end":{"line":11,"column":5}},{"start":{},"end":{}}],"line":9},"1":{"loc":{"start":{"line":13,"column":4},"end":{"line":15,"column":5}},"type":"if","locations":[{"start":{"line":13,"column":4},"end":{"line":15,"column":5}},{"start":{},"end":{}}],"line":13},"2":{"loc":{"start":{"line":17,"column":4},"end":{"line":19,"column":5}},"type":"if","locations":[{"start":{"line":17,"column":4},"end":{"line":19,"column":5}},{"start":{},"end":{}}],"line":17}},"s":{"0":1,"1":0,"2":0,"3":0,"4":0,"5":0,"6":0,"7":0,"8":0,"9":0,"10":0,"11":1,"12":1},"f":{"0":0},"b":{"0":[0,0],"1":[0,0],"2":[0,0]},"_coverageSchema":"1a1c01bbd47fc00a2c39e90264f33305004495a9","hash":"011a2a863acb4cd97e0c372dc9ceca30b438a1b2"}
,"C:\\Users\\kevin\\OneDrive\\Desktop\\repos\\eccomerce\\server\\utils\\passport\\twiiterStrategy.js": {"path":"C:\\Users\\kevin\\OneDrive\\Desktop\\repos\\eccomerce\\server\\utils\\passport\\twiiterStrategy.js","statementMap":{"0":{"start":{"line":8,"column":30},"end":{"line":13,"column":1}},"1":{"start":{"line":15,"column":23},"end":{"line":60,"column":1}},"2":{"start":{"line":16,"column":16},"end":{"line":16,"column":40}},"3":{"start":{"line":17,"column":30},"end":{"line":19,"column":4}},"4":{"start":{"line":21,"column":2},"end":{"line":23,"column":3}},"5":{"start":{"line":22,"column":4},"end":{"line":22,"column":41}},"6":{"start":{"line":25,"column":19},"end":{"line":25,"column":48}},"7":{"start":{"line":27,"column":2},"end":{"line":33,"column":3}},"8":{"start":{"line":28,"column":4},"end":{"line":31,"column":6}},"9":{"start":{"line":32,"column":4},"end":{"line":32,"column":30}},"10":{"start":{"line":35,"column":2},"end":{"line":59,"column":3}},"11":{"start":{"line":36,"column":21},"end":{"line":36,"column":51}},"12":{"start":{"line":38,"column":20},"end":{"line":43,"column":5}},"13":{"start":{"line":45,"column":21},"end":{"line":52,"column":5}},"14":{"start":{"line":54,"column":15},"end":{"line":54,"column":23}},"15":{"start":{"line":55,"column":16},"end":{"line":55,"column":23}},"16":{"start":{"line":56,"column":4},"end":{"line":56,"column":35}},"17":{"start":{"line":58,"column":4},"end":{"line":58,"column":30}},"18":{"start":{"line":62,"column":24},"end":{"line":65,"column":1}}},"fnMap":{"0":{"name":"(anonymous_0)","decl":{"start":{"line":15,"column":23},"end":{"line":15,"column":24}},"loc":{"start":{"line":15,"column":66},"end":{"line":60,"column":1}},"line":15}},"branchMap":{"0":{"loc":{"start":{"line":21,"column":2},"end":{"line":23,"column":3}},"type":"if","locations":[{"start":{"line":21,"column":2},"end":{"line":23,"column":3}},{"start":{},"end":{}}],"line":21},"1":{"loc":{"start":{"line":27,"column":2},"end":{"line":33,"column":3}},"type":"if","locations":[{"start":{"line":27,"column":2},"end":{"line":33,"column":3}},{"start":{},"end":{}}],"line":27},"2":{"loc":{"start":{"line":35,"column":2},"end":{"line":59,"column":3}},"type":"if","locations":[{"start":{"line":35,"column":2},"end":{"line":59,"column":3}},{"start":{},"end":{}}],"line":35}},"s":{"0":1,"1":1,"2":0,"3":0,"4":0,"5":0,"6":0,"7":0,"8":0,"9":0,"10":0,"11":0,"12":0,"13":0,"14":0,"15":0,"16":0,"17":0,"18":1},"f":{"0":0},"b":{"0":[0,0],"1":[0,0],"2":[0,0]},"_coverageSchema":"1a1c01bbd47fc00a2c39e90264f33305004495a9","hash":"d21be3ea767bab02932e28a8f0a21107ca10e386"}
}
