TN:
SF:app.js
FN:26,(anonymous_0)
FN:29,(anonymous_1)
FN:33,(anonymous_2)
FNF:3
FNH:0
FNDA:0,(anonymous_0)
FNDA:0,(anonymous_1)
FNDA:0,(anonymous_2)
DA:21,1
DA:22,1
DA:25,1
DA:26,0
DA:27,0
DA:31,0
DA:34,0
DA:37,0
DA:40,1
DA:41,1
DA:42,1
DA:45,1
DA:47,1
DA:61,1
DA:62,1
DA:63,1
DA:64,1
DA:66,1
DA:72,1
DA:73,1
LF:20
LH:15
BRDA:25,0,0,0
BRDA:25,0,1,1
BRDA:41,1,0,0
BRDA:41,1,1,1
BRF:4
BRH:2
end_of_record
TN:
SF:errorHandler.js
FN:3,(anonymous_0)
FN:4,(anonymous_1)
FN:10,errorHandler
FNF:3
FNH:0
FNDA:0,(anonymous_0)
FNDA:0,(anonymous_1)
FNDA:0,errorHandler
DA:3,1
DA:4,0
DA:6,0
DA:7,0
DA:11,0
DA:12,0
DA:13,0
DA:15,0
DA:16,0
DA:17,0
DA:20,0
DA:21,0
DA:23,0
DA:28,0
DA:29,0
DA:32,0
DA:33,0
DA:37,0
DA:38,0
DA:40,0
LF:20
LH:1
BRDA:11,0,0,0
BRDA:11,0,1,0
BRDA:12,1,0,0
BRDA:12,1,1,0
BRDA:16,2,0,0
BRDA:16,2,1,0
BRDA:16,3,0,0
BRDA:16,3,1,0
BRDA:20,4,0,0
BRDA:20,4,1,0
BRDA:20,5,0,0
BRDA:20,5,1,0
BRDA:28,6,0,0
BRDA:28,6,1,0
BRDA:32,7,0,0
BRDA:32,7,1,0
BRDA:37,8,0,0
BRDA:37,8,1,0
BRDA:42,9,0,0
BRDA:42,9,1,0
BRF:20
BRH:0
end_of_record
TN:
SF:Controllers\adminController.js
FN:46,(anonymous_0)
FN:55,(anonymous_1)
FN:73,(anonymous_2)
FN:100,(anonymous_3)
FN:141,(anonymous_4)
FN:143,(anonymous_5)
FN:163,(anonymous_6)
FN:211,(anonymous_7)
FN:215,(anonymous_8)
FN:230,(anonymous_9)
FN:246,(anonymous_10)
FN:257,(anonymous_11)
FN:259,(anonymous_12)
FN:267,(anonymous_13)
FN:282,(anonymous_14)
FN:294,(anonymous_15)
FN:301,(anonymous_16)
FN:333,(anonymous_17)
FN:337,(anonymous_18)
FN:352,(anonymous_19)
FN:416,(anonymous_20)
FN:460,(anonymous_21)
FN:463,(anonymous_22)
FN:530,(anonymous_23)
FN:542,(anonymous_24)
FN:554,(anonymous_25)
FN:556,(anonymous_26)
FN:671,(anonymous_27)
FN:691,(anonymous_28)
FN:705,(anonymous_29)
FN:726,(anonymous_30)
FN:734,(anonymous_31)
FN:774,(anonymous_32)
FN:792,(anonymous_33)
FN:796,(anonymous_34)
FN:945,(anonymous_35)
FN:993,(anonymous_36)
FN:1074,(anonymous_37)
FN:1085,(anonymous_38)
FN:1092,(anonymous_39)
FN:1116,(anonymous_40)
FN:1137,(anonymous_41)
FN:1153,(anonymous_42)
FN:1161,(anonymous_43)
FN:1217,(anonymous_44)
FN:1220,(anonymous_45)
FN:1234,(anonymous_46)
FN:1241,(anonymous_47)
FN:1304,(anonymous_48)
FN:1349,(anonymous_49)
FNF:50
FNH:0
FNDA:0,(anonymous_0)
FNDA:0,(anonymous_1)
FNDA:0,(anonymous_2)
FNDA:0,(anonymous_3)
FNDA:0,(anonymous_4)
FNDA:0,(anonymous_5)
FNDA:0,(anonymous_6)
FNDA:0,(anonymous_7)
FNDA:0,(anonymous_8)
FNDA:0,(anonymous_9)
FNDA:0,(anonymous_10)
FNDA:0,(anonymous_11)
FNDA:0,(anonymous_12)
FNDA:0,(anonymous_13)
FNDA:0,(anonymous_14)
FNDA:0,(anonymous_15)
FNDA:0,(anonymous_16)
FNDA:0,(anonymous_17)
FNDA:0,(anonymous_18)
FNDA:0,(anonymous_19)
FNDA:0,(anonymous_20)
FNDA:0,(anonymous_21)
FNDA:0,(anonymous_22)
FNDA:0,(anonymous_23)
FNDA:0,(anonymous_24)
FNDA:0,(anonymous_25)
FNDA:0,(anonymous_26)
FNDA:0,(anonymous_27)
FNDA:0,(anonymous_28)
FNDA:0,(anonymous_29)
FNDA:0,(anonymous_30)
FNDA:0,(anonymous_31)
FNDA:0,(anonymous_32)
FNDA:0,(anonymous_33)
FNDA:0,(anonymous_34)
FNDA:0,(anonymous_35)
FNDA:0,(anonymous_36)
FNDA:0,(anonymous_37)
FNDA:0,(anonymous_38)
FNDA:0,(anonymous_39)
FNDA:0,(anonymous_40)
FNDA:0,(anonymous_41)
FNDA:0,(anonymous_42)
FNDA:0,(anonymous_43)
FNDA:0,(anonymous_44)
FNDA:0,(anonymous_45)
FNDA:0,(anonymous_46)
FNDA:0,(anonymous_47)
FNDA:0,(anonymous_48)
FNDA:0,(anonymous_49)
DA:30,1
DA:32,1
DA:34,1
DA:35,1
DA:40,1
DA:47,0
DA:49,0
DA:50,0
DA:52,0
DA:56,0
DA:58,0
DA:60,0
DA:66,0
DA:70,1
DA:74,0
DA:76,0
DA:78,0
DA:88,0
DA:89,0
DA:90,0
DA:93,0
DA:94,0
DA:100,0
DA:107,0
DA:108,0
DA:109,0
DA:116,0
DA:119,0
DA:136,0
DA:139,1
DA:142,0
DA:143,0
DA:145,0
DA:146,0
DA:149,0
DA:159,0
DA:160,0
DA:163,1
DA:164,0
DA:169,0
DA:175,0
DA:210,0
DA:211,0
DA:214,0
DA:215,0
DA:217,0
DA:219,0
DA:229,1
DA:231,0
DA:232,0
DA:233,0
DA:236,0
DA:237,0
DA:240,0
DA:241,0
DA:247,0
DA:248,0
DA:250,0
DA:251,0
DA:255,0
DA:258,0
DA:259,0
DA:260,0
DA:263,0
DA:264,0
DA:267,0
DA:268,0
DA:269,0
DA:272,0
DA:273,0
DA:277,0
DA:278,0
DA:282,0
DA:283,0
DA:284,0
DA:286,0
DA:287,0
DA:294,1
DA:295,0
DA:296,0
DA:299,1
DA:302,0
DA:304,0
DA:312,0
DA:313,0
DA:315,0
DA:316,0
DA:317,0
DA:321,0
DA:325,1
DA:334,0
DA:335,0
DA:337,0
DA:339,0
DA:340,0
DA:343,0
DA:348,0
DA:352,0
DA:353,0
DA:354,0
DA:355,0
DA:357,0
DA:358,0
DA:361,0
DA:362,0
DA:363,0
DA:365,0
DA:371,0
DA:372,0
DA:381,0
DA:384,0
DA:400,0
DA:401,0
DA:408,0
DA:409,0
DA:411,0
DA:415,1
DA:417,0
DA:419,0
DA:420,0
DA:426,0
DA:435,0
DA:436,0
DA:438,0
DA:447,1
DA:461,0
DA:462,0
DA:463,0
DA:464,0
DA:465,0
DA:467,0
DA:468,0
DA:472,0
DA:473,0
DA:474,0
DA:476,0
DA:486,0
DA:487,0
DA:492,0
DA:493,0
DA:495,0
DA:497,0
DA:508,0
DA:513,0
DA:514,0
DA:521,0
DA:522,0
DA:526,1
DA:531,0
DA:532,0
DA:533,0
DA:536,0
DA:543,0
DA:544,0
DA:545,0
DA:548,0
DA:555,0
DA:556,0
DA:558,0
DA:559,0
DA:561,0
DA:563,0
DA:564,0
DA:569,0
DA:574,0
DA:578,0
DA:592,0
DA:593,0
DA:600,0
DA:602,0
DA:603,0
DA:613,0
DA:614,0
DA:618,0
DA:619,0
DA:622,0
DA:623,0
DA:630,0
DA:633,0
DA:634,0
DA:644,0
DA:645,0
DA:649,0
DA:650,0
DA:653,0
DA:654,0
DA:661,0
DA:664,0
DA:668,1
DA:672,0
DA:674,0
DA:675,0
DA:676,0
DA:678,0
DA:687,0
DA:688,0
DA:690,0
DA:691,0
DA:694,0
DA:695,0
DA:702,0
DA:704,0
DA:705,0
DA:706,0
DA:711,0
DA:713,0
DA:718,0
DA:724,1
DA:727,0
DA:729,0
DA:730,0
DA:734,1
DA:735,0
DA:736,0
DA:753,0
DA:754,0
DA:761,0
DA:763,0
DA:772,0
DA:774,0
DA:775,0
DA:779,0
DA:781,0
DA:786,1
DA:793,0
DA:794,0
DA:796,0
DA:798,0
DA:799,0
DA:809,0
DA:825,0
DA:826,0
DA:827,0
DA:834,0
DA:842,0
DA:844,0
DA:931,0
DA:932,0
DA:943,1
DA:946,0
DA:948,0
DA:950,0
DA:951,0
DA:953,0
DA:964,0
DA:971,1
DA:994,0
DA:996,0
DA:1033,0
DA:1035,0
DA:1036,0
DA:1037,0
DA:1039,0
DA:1041,0
DA:1045,0
DA:1046,0
DA:1049,0
DA:1050,0
DA:1051,0
DA:1052,0
DA:1054,0
DA:1061,0
DA:1062,0
DA:1064,0
DA:1065,0
DA:1066,0
DA:1069,0
DA:1073,0
DA:1074,0
DA:1078,0
DA:1085,1
DA:1086,0
DA:1088,0
DA:1091,0
DA:1097,0
DA:1099,0
DA:1106,0
DA:1110,0
DA:1113,1
DA:1117,0
DA:1118,0
DA:1120,0
DA:1132,0
DA:1133,0
DA:1137,1
DA:1138,0
DA:1139,0
DA:1144,0
DA:1145,0
DA:1152,1
DA:1154,0
DA:1156,0
DA:1161,0
DA:1162,0
DA:1163,0
DA:1164,0
DA:1165,0
DA:1166,0
DA:1169,0
DA:1170,0
DA:1173,0
DA:1174,0
DA:1175,0
DA:1180,0
DA:1184,0
DA:1185,0
DA:1187,0
DA:1188,0
DA:1190,0
DA:1194,0
DA:1195,0
DA:1197,0
DA:1206,0
DA:1207,0
DA:1208,0
DA:1212,1
DA:1218,0
DA:1220,0
DA:1222,0
DA:1223,0
DA:1224,0
DA:1226,0
DA:1231,0
DA:1233,0
DA:1234,0
DA:1235,0
DA:1237,0
DA:1238,0
DA:1239,0
DA:1241,0
DA:1242,0
DA:1243,0
DA:1245,0
DA:1246,0
DA:1249,0
DA:1250,0
DA:1253,0
DA:1254,0
DA:1257,0
DA:1258,0
DA:1261,0
DA:1262,0
DA:1265,0
DA:1266,0
DA:1267,0
DA:1268,0
DA:1269,0
DA:1279,0
DA:1281,0
DA:1284,0
DA:1285,0
DA:1286,0
DA:1287,0
DA:1288,0
DA:1291,0
DA:1292,0
DA:1303,0
DA:1304,0
DA:1305,0
DA:1306,0
DA:1308,0
DA:1309,0
DA:1311,0
DA:1316,0
DA:1317,0
DA:1321,0
DA:1322,0
DA:1328,0
DA:1329,0
DA:1331,0
DA:1335,0
DA:1336,0
DA:1345,0
DA:1346,0
DA:1349,0
DA:1355,0
DA:1357,0
LF:377
LH:26
BRDA:49,0,0,0
BRDA:49,0,1,0
BRDA:88,1,0,0
BRDA:88,1,1,0
BRDA:145,2,0,0
BRDA:145,2,1,0
BRDA:232,3,0,0
BRDA:232,3,1,0
BRDA:236,4,0,0
BRDA:236,4,1,0
BRDA:247,5,0,0
BRDA:247,5,1,0
BRDA:250,6,0,0
BRDA:250,6,1,0
BRDA:263,7,0,0
BRDA:263,7,1,0
BRDA:268,8,0,0
BRDA:268,8,1,0
BRDA:272,9,0,0
BRDA:272,9,1,0
BRDA:277,10,0,0
BRDA:277,10,1,0
BRDA:283,11,0,0
BRDA:283,11,1,0
BRDA:312,12,0,0
BRDA:312,12,1,0
BRDA:315,13,0,0
BRDA:315,13,1,0
BRDA:339,14,0,0
BRDA:339,14,1,0
BRDA:339,15,0,0
BRDA:339,15,1,0
BRDA:371,16,0,0
BRDA:371,16,1,0
BRDA:419,17,0,0
BRDA:419,17,1,0
BRDA:435,18,0,0
BRDA:435,18,1,0
BRDA:464,19,0,0
BRDA:464,19,1,0
BRDA:473,20,0,0
BRDA:473,20,1,0
BRDA:486,21,0,0
BRDA:486,21,1,0
BRDA:492,22,0,0
BRDA:492,22,1,0
BRDA:531,23,0,0
BRDA:531,23,1,0
BRDA:532,24,0,0
BRDA:532,24,1,0
BRDA:543,25,0,0
BRDA:543,25,1,0
BRDA:544,26,0,0
BRDA:544,26,1,0
BRDA:558,27,0,0
BRDA:558,27,1,0
BRDA:563,28,0,0
BRDA:563,28,1,0
BRDA:602,29,0,0
BRDA:602,29,1,0
BRDA:613,30,0,0
BRDA:613,30,1,0
BRDA:633,31,0,0
BRDA:633,31,1,0
BRDA:644,32,0,0
BRDA:644,32,1,0
BRDA:675,33,0,0
BRDA:675,33,1,0
BRDA:675,34,0,0
BRDA:675,34,1,0
BRDA:687,35,0,0
BRDA:687,35,1,0
BRDA:694,36,0,0
BRDA:694,36,1,0
BRDA:753,37,0,0
BRDA:753,37,1,0
BRDA:798,38,0,0
BRDA:798,38,1,0
BRDA:931,39,0,0
BRDA:931,39,1,0
BRDA:950,40,0,0
BRDA:950,40,1,0
BRDA:1035,41,0,0
BRDA:1035,41,1,0
BRDA:1045,42,0,0
BRDA:1045,42,1,0
BRDA:1049,43,0,0
BRDA:1049,43,1,0
BRDA:1061,44,0,0
BRDA:1061,44,1,0
BRDA:1064,45,0,0
BRDA:1064,45,1,0
BRDA:1092,46,0,0
BRDA:1092,46,1,0
BRDA:1165,47,0,0
BRDA:1165,47,1,0
BRDA:1169,48,0,0
BRDA:1169,48,1,0
BRDA:1173,49,0,0
BRDA:1173,49,1,0
BRDA:1174,50,0,0
BRDA:1174,50,1,0
BRDA:1184,51,0,0
BRDA:1184,51,1,0
BRDA:1187,52,0,0
BRDA:1187,52,1,0
BRDA:1194,53,0,0
BRDA:1194,53,1,0
BRDA:1222,54,0,0
BRDA:1222,54,1,0
BRDA:1242,55,0,0
BRDA:1242,55,1,0
BRDA:1243,56,0,0
BRDA:1243,56,1,0
BRDA:1245,57,0,0
BRDA:1245,57,1,0
BRDA:1249,58,0,0
BRDA:1249,58,1,0
BRDA:1253,59,0,0
BRDA:1253,59,1,0
BRDA:1257,60,0,0
BRDA:1257,60,1,0
BRDA:1261,61,0,0
BRDA:1261,61,1,0
BRDA:1266,62,0,0
BRDA:1266,62,1,0
BRDA:1266,63,0,0
BRDA:1266,63,1,0
BRDA:1274,64,0,0
BRDA:1274,64,1,0
BRDA:1285,65,0,0
BRDA:1285,65,1,0
BRDA:1291,66,0,0
BRDA:1291,66,1,0
BRDA:1291,67,0,0
BRDA:1291,67,1,0
BRDA:1303,68,0,0
BRDA:1303,68,1,0
BRDA:1316,69,0,0
BRDA:1316,69,1,0
BRDA:1316,70,0,0
BRDA:1316,70,1,0
BRDA:1321,71,0,0
BRDA:1321,71,1,0
BRDA:1328,72,0,0
BRDA:1328,72,1,0
BRDA:1345,73,0,0
BRDA:1345,73,1,0
BRF:148
BRH:0
end_of_record
TN:
SF:Controllers\cartController.js
FN:9,generateModelSchemaRoute
FN:16,(anonymous_1)
FN:19,(anonymous_2)
FN:35,(anonymous_3)
FN:47,(anonymous_4)
FN:62,(anonymous_5)
FN:98,(anonymous_6)
FN:114,(anonymous_7)
FN:166,(anonymous_8)
FN:193,(anonymous_9)
FNF:10
FNH:2
FNDA:2,generateModelSchemaRoute
FNDA:10,(anonymous_1)
FNDA:0,(anonymous_2)
FNDA:0,(anonymous_3)
FNDA:0,(anonymous_4)
FNDA:0,(anonymous_5)
FNDA:0,(anonymous_6)
FNDA:0,(anonymous_7)
FNDA:0,(anonymous_8)
FNDA:0,(anonymous_9)
DA:10,2
DA:16,2
DA:17,10
DA:20,0
DA:21,0
DA:22,0
DA:23,0
DA:25,0
DA:26,0
DA:27,0
DA:29,0
DA:34,2
DA:36,0
DA:37,0
DA:38,0
DA:45,2
DA:48,0
DA:50,0
DA:56,0
DA:60,2
DA:63,0
DA:65,0
DA:66,0
DA:68,0
DA:69,0
DA:71,0
DA:74,0
DA:75,0
DA:78,0
DA:87,0
DA:88,0
DA:92,0
DA:96,2
DA:99,0
DA:101,0
DA:108,0
DA:112,2
DA:115,0
DA:117,0
DA:119,0
DA:131,0
DA:132,0
DA:133,0
DA:143,0
DA:146,0
DA:160,0
DA:164,2
DA:167,0
DA:169,0
DA:171,0
DA:172,0
DA:174,0
DA:188,0
DA:192,2
DA:213,0
DA:218,2
LF:56
LH:11
BRDA:16,0,0,4
BRDA:68,1,0,0
BRDA:68,1,1,0
BRDA:74,2,0,0
BRDA:74,2,1,0
BRDA:132,3,0,0
BRDA:132,3,1,0
BRDA:171,4,0,0
BRDA:171,4,1,0
BRDA:179,5,0,0
BRDA:179,5,1,0
BRF:11
BRH:1
end_of_record
TN:
SF:Controllers\categoryController.js
FN:8,(anonymous_0)
FN:68,(anonymous_1)
FN:82,(anonymous_2)
FN:122,(anonymous_3)
FNF:4
FNH:0
FNDA:0,(anonymous_0)
FNDA:0,(anonymous_1)
FNDA:0,(anonymous_2)
FNDA:0,(anonymous_3)
DA:6,1
DA:8,1
DA:11,0
DA:65,0
DA:68,1
DA:69,0
DA:70,0
DA:74,0
DA:75,0
DA:77,0
DA:81,1
DA:83,0
DA:85,0
DA:118,0
DA:122,1
DA:123,0
DA:129,0
LF:17
LH:5
BRDA:74,0,0,0
BRDA:74,0,1,0
BRF:2
BRH:0
end_of_record
TN:
SF:Controllers\couponController.js
FN:9,(anonymous_0)
FN:19,(anonymous_1)
FN:49,(anonymous_2)
FN:63,(anonymous_3)
FN:87,(anonymous_4)
FN:137,(anonymous_5)
FN:138,(anonymous_6)
FNF:7
FNH:0
FNDA:0,(anonymous_0)
FNDA:0,(anonymous_1)
FNDA:0,(anonymous_2)
FNDA:0,(anonymous_3)
FNDA:0,(anonymous_4)
FNDA:0,(anonymous_5)
FNDA:0,(anonymous_6)
DA:9,1
DA:12,0
DA:14,0
DA:17,1
DA:20,0
DA:23,0
DA:36,0
DA:38,0
DA:39,0
DA:40,0
DA:41,0
DA:44,0
DA:49,1
DA:50,0
DA:52,0
DA:53,0
DA:56,1
DA:64,0
DA:65,0
DA:66,0
DA:70,0
DA:88,0
DA:89,0
DA:90,0
DA:95,0
DA:102,0
DA:103,0
DA:104,0
DA:105,0
DA:106,0
DA:107,0
DA:109,0
DA:138,0
DA:140,0
DA:141,0
DA:144,0
DA:145,0
DA:147,0
DA:151,0
LF:39
LH:4
BRDA:38,0,0,0
BRDA:38,0,1,0
BRDA:65,1,0,0
BRDA:65,1,1,0
BRDA:102,2,0,0
BRDA:102,2,1,0
BRDA:104,3,0,0
BRDA:104,3,1,0
BRDA:106,4,0,0
BRDA:106,4,1,0
BRDA:140,5,0,0
BRDA:140,5,1,0
BRDA:144,6,0,0
BRDA:144,6,1,0
BRF:14
BRH:0
end_of_record
TN:
SF:Controllers\deliveryProfileController.js
FN:16,(anonymous_0)
FN:27,(anonymous_1)
FN:36,(anonymous_2)
FN:53,(anonymous_3)
FN:87,(anonymous_4)
FN:130,(anonymous_5)
FN:139,(anonymous_6)
FN:167,(anonymous_7)
FN:182,(anonymous_8)
FN:216,(anonymous_9)
FN:249,(anonymous_10)
FN:259,(anonymous_11)
FNF:12
FNH:0
FNDA:0,(anonymous_0)
FNDA:0,(anonymous_1)
FNDA:0,(anonymous_2)
FNDA:0,(anonymous_3)
FNDA:0,(anonymous_4)
FNDA:0,(anonymous_5)
FNDA:0,(anonymous_6)
FNDA:0,(anonymous_7)
FNDA:0,(anonymous_8)
FNDA:0,(anonymous_9)
FNDA:0,(anonymous_10)
FNDA:0,(anonymous_11)
DA:16,1
DA:17,0
DA:18,0
DA:20,0
DA:22,0
DA:25,1
DA:28,0
DA:30,0
DA:31,0
DA:34,0
DA:37,0
DA:40,0
DA:44,0
DA:45,0
DA:46,0
DA:48,0
DA:49,0
DA:53,1
DA:54,0
DA:80,0
DA:83,1
DA:88,0
DA:90,0
DA:125,0
DA:129,1
DA:131,0
DA:132,0
DA:133,0
DA:137,1
DA:140,0
DA:142,0
DA:144,0
DA:145,0
DA:146,0
DA:149,0
DA:157,0
DA:161,1
DA:168,0
DA:170,0
DA:172,0
DA:173,0
DA:174,0
DA:177,0
DA:181,0
DA:182,0
DA:183,0
DA:184,0
DA:191,0
DA:193,0
DA:196,0
DA:199,0
DA:200,0
DA:201,0
DA:205,0
DA:207,0
DA:215,1
DA:217,0
DA:218,0
DA:244,0
DA:248,1
DA:250,0
DA:253,0
DA:255,0
DA:259,1
DA:260,0
DA:265,0
LF:66
LH:10
BRDA:30,0,0,0
BRDA:30,0,1,0
BRDA:44,1,0,0
BRDA:44,1,1,0
BRDA:144,2,0,0
BRDA:144,2,1,0
BRDA:172,3,0,0
BRDA:172,3,1,0
BRDA:184,4,0,0
BRDA:184,4,1,0
BRDA:185,5,0,0
BRDA:185,5,1,0
BRDA:200,6,0,0
BRDA:200,6,1,0
BRF:14
BRH:0
end_of_record
TN:
SF:Controllers\giftCardController.js
FN:21,(anonymous_0)
FN:29,(anonymous_1)
FN:79,(anonymous_2)
FN:90,(anonymous_3)
FN:92,(anonymous_4)
FN:106,(anonymous_5)
FN:107,(anonymous_6)
FN:145,(anonymous_7)
FN:147,(anonymous_8)
FN:173,(anonymous_9)
FN:219,(anonymous_10)
FN:239,(anonymous_11)
FN:242,(anonymous_12)
FN:280,(anonymous_13)
FNF:14
FNH:0
FNDA:0,(anonymous_0)
FNDA:0,(anonymous_1)
FNDA:0,(anonymous_2)
FNDA:0,(anonymous_3)
FNDA:0,(anonymous_4)
FNDA:0,(anonymous_5)
FNDA:0,(anonymous_6)
FNDA:0,(anonymous_7)
FNDA:0,(anonymous_8)
FNDA:0,(anonymous_9)
FNDA:0,(anonymous_10)
FNDA:0,(anonymous_11)
FNDA:0,(anonymous_12)
FNDA:0,(anonymous_13)
DA:19,1
DA:21,1
DA:22,0
DA:24,0
DA:27,1
DA:30,0
DA:31,0
DA:32,0
DA:66,0
DA:68,0
DA:70,0
DA:72,0
DA:73,0
DA:74,0
DA:79,1
DA:80,0
DA:81,0
DA:82,0
DA:84,0
DA:90,1
DA:91,0
DA:92,0
DA:93,0
DA:94,0
DA:97,0
DA:98,0
DA:100,0
DA:106,1
DA:107,0
DA:108,0
DA:109,0
DA:111,0
DA:112,0
DA:116,0
DA:117,0
DA:118,0
DA:119,0
DA:121,0
DA:126,0
DA:128,0
DA:129,0
DA:133,1
DA:146,0
DA:147,0
DA:148,0
DA:149,0
DA:151,0
DA:152,0
DA:154,0
DA:158,0
DA:164,0
DA:165,0
DA:169,0
DA:173,1
DA:174,0
DA:175,0
DA:179,0
DA:180,0
DA:182,0
DA:184,0
DA:190,0
DA:191,0
DA:211,0
DA:214,1
DA:220,0
DA:221,0
DA:225,0
DA:226,0
DA:228,0
DA:229,0
DA:230,0
DA:237,0
DA:240,0
DA:242,0
DA:244,0
DA:245,0
DA:247,0
DA:248,0
DA:250,0
DA:272,0
DA:276,1
DA:281,0
DA:282,0
DA:283,0
DA:284,0
DA:308,0
DA:309,0
LF:87
LH:10
BRDA:68,0,0,0
BRDA:68,0,1,0
BRDA:107,1,0,0
BRDA:108,2,0,0
BRDA:108,2,1,0
BRDA:111,3,0,0
BRDA:111,3,1,0
BRDA:118,4,0,0
BRDA:118,4,1,0
BRDA:148,5,0,0
BRDA:148,5,1,0
BRDA:151,6,0,0
BRDA:151,6,1,0
BRDA:179,7,0,0
BRDA:179,7,1,0
BRDA:225,8,0,0
BRDA:225,8,1,0
BRDA:228,9,0,0
BRDA:228,9,1,0
BRDA:232,10,0,0
BRDA:232,10,1,0
BRDA:244,11,0,0
BRDA:244,11,1,0
BRF:23
BRH:0
end_of_record
TN:
SF:Controllers\offersController.js
FN:19,(anonymous_0)
FN:30,(anonymous_1)
FN:94,(anonymous_2)
FN:97,(anonymous_3)
FN:110,(anonymous_4)
FN:143,(anonymous_5)
FN:218,(anonymous_6)
FNF:7
FNH:1
FNDA:2,(anonymous_0)
FNDA:0,(anonymous_1)
FNDA:0,(anonymous_2)
FNDA:0,(anonymous_3)
FNDA:0,(anonymous_4)
FNDA:0,(anonymous_5)
FNDA:0,(anonymous_6)
DA:14,1
DA:19,1
DA:20,2
DA:27,1
DA:31,0
DA:32,0
DA:35,0
DA:39,0
DA:88,0
DA:92,1
DA:95,0
DA:97,0
DA:99,0
DA:100,0
DA:103,0
DA:105,0
DA:109,1
DA:111,0
DA:112,0
DA:114,0
DA:136,0
DA:140,1
DA:144,0
DA:146,0
DA:151,0
DA:189,0
DA:190,0
DA:198,0
DA:199,0
DA:205,0
DA:215,1
DA:219,0
DA:221,0
DA:227,0
DA:228,0
DA:230,0
DA:268,0
DA:270,0
LF:38
LH:8
BRDA:99,0,0,0
BRDA:99,0,1,0
BRDA:198,1,0,0
BRDA:198,1,1,0
BRF:4
BRH:0
end_of_record
TN:
SF:Controllers\orderController.js
FN:29,(anonymous_0)
FN:65,(anonymous_1)
FN:67,(anonymous_2)
FN:198,(anonymous_3)
FN:200,(anonymous_4)
FN:222,(anonymous_5)
FN:225,(anonymous_6)
FN:244,(anonymous_7)
FN:245,(anonymous_8)
FNF:9
FNH:0
FNDA:0,(anonymous_0)
FNDA:0,(anonymous_1)
FNDA:0,(anonymous_2)
FNDA:0,(anonymous_3)
FNDA:0,(anonymous_4)
FNDA:0,(anonymous_5)
FNDA:0,(anonymous_6)
FNDA:0,(anonymous_7)
FNDA:0,(anonymous_8)
DA:22,1
DA:23,1
DA:25,1
DA:27,1
DA:30,0
DA:31,0
DA:33,0
DA:37,0
DA:38,0
DA:39,0
DA:40,0
DA:46,0
DA:51,0
DA:59,1
DA:66,0
DA:67,0
DA:68,0
DA:69,0
DA:70,0
DA:80,0
DA:81,0
DA:82,0
DA:83,0
DA:88,0
DA:90,0
DA:91,0
DA:93,0
DA:94,0
DA:95,0
DA:96,0
DA:97,0
DA:98,0
DA:99,0
DA:100,0
DA:101,0
DA:102,0
DA:106,0
DA:107,0
DA:109,0
DA:111,0
DA:112,0
DA:133,0
DA:134,0
DA:137,0
DA:138,0
DA:149,0
DA:150,0
DA:156,0
DA:158,0
DA:159,0
DA:173,0
DA:174,0
DA:178,0
DA:190,0
DA:194,1
DA:199,0
DA:200,0
DA:201,0
DA:202,0
DA:206,0
DA:214,0
DA:218,1
DA:223,0
DA:225,0
DA:227,0
DA:228,0
DA:231,0
DA:237,0
DA:241,1
DA:245,0
DA:246,0
DA:248,0
DA:249,0
DA:252,0
DA:257,0
LF:75
LH:8
BRDA:37,0,0,0
BRDA:37,0,1,0
BRDA:38,1,0,0
BRDA:38,1,1,0
BRDA:80,2,0,0
BRDA:80,2,1,0
BRDA:81,3,0,0
BRDA:81,3,1,0
BRDA:82,4,0,0
BRDA:82,4,1,0
BRDA:90,5,0,0
BRDA:90,5,1,0
BRDA:95,6,0,0
BRDA:95,6,1,0
BRDA:98,7,0,0
BRDA:98,7,1,0
BRDA:102,8,0,0
BRDA:102,8,1,0
BRDA:149,9,0,0
BRDA:149,9,1,0
BRDA:173,10,0,0
BRDA:173,10,1,0
BRDA:180,11,0,0
BRDA:180,11,1,0
BRDA:201,12,0,0
BRDA:201,12,1,0
BRDA:227,13,0,0
BRDA:227,13,1,0
BRDA:248,14,0,0
BRDA:248,14,1,0
BRF:30
BRH:0
end_of_record
TN:
SF:Controllers\password-change.js
FN:18,(anonymous_0)
FN:29,(anonymous_1)
FN:30,(anonymous_2)
FN:79,(anonymous_3)
FN:88,(anonymous_4)
FN:90,(anonymous_5)
FNF:6
FNH:0
FNDA:0,(anonymous_0)
FNDA:0,(anonymous_1)
FNDA:0,(anonymous_2)
FNDA:0,(anonymous_3)
FNDA:0,(anonymous_4)
FNDA:0,(anonymous_5)
DA:12,1
DA:13,1
DA:19,0
DA:20,0
DA:21,0
DA:25,0
DA:26,0
DA:30,0
DA:31,0
DA:33,0
DA:35,0
DA:38,0
DA:40,0
DA:41,0
DA:43,0
DA:45,0
DA:49,0
DA:50,0
DA:52,0
DA:53,0
DA:60,0
DA:61,0
DA:65,0
DA:72,1
DA:80,0
DA:81,0
DA:83,0
DA:89,0
DA:90,0
DA:92,0
DA:93,0
DA:94,0
DA:96,0
DA:97,0
DA:98,0
DA:99,0
DA:103,0
DA:104,0
DA:106,0
DA:107,0
DA:110,0
DA:111,0
DA:112,0
DA:113,0
DA:114,0
DA:116,0
DA:118,0
DA:119,0
DA:121,0
DA:122,0
DA:123,0
DA:124,0
DA:126,0
DA:127,0
DA:129,0
LF:55
LH:3
BRDA:20,0,0,0
BRDA:20,0,1,0
BRDA:35,1,0,0
BRDA:35,1,1,0
BRDA:80,2,0,0
BRDA:80,2,1,0
BRDA:92,3,0,0
BRDA:92,3,1,0
BRDA:98,4,0,0
BRDA:98,4,1,0
BRDA:106,5,0,0
BRDA:106,5,1,0
BRDA:123,6,0,0
BRDA:123,6,1,0
BRDA:126,7,0,0
BRDA:126,7,1,0
BRF:16
BRH:0
end_of_record
TN:
SF:Controllers\productController.js
FN:21,(anonymous_0)
FN:35,(anonymous_1)
FN:37,(anonymous_2)
FN:96,(anonymous_3)
FN:99,(anonymous_4)
FN:356,(anonymous_5)
FN:456,(anonymous_6)
FN:462,(anonymous_7)
FN:537,(anonymous_8)
FN:538,(anonymous_9)
FN:581,(anonymous_10)
FN:582,(anonymous_11)
FN:630,(anonymous_12)
FN:640,(anonymous_13)
FN:660,(anonymous_14)
FN:673,(anonymous_15)
FN:675,(anonymous_16)
FN:695,(anonymous_17)
FN:699,(anonymous_18)
FNF:19
FNH:0
FNDA:0,(anonymous_0)
FNDA:0,(anonymous_1)
FNDA:0,(anonymous_2)
FNDA:0,(anonymous_3)
FNDA:0,(anonymous_4)
FNDA:0,(anonymous_5)
FNDA:0,(anonymous_6)
FNDA:0,(anonymous_7)
FNDA:0,(anonymous_8)
FNDA:0,(anonymous_9)
FNDA:0,(anonymous_10)
FNDA:0,(anonymous_11)
FNDA:0,(anonymous_12)
FNDA:0,(anonymous_13)
FNDA:0,(anonymous_14)
FNDA:0,(anonymous_15)
FNDA:0,(anonymous_16)
FNDA:0,(anonymous_17)
FNDA:0,(anonymous_18)
DA:21,1
DA:22,0
DA:23,0
DA:35,1
DA:36,0
DA:37,0
DA:43,0
DA:85,0
DA:86,0
DA:91,0
DA:94,1
DA:97,0
DA:99,0
DA:100,0
DA:101,0
DA:351,0
DA:353,0
DA:356,1
DA:357,0
DA:359,0
DA:381,0
DA:382,0
DA:385,0
DA:387,0
DA:388,0
DA:396,0
DA:398,0
DA:399,0
DA:400,0
DA:401,0
DA:402,0
DA:403,0
DA:404,0
DA:405,0
DA:407,0
DA:408,0
DA:411,0
DA:412,0
DA:413,0
DA:416,0
DA:417,0
DA:418,0
DA:420,0
DA:421,0
DA:423,0
DA:425,0
DA:426,0
DA:427,0
DA:430,0
DA:432,0
DA:434,0
DA:435,0
DA:437,0
DA:439,0
DA:440,0
DA:441,0
DA:442,0
DA:443,0
DA:444,0
DA:448,0
DA:449,0
DA:452,0
DA:453,0
DA:456,1
DA:457,0
DA:459,0
DA:461,0
DA:462,0
DA:463,0
DA:466,0
DA:470,0
DA:471,0
DA:533,1
DA:538,0
DA:539,0
DA:540,0
DA:541,0
DA:543,0
DA:544,0
DA:545,0
DA:547,0
DA:552,0
DA:553,0
DA:554,0
DA:559,0
DA:566,0
DA:567,0
DA:569,0
DA:571,0
DA:573,0
DA:577,1
DA:582,0
DA:584,0
DA:585,0
DA:586,0
DA:589,0
DA:590,0
DA:591,0
DA:592,0
DA:602,0
DA:603,0
DA:610,0
DA:614,0
DA:615,0
DA:616,0
DA:621,0
DA:624,0
DA:626,0
DA:630,1
DA:631,0
DA:632,0
DA:633,0
DA:637,0
DA:640,1
DA:641,0
DA:642,0
DA:652,0
DA:655,1
DA:661,0
DA:663,0
DA:664,0
DA:667,0
DA:674,0
DA:675,0
DA:677,0
DA:678,0
DA:680,0
DA:687,0
DA:694,1
DA:696,0
DA:698,0
DA:699,0
DA:700,0
DA:701,0
DA:703,0
DA:707,0
DA:716,0
DA:718,0
LF:138
LH:11
BRDA:85,0,0,0
BRDA:85,0,1,0
BRDA:381,1,0,0
BRDA:381,1,1,0
BRDA:381,2,0,0
BRDA:381,2,1,0
BRDA:401,3,0,0
BRDA:401,3,1,0
BRDA:407,4,0,0
BRDA:407,4,1,0
BRDA:407,5,0,0
BRDA:407,5,1,0
BRDA:413,6,0,0
BRDA:413,6,1,0
BRDA:420,7,0,0
BRDA:420,7,1,0
BRDA:430,8,0,0
BRDA:430,8,1,0
BRDA:430,9,0,0
BRDA:430,9,1,0
BRDA:430,9,2,0
BRDA:448,10,0,0
BRDA:448,10,1,0
BRDA:539,11,0,0
BRDA:539,11,1,0
BRDA:545,12,0,0
BRDA:545,12,1,0
BRDA:584,13,0,0
BRDA:584,13,1,0
BRDA:612,14,0,0
BRDA:612,14,1,0
BRDA:615,15,0,0
BRDA:615,15,1,0
BRDA:615,16,0,0
BRDA:615,16,1,0
BRDA:663,17,0,0
BRDA:663,17,1,0
BRDA:677,18,0,0
BRDA:677,18,1,0
BRF:39
BRH:0
end_of_record
TN:
SF:Controllers\searchController.js
FN:5,(anonymous_0)
FNF:1
FNH:0
FNDA:0,(anonymous_0)
DA:5,1
DA:6,0
DA:7,0
DA:34,0
DA:35,0
LF:5
LH:1
BRF:0
BRH:0
end_of_record
TN:
SF:Controllers\settingController.js
FN:30,(anonymous_0)
FN:31,(anonymous_1)
FN:55,(anonymous_2)
FNF:3
FNH:0
FNDA:0,(anonymous_0)
FNDA:0,(anonymous_1)
FNDA:0,(anonymous_2)
DA:8,1
DA:10,1
DA:31,0
DA:33,0
DA:34,0
DA:35,0
DA:37,0
DA:39,0
DA:40,0
DA:41,0
DA:42,0
DA:47,0
DA:50,0
DA:54,1
DA:56,0
DA:64,0
DA:65,0
DA:68,0
LF:18
LH:3
BRDA:33,0,0,0
BRDA:33,0,1,0
BRDA:41,1,0,0
BRDA:41,1,1,0
BRDA:64,2,0,0
BRDA:64,2,1,0
BRF:6
BRH:0
end_of_record
TN:
SF:Controllers\stripeController.js
FN:24,(anonymous_0)
FN:45,(anonymous_1)
FN:70,(anonymous_2)
FN:90,(anonymous_3)
FN:103,(anonymous_4)
FN:119,(anonymous_5)
FN:134,(anonymous_6)
FN:149,(anonymous_7)
FN:157,(anonymous_8)
FN:165,(anonymous_9)
FN:210,(anonymous_10)
FN:212,(anonymous_11)
FN:257,(anonymous_12)
FN:273,(anonymous_13)
FN:290,(anonymous_14)
FN:291,(anonymous_15)
FN:302,(anonymous_16)
FNF:17
FNH:0
FNDA:0,(anonymous_0)
FNDA:0,(anonymous_1)
FNDA:0,(anonymous_2)
FNDA:0,(anonymous_3)
FNDA:0,(anonymous_4)
FNDA:0,(anonymous_5)
FNDA:0,(anonymous_6)
FNDA:0,(anonymous_7)
FNDA:0,(anonymous_8)
FNDA:0,(anonymous_9)
FNDA:0,(anonymous_10)
FNDA:0,(anonymous_11)
FNDA:0,(anonymous_12)
FNDA:0,(anonymous_13)
FNDA:0,(anonymous_14)
FNDA:0,(anonymous_15)
FNDA:0,(anonymous_16)
DA:19,1
DA:20,1
DA:21,1
DA:23,1
DA:25,0
DA:27,0
DA:29,0
DA:33,0
DA:38,0
DA:45,0
DA:46,0
DA:49,0
DA:55,0
DA:66,1
DA:71,0
DA:72,0
DA:73,0
DA:77,0
DA:78,0
DA:85,0
DA:90,0
DA:91,0
DA:94,0
DA:96,0
DA:100,1
DA:104,0
DA:105,0
DA:106,0
DA:108,0
DA:119,0
DA:120,0
DA:123,0
DA:125,0
DA:135,0
DA:150,0
DA:158,0
DA:166,0
DA:184,0
DA:185,0
DA:186,0
DA:187,0
DA:189,0
DA:190,0
DA:191,0
DA:195,1
DA:211,0
DA:212,0
DA:214,0
DA:215,0
DA:217,0
DA:218,0
DA:226,0
DA:230,0
DA:235,0
DA:237,0
DA:239,0
DA:240,0
DA:241,0
DA:242,0
DA:251,0
DA:256,1
DA:258,0
DA:260,0
DA:262,0
DA:266,1
DA:274,0
DA:280,0
DA:282,0
DA:283,0
DA:285,0
DA:291,0
DA:293,0
DA:294,0
DA:297,0
DA:301,1
DA:303,0
DA:305,0
LF:77
LH:10
BRDA:214,0,0,0
BRDA:214,0,1,0
BRDA:222,1,0,0
BRDA:222,1,1,0
BRDA:240,2,0,0
BRDA:240,2,1,0
BRDA:241,3,0,0
BRDA:241,3,1,0
BRDA:244,4,0,0
BRDA:244,4,1,0
BRDA:282,5,0,0
BRDA:282,5,1,0
BRDA:293,6,0,0
BRDA:293,6,1,0
BRF:14
BRH:0
end_of_record
TN:
SF:Controllers\userController.js
FN:45,(anonymous_0)
FN:85,(anonymous_1)
FN:94,(anonymous_2)
FN:97,(anonymous_3)
FN:118,(anonymous_4)
FN:153,(anonymous_5)
FN:160,(anonymous_6)
FN:179,(anonymous_7)
FN:239,(anonymous_8)
FN:258,(anonymous_9)
FN:275,(anonymous_10)
FN:276,(anonymous_11)
FN:284,(anonymous_12)
FN:294,(anonymous_13)
FN:313,(anonymous_14)
FN:324,(anonymous_15)
FN:331,(anonymous_16)
FN:340,(anonymous_17)
FN:354,(anonymous_18)
FN:393,(anonymous_19)
FN:442,(anonymous_20)
FN:454,(anonymous_21)
FN:457,(anonymous_22)
FN:515,(anonymous_23)
FN:553,(anonymous_24)
FN:582,(anonymous_25)
FN:594,(anonymous_26)
FN:622,(anonymous_27)
FN:645,(anonymous_28)
FN:676,(anonymous_29)
FN:697,(anonymous_30)
FN:721,(anonymous_31)
FN:733,(anonymous_32)
FN:739,(anonymous_33)
FN:768,(anonymous_34)
FN:778,(anonymous_35)
FN:809,(anonymous_36)
FN:827,(anonymous_37)
FN:842,(anonymous_38)
FN:899,(anonymous_39)
FN:923,(anonymous_40)
FN:942,(anonymous_41)
FN:943,(anonymous_42)
FN:986,(anonymous_43)
FN:1065,(anonymous_44)
FN:1069,(anonymous_45)
FN:1122,(anonymous_46)
FN:1130,(anonymous_47)
FNF:48
FNH:2
FNDA:0,(anonymous_0)
FNDA:0,(anonymous_1)
FNDA:0,(anonymous_2)
FNDA:0,(anonymous_3)
FNDA:0,(anonymous_4)
FNDA:3,(anonymous_5)
FNDA:7,(anonymous_6)
FNDA:0,(anonymous_7)
FNDA:0,(anonymous_8)
FNDA:0,(anonymous_9)
FNDA:0,(anonymous_10)
FNDA:0,(anonymous_11)
FNDA:0,(anonymous_12)
FNDA:0,(anonymous_13)
FNDA:0,(anonymous_14)
FNDA:0,(anonymous_15)
FNDA:0,(anonymous_16)
FNDA:0,(anonymous_17)
FNDA:0,(anonymous_18)
FNDA:0,(anonymous_19)
FNDA:0,(anonymous_20)
FNDA:0,(anonymous_21)
FNDA:0,(anonymous_22)
FNDA:0,(anonymous_23)
FNDA:0,(anonymous_24)
FNDA:0,(anonymous_25)
FNDA:0,(anonymous_26)
FNDA:0,(anonymous_27)
FNDA:0,(anonymous_28)
FNDA:0,(anonymous_29)
FNDA:0,(anonymous_30)
FNDA:0,(anonymous_31)
FNDA:0,(anonymous_32)
FNDA:0,(anonymous_33)
FNDA:0,(anonymous_34)
FNDA:0,(anonymous_35)
FNDA:0,(anonymous_36)
FNDA:0,(anonymous_37)
FNDA:0,(anonymous_38)
FNDA:0,(anonymous_39)
FNDA:0,(anonymous_40)
FNDA:0,(anonymous_41)
FNDA:0,(anonymous_42)
FNDA:0,(anonymous_43)
FNDA:0,(anonymous_44)
FNDA:0,(anonymous_45)
FNDA:0,(anonymous_46)
FNDA:0,(anonymous_47)
DA:36,1
DA:38,1
DA:39,1
DA:40,1
DA:41,1
DA:45,1
DA:46,0
DA:81,0
DA:82,0
DA:85,1
DA:86,0
DA:87,0
DA:88,0
DA:89,0
DA:94,1
DA:95,0
DA:96,0
DA:97,0
DA:98,0
DA:101,0
DA:105,0
DA:108,1
DA:110,1
DA:116,1
DA:119,0
DA:130,0
DA:132,0
DA:133,0
DA:144,0
DA:146,0
DA:147,0
DA:151,1
DA:154,3
DA:155,3
DA:157,3
DA:158,2
DA:160,2
DA:161,7
DA:163,2
DA:166,1
DA:168,1
DA:169,1
DA:170,1
DA:175,1
DA:179,1
DA:180,0
DA:182,0
DA:190,0
DA:230,0
DA:231,0
DA:233,0
DA:237,1
DA:240,0
DA:241,0
DA:243,0
DA:248,0
DA:250,0
DA:254,1
DA:259,0
DA:261,0
DA:262,0
DA:265,0
DA:276,0
DA:277,0
DA:280,0
DA:281,0
DA:284,0
DA:285,0
DA:286,0
DA:288,0
DA:289,0
DA:294,0
DA:296,0
DA:297,0
DA:300,0
DA:313,1
DA:314,0
DA:315,0
DA:316,0
DA:318,0
DA:324,1
DA:325,0
DA:326,0
DA:328,0
DA:331,1
DA:340,0
DA:341,0
DA:342,0
DA:344,0
DA:350,0
DA:353,1
DA:355,0
DA:381,0
DA:385,1
DA:394,0
DA:396,0
DA:401,0
DA:409,0
DA:410,0
DA:413,0
DA:414,0
DA:415,0
DA:417,0
DA:419,0
DA:420,0
DA:428,0
DA:429,0
DA:432,0
DA:443,0
DA:444,0
DA:446,0
DA:448,0
DA:449,0
DA:452,0
DA:455,0
DA:456,0
DA:457,0
DA:459,0
DA:460,0
DA:463,0
DA:472,0
DA:473,0
DA:480,0
DA:484,0
DA:490,0
DA:509,0
DA:513,1
DA:516,0
DA:518,0
DA:519,0
DA:520,0
DA:522,0
DA:524,0
DA:526,0
DA:536,0
DA:537,0
DA:542,0
DA:544,0
DA:552,1
DA:554,0
DA:556,0
DA:557,0
DA:568,0
DA:569,0
DA:573,0
DA:576,0
DA:580,1
DA:583,0
DA:585,0
DA:586,0
DA:587,0
DA:589,0
DA:592,0
DA:594,0
DA:595,0
DA:598,0
DA:599,0
DA:602,0
DA:606,0
DA:607,0
DA:612,0
DA:617,1
DA:623,0
DA:625,0
DA:638,0
DA:644,1
DA:646,0
DA:647,0
DA:648,0
DA:649,0
DA:650,0
DA:664,0
DA:671,1
DA:677,0
DA:679,0
DA:689,0
DA:696,1
DA:698,0
DA:699,0
DA:701,0
DA:702,0
DA:720,1
DA:722,0
DA:723,0
DA:724,0
DA:728,0
DA:732,1
DA:734,0
DA:736,0
DA:738,0
DA:739,0
DA:741,0
DA:742,0
DA:743,0
DA:748,0
DA:753,0
DA:759,0
DA:767,1
DA:769,0
DA:771,0
DA:774,0
DA:776,0
DA:777,0
DA:779,0
DA:780,0
DA:782,0
DA:783,0
DA:795,0
DA:796,0
DA:803,0
DA:810,0
DA:811,0
DA:813,0
DA:814,0
DA:816,0
DA:819,0
DA:826,1
DA:828,0
DA:829,0
DA:837,0
DA:841,1
DA:843,0
DA:867,0
DA:868,0
DA:870,0
DA:890,0
DA:894,0
DA:898,1
DA:900,0
DA:906,0
DA:913,0
DA:919,1
DA:924,0
DA:925,0
DA:930,0
DA:932,0
DA:933,0
DA:935,0
DA:943,0
DA:945,0
DA:946,0
DA:949,0
DA:950,0
DA:951,0
DA:959,0
DA:960,0
DA:962,0
DA:964,0
DA:970,0
DA:972,0
DA:973,0
DA:980,0
DA:981,0
DA:985,1
DA:987,0
DA:988,0
DA:989,0
DA:993,0
DA:1007,0
DA:1008,0
DA:1010,0
DA:1015,0
DA:1018,0
DA:1020,0
DA:1026,0
DA:1054,1
DA:1066,0
DA:1067,0
DA:1069,0
DA:1071,0
DA:1072,0
DA:1075,0
DA:1095,0
DA:1096,0
DA:1100,0
DA:1103,0
DA:1105,0
DA:1106,0
DA:1112,0
DA:1113,0
DA:1114,0
DA:1116,0
DA:1121,1
DA:1123,0
DA:1124,0
DA:1125,0
DA:1129,1
DA:1131,0
DA:1133,0
DA:1137,0
LF:290
LH:50
BRDA:157,0,0,2
BRDA:157,0,1,1
BRDA:230,1,0,0
BRDA:230,1,1,0
BRDA:261,2,0,0
BRDA:261,2,1,0
BRDA:280,3,0,0
BRDA:280,3,1,0
BRDA:285,4,0,0
BRDA:285,4,1,0
BRDA:288,5,0,0
BRDA:288,5,1,0
BRDA:296,6,0,0
BRDA:296,6,1,0
BRDA:314,7,0,0
BRDA:314,7,1,0
BRDA:325,8,0,0
BRDA:325,8,1,0
BRDA:341,9,0,0
BRDA:341,9,1,0
BRDA:409,10,0,0
BRDA:409,10,1,0
BRDA:413,11,0,0
BRDA:413,11,1,0
BRDA:419,12,0,0
BRDA:419,12,1,0
BRDA:428,13,0,0
BRDA:428,13,1,0
BRDA:448,14,0,0
BRDA:448,14,1,0
BRDA:459,15,0,0
BRDA:459,15,1,0
BRDA:472,16,0,0
BRDA:472,16,1,0
BRDA:518,17,0,0
BRDA:518,17,1,0
BRDA:536,18,0,0
BRDA:536,18,1,0
BRDA:568,19,0,0
BRDA:568,19,1,0
BRDA:586,20,0,0
BRDA:586,20,1,0
BRDA:598,21,0,0
BRDA:598,21,1,0
BRDA:606,22,0,0
BRDA:606,22,1,0
BRDA:742,23,0,0
BRDA:742,23,1,0
BRDA:779,24,0,0
BRDA:779,24,1,0
BRDA:795,25,0,0
BRDA:795,25,1,0
BRDA:810,26,0,0
BRDA:810,26,1,0
BRDA:813,27,0,0
BRDA:813,27,1,0
BRDA:932,28,0,0
BRDA:932,28,1,0
BRDA:945,29,0,0
BRDA:945,29,1,0
BRDA:950,30,0,0
BRDA:950,30,1,0
BRDA:1007,31,0,0
BRDA:1007,31,1,0
BRDA:1071,32,0,0
BRDA:1071,32,1,0
BRDA:1095,33,0,0
BRDA:1095,33,1,0
BRDA:1113,34,0,0
BRDA:1113,34,1,0
BRF:70
BRH:2
end_of_record
TN:
SF:Controllers\WebHooks\stripeWebhooks.js
FN:18,(anonymous_0)
FN:63,(anonymous_1)
FN:74,(anonymous_2)
FN:77,(anonymous_3)
FN:210,(anonymous_4)
FN:224,(anonymous_5)
FNF:6
FNH:0
FNDA:0,(anonymous_0)
FNDA:0,(anonymous_1)
FNDA:0,(anonymous_2)
FNDA:0,(anonymous_3)
FNDA:0,(anonymous_4)
FNDA:0,(anonymous_5)
DA:15,1
DA:16,1
DA:18,1
DA:19,0
DA:20,0
DA:29,0
DA:30,0
DA:31,0
DA:33,0
DA:35,0
DA:37,0
DA:42,0
DA:43,0
DA:45,0
DA:46,0
DA:48,0
DA:50,0
DA:61,0
DA:63,0
DA:64,0
DA:65,0
DA:67,0
DA:70,0
DA:72,0
DA:74,0
DA:75,0
DA:77,0
DA:78,0
DA:79,0
DA:81,0
DA:82,0
DA:90,0
DA:96,0
DA:100,0
DA:101,0
DA:102,0
DA:106,0
DA:108,0
DA:113,0
DA:116,0
DA:117,0
DA:119,0
DA:120,0
DA:124,0
DA:125,0
DA:131,0
DA:135,0
DA:139,0
DA:142,0
DA:146,0
DA:176,0
DA:178,0
DA:185,0
DA:186,0
DA:189,0
DA:190,0
DA:192,0
DA:193,0
DA:197,0
DA:198,0
DA:199,0
DA:200,0
DA:206,0
DA:208,0
DA:210,0
DA:211,0
DA:212,0
DA:216,0
DA:223,0
DA:225,0
DA:230,0
DA:232,0
DA:235,0
DA:236,0
LF:74
LH:3
BRDA:29,0,0,0
BRDA:29,0,1,0
BRDA:42,1,0,0
BRDA:42,1,1,0
BRDA:64,2,0,0
BRDA:64,2,1,0
BRDA:78,3,0,0
BRDA:78,3,1,0
BRDA:82,4,0,0
BRDA:82,4,1,0
BRDA:100,5,0,0
BRDA:100,5,1,0
BRDA:114,6,0,0
BRDA:114,6,1,0
BRDA:116,7,0,0
BRDA:116,7,1,0
BRDA:119,8,0,0
BRDA:119,8,1,0
BRDA:124,9,0,0
BRDA:124,9,1,0
BRDA:152,10,0,0
BRDA:152,10,1,0
BRDA:189,11,0,0
BRDA:189,11,1,0
BRDA:197,12,0,0
BRDA:197,12,1,0
BRDA:212,13,0,0
BRDA:212,13,1,0
BRDA:213,14,0,0
BRDA:213,14,1,0
BRF:30
BRH:0
end_of_record
TN:
SF:Models\address.js
FNF:0
FNH:0
DA:3,1
LF:1
LH:1
BRF:0
BRH:0
end_of_record
TN:
SF:Models\cart.js
FNF:0
FNH:0
DA:3,1
DA:5,1
DA:20,1
DA:77,1
LF:4
LH:4
BRF:0
BRH:0
end_of_record
TN:
SF:Models\category.js
FNF:0
FNH:0
DA:3,1
DA:5,1
LF:2
LH:2
BRF:0
BRH:0
end_of_record
TN:
SF:Models\coupon.js
FN:66,(anonymous_0)
FNF:1
FNH:0
FNDA:0,(anonymous_0)
DA:3,1
DA:4,1
DA:5,1
DA:6,1
DA:66,1
DA:67,0
DA:68,0
DA:70,0
LF:8
LH:5
BRDA:67,0,0,0
BRDA:67,0,1,0
BRDA:67,1,0,0
BRDA:67,1,1,0
BRF:4
BRH:0
end_of_record
TN:
SF:Models\deliveryProfile.js
FN:9,(anonymous_0)
FN:27,(anonymous_1)
FN:54,(anonymous_2)
FN:110,(anonymous_3)
FNF:4
FNH:2
FNDA:5,(anonymous_0)
FNDA:0,(anonymous_1)
FNDA:1,(anonymous_2)
FNDA:0,(anonymous_3)
DA:4,1
DA:9,1
DA:10,5
DA:28,0
DA:38,0
DA:54,1
DA:75,1
DA:110,1
DA:111,0
DA:112,0
LF:10
LH:6
BRF:0
BRH:0
end_of_record
TN:
SF:Models\giftCard.js
FN:37,(anonymous_0)
FN:62,(anonymous_1)
FNF:2
FNH:0
FNDA:0,(anonymous_0)
FNDA:0,(anonymous_1)
DA:8,1
DA:10,1
DA:11,1
DA:13,1
DA:28,1
DA:29,1
DA:37,1
DA:38,0
DA:39,0
DA:40,0
DA:41,0
DA:42,0
DA:46,0
DA:47,0
DA:48,0
DA:49,0
DA:50,0
DA:51,0
DA:52,0
DA:54,0
DA:60,0
DA:62,1
DA:63,0
DA:64,0
DA:66,0
LF:25
LH:8
BRDA:63,0,0,0
BRDA:63,0,1,0
BRDA:63,1,0,0
BRDA:63,1,1,0
BRF:4
BRH:0
end_of_record
TN:
SF:Models\oAuthUser.js
FNF:0
FNH:0
DA:2,1
DA:4,1
LF:2
LH:2
BRF:0
BRH:0
end_of_record
TN:
SF:Models\order.js
FNF:0
FNH:0
DA:4,1
DA:18,1
DA:31,1
DA:37,1
LF:4
LH:4
BRF:0
BRH:0
end_of_record
TN:
SF:Models\privateNote.js
FNF:0
FNH:0
DA:3,1
LF:1
LH:1
BRF:0
BRH:0
end_of_record
TN:
SF:Models\product.js
FN:20,(anonymous_0)
FNF:1
FNH:0
FNDA:0,(anonymous_0)
DA:3,1
DA:20,1
DA:21,0
DA:25,1
DA:78,1
LF:5
LH:4
BRF:0
BRH:0
end_of_record
TN:
SF:Models\setting.js
FNF:0
FNH:0
DA:3,1
DA:5,1
LF:2
LH:2
BRF:0
BRH:0
end_of_record
TN:
SF:Models\user.js
FN:92,(anonymous_0)
FN:101,(anonymous_1)
FN:104,(anonymous_2)
FNF:3
FNH:3
FNDA:1,(anonymous_0)
FNDA:2,(anonymous_1)
FNDA:1,(anonymous_2)
DA:6,1
DA:7,1
DA:9,1
DA:91,1
DA:93,1
DA:95,1
DA:97,1
DA:101,1
DA:102,2
DA:104,1
DA:105,1
LF:11
LH:11
BRF:0
BRH:0
end_of_record
TN:
SF:Models\wishlist.js
FNF:0
FNH:0
LF:0
LH:0
BRF:0
BRH:0
end_of_record
TN:
SF:React Email\emailtest.js
FN:25,(anonymous_0)
FNF:1
FNH:0
FNDA:0,(anonymous_0)
DA:9,1
DA:20,1
DA:21,1
DA:23,1
DA:26,0
DA:40,0
DA:45,0
DA:46,0
DA:55,0
LF:9
LH:4
BRF:0
BRH:0
end_of_record
TN:
SF:React Email\components\emailHead.jsx
FN:8,EmailHead
FNF:1
FNH:0
FNDA:0,EmailHead
DA:9,0
LF:1
LH:0
BRF:0
BRH:0
end_of_record
TN:
SF:React Email\components\emailTailwind.jsx
FN:34,EmailTailwind
FNF:1
FNH:0
FNDA:0,EmailTailwind
DA:20,1
DA:35,0
LF:2
LH:1
BRF:0
BRH:0
end_of_record
TN:
SF:React Email\components\footer.jsx
FN:15,Footer
FN:30,(anonymous_1)
FNF:2
FNH:0
FNDA:0,Footer
FNDA:0,(anonymous_1)
DA:14,1
DA:17,0
DA:37,0
LF:3
LH:1
BRDA:51,0,0,0
BRDA:51,0,1,0
BRF:2
BRH:0
end_of_record
TN:
SF:React Email\components\footer_icons.js
FNF:0
FNH:0
DA:1,1
LF:1
LH:1
BRF:0
BRH:0
end_of_record
TN:
SF:React Email\components\header.jsx
FN:5,Header
FNF:1
FNH:0
FNDA:0,Header
DA:4,1
DA:6,0
LF:2
LH:1
BRF:0
BRH:0
end_of_record
TN:
SF:React Email\components\item.jsx
FN:7,Item
FNF:1
FNH:0
FNDA:0,Item
DA:16,0
LF:1
LH:0
BRDA:20,0,0,0
BRDA:20,0,1,0
BRDA:28,1,0,0
BRDA:28,1,1,0
BRDA:32,2,0,0
BRDA:32,2,1,0
BRDA:33,3,0,0
BRDA:33,3,1,0
BRF:8
BRH:0
end_of_record
TN:
SF:React Email\components\morequestions.jsx
FN:19,MoreQuestions
FN:42,(anonymous_1)
FN:45,(anonymous_2)
FNF:3
FNH:0
FNDA:0,MoreQuestions
FNDA:0,(anonymous_1)
FNDA:0,(anonymous_2)
DA:20,0
DA:43,0
DA:46,0
LF:3
LH:0
BRF:0
BRH:0
end_of_record
TN:
SF:React Email\components\thanks.jsx
FN:17,Thanks
FNF:1
FNH:0
FNDA:0,Thanks
DA:18,0
LF:1
LH:0
BRF:0
BRH:0
end_of_record
TN:
SF:React Email\components\totalContainer.jsx
FN:21,TotalContainer
FN:57,(anonymous_1)
FNF:2
FNH:0
FNDA:0,TotalContainer
FNDA:0,(anonymous_1)
DA:22,0
DA:39,0
DA:40,0
DA:41,0
DA:47,0
DA:48,0
DA:53,0
DA:58,0
LF:8
LH:0
BRDA:30,0,0,0
BRDA:30,0,1,0
BRDA:40,1,0,0
BRDA:40,1,1,0
BRDA:47,2,0,0
BRDA:47,2,1,0
BRDA:60,3,0,0
BRDA:60,3,1,0
BRDA:66,4,0,0
BRDA:66,4,1,0
BRDA:75,5,0,0
BRDA:75,5,1,0
BRDA:78,6,0,0
BRDA:78,6,1,0
BRDA:78,6,2,0
BRF:15
BRH:0
end_of_record
TN:
SF:React Email\emails\changeEmail.jsx
FN:23,ChangeEmail
FNF:1
FNH:0
FNDA:0,ChangeEmail
DA:22,1
DA:24,0
LF:2
LH:1
BRDA:28,0,0,0
BRDA:28,0,1,0
BRDA:64,1,0,0
BRDA:64,1,1,0
BRF:4
BRH:0
end_of_record
TN:
SF:React Email\emails\changePassword.jsx
FN:23,ChangePassword
FNF:1
FNH:0
FNDA:0,ChangePassword
DA:22,1
DA:24,0
LF:2
LH:1
BRF:0
BRH:0
end_of_record
TN:
SF:React Email\emails\orderCancelled.jsx
FN:29,OrderCancel
FN:76,(anonymous_1)
FNF:2
FNH:0
FNDA:0,OrderCancel
FNDA:0,(anonymous_1)
DA:30,0
DA:31,0
DA:32,0
DA:77,0
LF:4
LH:0
BRDA:68,0,0,0
BRDA:68,0,1,0
BRF:2
BRH:0
end_of_record
TN:
SF:React Email\emails\orderReceived.jsx
FN:32,OrderReceived
FN:134,(anonymous_1)
FN:148,(anonymous_2)
FNF:3
FNH:0
FNDA:0,OrderReceived
FNDA:0,(anonymous_1)
FNDA:0,(anonymous_2)
DA:31,1
DA:33,0
DA:35,0
DA:37,0
DA:47,0
DA:135,0
DA:149,0
LF:7
LH:1
BRDA:108,0,0,0
BRDA:108,0,1,0
BRDA:186,1,0,0
BRDA:186,1,1,0
BRF:4
BRH:0
end_of_record
TN:
SF:React Email\emails\orderShipped.jsx
FN:25,OrderShipped
FN:80,(anonymous_1)
FN:86,(anonymous_2)
FN:236,(anonymous_3)
FNF:4
FNH:0
FNDA:0,OrderShipped
FNDA:0,(anonymous_1)
FNDA:0,(anonymous_2)
FNDA:0,(anonymous_3)
DA:26,0
DA:28,0
DA:43,0
DA:48,0
DA:50,0
DA:56,0
DA:59,0
DA:60,0
DA:66,0
DA:73,0
DA:78,0
DA:81,0
DA:86,0
DA:87,0
DA:98,0
DA:237,0
LF:16
LH:0
BRDA:50,0,0,0
BRDA:50,0,1,0
BRDA:59,1,0,0
BRDA:59,1,1,0
BRDA:74,2,0,0
BRDA:74,2,1,0
BRDA:106,3,0,0
BRDA:106,3,1,0
BRDA:125,4,0,0
BRDA:125,4,1,0
BRDA:149,5,0,0
BRDA:149,5,1,0
BRDA:169,6,0,0
BRDA:169,6,1,0
BRDA:183,7,0,0
BRDA:183,7,1,0
BRDA:186,8,0,0
BRDA:186,8,1,0
BRDA:210,9,0,0
BRDA:210,9,1,0
BRDA:215,10,0,0
BRDA:215,10,1,0
BRDA:251,11,0,0
BRDA:251,11,1,0
BRF:24
BRH:0
end_of_record
TN:
SF:React Email\emails\orderSuccess.jsx
FN:38,OrderSuccess
FN:672,(anonymous_1)
FN:908,(anonymous_2)
FN:915,(anonymous_3)
FNF:4
FNH:0
FNDA:0,OrderSuccess
FNDA:0,(anonymous_1)
FNDA:0,(anonymous_2)
FNDA:0,(anonymous_3)
DA:20,1
DA:27,1
DA:53,0
DA:55,0
DA:62,0
DA:70,0
DA:673,0
DA:909,0
DA:916,0
LF:9
LH:2
BRDA:474,0,0,0
BRDA:474,0,1,0
BRF:2
BRH:0
end_of_record
TN:
SF:React Email\emails\passwordreset.jsx
FN:25,PasswordReset
FNF:1
FNH:0
FNDA:0,PasswordReset
DA:24,1
DA:26,0
LF:2
LH:1
BRF:0
BRH:0
end_of_record
TN:
SF:React Email\emails\returnOrder.jsx
FN:28,ReturnOrder
FN:31,(anonymous_1)
FN:119,(anonymous_2)
FNF:3
FNH:0
FNDA:0,ReturnOrder
FNDA:0,(anonymous_1)
FNDA:0,(anonymous_2)
DA:29,0
DA:30,0
DA:31,0
DA:34,0
DA:120,0
LF:5
LH:0
BRDA:111,0,0,0
BRDA:111,0,1,0
BRF:2
BRH:0
end_of_record
TN:
SF:React Email\emails\giftcard\GiftCardSend.jsx
FN:31,GiftCardSend
FNF:1
FNH:0
FNDA:0,GiftCardSend
DA:30,1
DA:32,0
DA:37,0
LF:3
LH:1
BRDA:124,0,0,0
BRDA:124,0,1,0
BRF:2
BRH:0
end_of_record
TN:
SF:Routes\adminRoute.js
FNF:0
FNH:0
DA:79,1
DA:81,1
DA:82,1
DA:83,1
DA:84,1
DA:85,1
DA:87,1
DA:88,1
DA:89,1
DA:90,1
DA:92,1
DA:93,1
DA:94,1
DA:95,1
DA:96,1
DA:97,1
DA:98,1
DA:99,1
DA:100,1
DA:101,1
DA:102,1
DA:103,1
DA:104,1
DA:105,1
DA:106,1
DA:107,1
DA:108,1
DA:109,1
DA:110,1
DA:111,1
DA:112,1
DA:113,1
DA:114,1
DA:115,1
DA:116,1
DA:117,1
DA:118,1
DA:119,1
DA:120,1
DA:121,1
DA:122,1
DA:123,1
DA:124,1
DA:125,1
DA:126,1
DA:127,1
DA:128,1
DA:129,1
DA:130,1
DA:131,1
DA:132,1
DA:133,1
DA:134,1
DA:135,1
DA:136,1
DA:137,1
DA:138,1
LF:57
LH:57
BRF:0
BRH:0
end_of_record
TN:
SF:Routes\authRoute.js
FN:26,(anonymous_0)
FN:27,(anonymous_1)
FN:33,(anonymous_2)
FN:39,(anonymous_3)
FN:62,(anonymous_4)
FN:87,(anonymous_5)
FN:88,(anonymous_6)
FN:103,(anonymous_7)
FN:118,(anonymous_8)
FNF:9
FNH:1
FNDA:3,(anonymous_0)
FNDA:0,(anonymous_1)
FNDA:0,(anonymous_2)
FNDA:0,(anonymous_3)
FNDA:0,(anonymous_4)
FNDA:0,(anonymous_5)
FNDA:0,(anonymous_6)
FNDA:0,(anonymous_7)
FNDA:0,(anonymous_8)
DA:15,1
DA:18,1
DA:19,1
DA:20,1
DA:23,1
DA:24,1
DA:26,1
DA:27,3
DA:28,0
DA:30,0
DA:31,0
DA:33,0
DA:34,0
DA:35,0
DA:38,0
DA:39,0
DA:40,0
DA:41,0
DA:43,0
DA:46,0
DA:47,0
DA:48,0
DA:56,1
DA:57,1
DA:58,1
DA:60,1
DA:63,0
DA:64,0
DA:66,0
DA:68,0
DA:69,0
DA:76,0
DA:78,0
DA:80,0
DA:85,1
DA:88,0
DA:89,0
DA:90,0
DA:91,0
DA:93,0
DA:95,0
DA:96,0
DA:97,0
DA:102,0
DA:103,0
DA:104,0
DA:105,0
DA:108,0
DA:115,1
DA:119,0
DA:120,0
DA:121,0
DA:134,0
DA:135,0
LF:54
LH:14
BRDA:30,0,0,0
BRDA:30,0,1,0
BRDA:34,1,0,0
BRDA:34,1,1,0
BRDA:38,2,0,0
BRDA:38,2,1,0
BRDA:40,3,0,0
BRDA:40,3,1,0
BRDA:47,4,0,0
BRDA:47,4,1,0
BRDA:68,5,0,0
BRDA:68,5,1,0
BRDA:90,6,0,0
BRDA:90,6,1,0
BRDA:104,7,0,0
BRDA:104,7,1,0
BRF:16
BRH:0
end_of_record
TN:
SF:Routes\cartRoute.js
FNF:0
FNH:0
DA:5,1
DA:13,1
DA:14,1
DA:15,1
DA:16,1
DA:17,1
DA:18,1
DA:19,1
LF:8
LH:8
BRF:0
BRH:0
end_of_record
TN:
SF:Routes\categoryRoute.js
FNF:0
FNH:0
DA:8,1
DA:11,1
DA:12,1
LF:3
LH:3
BRF:0
BRH:0
end_of_record
TN:
SF:Routes\couponRoute.js
FNF:0
FNH:0
DA:8,1
DA:9,1
LF:2
LH:2
BRF:0
BRH:0
end_of_record
TN:
SF:Routes\deliveryRoute.js
FNF:0
FNH:0
DA:4,1
DA:6,1
LF:2
LH:2
BRF:0
BRH:0
end_of_record
TN:
SF:Routes\giftCardRoute.js
FNF:0
FNH:0
DA:12,1
DA:14,1
DA:15,1
DA:16,1
DA:19,1
LF:5
LH:5
BRF:0
BRH:0
end_of_record
TN:
SF:Routes\index.js
FN:50,(anonymous_0)
FN:58,(anonymous_1)
FNF:2
FNH:0
FNDA:0,(anonymous_0)
FNDA:0,(anonymous_1)
DA:30,1
DA:32,1
DA:33,1
DA:34,1
DA:35,1
DA:37,1
DA:38,1
DA:40,1
DA:41,1
DA:42,1
DA:43,1
DA:44,1
DA:45,1
DA:46,1
DA:47,1
DA:48,1
DA:50,1
DA:51,0
DA:54,1
DA:56,1
DA:59,0
DA:63,1
DA:64,1
LF:23
LH:21
BRF:0
BRH:0
end_of_record
TN:
SF:Routes\offersRoute.js
FNF:0
FNH:0
DA:10,1
DA:11,1
DA:12,1
DA:13,1
DA:14,1
DA:15,1
LF:6
LH:6
BRF:0
BRH:0
end_of_record
TN:
SF:Routes\orderRoute.js
FNF:0
FNH:0
DA:7,1
DA:10,1
DA:11,1
LF:3
LH:3
BRF:0
BRH:0
end_of_record
TN:
SF:Routes\productRoute.js
FNF:0
FNH:0
DA:9,1
DA:11,1
DA:13,1
DA:15,1
DA:16,1
LF:5
LH:5
BRF:0
BRH:0
end_of_record
TN:
SF:Routes\searchRoute.js
FNF:0
FNH:0
DA:3,1
DA:5,1
LF:2
LH:2
BRF:0
BRH:0
end_of_record
TN:
SF:Routes\stripeRoute.js
FNF:0
FNH:0
DA:12,1
DA:14,1
DA:15,1
DA:16,1
DA:17,1
DA:18,1
DA:19,1
DA:20,1
LF:8
LH:8
BRF:0
BRH:0
end_of_record
TN:
SF:Routes\userRoute.js
FNF:0
FNH:0
DA:38,1
DA:39,1
DA:40,1
DA:41,1
DA:43,1
DA:44,1
DA:45,1
DA:46,1
DA:47,1
DA:48,1
DA:49,1
DA:50,1
DA:51,1
DA:52,1
DA:53,1
DA:54,1
DA:55,1
DA:56,1
DA:57,1
DA:58,1
DA:59,1
DA:60,1
DA:61,1
DA:62,1
DA:63,1
DA:64,1
DA:65,1
LF:27
LH:27
BRF:0
BRH:0
end_of_record
TN:
SF:Routes\webhookRoute.js
FNF:0
FNH:0
DA:3,1
DA:5,1
LF:2
LH:2
BRF:0
BRH:0
end_of_record
TN:
SF:Routes\wishlistRoute.js
FNF:0
FNH:0
DA:5,1
DA:14,1
DA:15,1
DA:16,1
DA:17,1
DA:18,1
DA:19,1
DA:20,1
DA:21,1
LF:9
LH:9
BRF:0
BRH:0
end_of_record
TN:
SF:Upload\fileFilter.js
FN:2,(anonymous_0)
FNF:1
FNH:0
FNDA:0,(anonymous_0)
DA:2,1
DA:3,0
DA:4,0
DA:6,0
LF:4
LH:1
BRDA:3,0,0,0
BRDA:3,0,1,0
BRF:2
BRH:0
end_of_record
TN:
SF:Upload\sharpify.js
FN:4,(anonymous_0)
FNF:1
FNH:0
FNDA:0,(anonymous_0)
DA:4,1
DA:5,0
DA:10,0
DA:12,0
DA:13,0
DA:15,0
DA:16,0
DA:18,0
DA:19,0
DA:20,0
DA:22,0
DA:25,0
LF:12
LH:1
BRDA:12,0,0,0
BRDA:12,0,1,0
BRDA:18,1,0,0
BRDA:18,1,1,0
BRF:4
BRH:0
end_of_record
TN:
SF:middleware\checkAuthenticated.js
FN:4,(anonymous_0)
FN:15,(anonymous_1)
FNF:2
FNH:0
FNDA:0,(anonymous_0)
FNDA:0,(anonymous_1)
DA:4,1
DA:5,0
DA:6,0
DA:9,0
DA:15,1
DA:16,0
DA:17,0
DA:18,0
DA:19,0
DA:24,0
DA:25,0
DA:28,0
LF:12
LH:2
BRDA:5,0,0,0
BRDA:5,0,1,0
BRDA:17,1,0,0
BRDA:17,1,1,0
BRDA:24,2,0,0
BRDA:24,2,1,0
BRF:6
BRH:0
end_of_record
TN:
SF:pdf\footer.jsx
FN:8,Footer
FNF:1
FNH:0
FNDA:0,Footer
DA:7,1
DA:9,0
LF:2
LH:1
BRDA:25,0,0,0
BRDA:25,0,1,0
BRDA:86,1,0,0
BRDA:86,1,1,0
BRDA:88,2,0,0
BRDA:88,2,1,0
BRF:6
BRH:0
end_of_record
TN:
SF:pdf\generateAddress.jsx
FN:5,GenerateAddress
FNF:1
FNH:0
FNDA:0,GenerateAddress
DA:6,0
LF:1
LH:0
BRDA:10,0,0,0
BRDA:10,0,1,0
BRF:2
BRH:0
end_of_record
TN:
SF:pdf\orderInformation.jsx
FN:6,OrderInformation
FN:169,(anonymous_1)
FN:280,(anonymous_2)
FNF:3
FNH:0
FNDA:0,OrderInformation
FNDA:0,(anonymous_1)
FNDA:0,(anonymous_2)
DA:7,0
DA:17,0
DA:170,0
DA:280,0
LF:4
LH:0
BRDA:71,0,0,0
BRDA:71,0,1,0
BRDA:87,1,0,0
BRDA:87,1,1,0
BRDA:94,2,0,0
BRDA:94,2,1,0
BRDA:112,3,0,0
BRDA:112,3,1,0
BRDA:124,4,0,0
BRDA:124,4,1,0
BRDA:127,5,0,0
BRDA:127,5,1,0
BRDA:131,6,0,0
BRDA:131,6,1,0
BRDA:148,7,0,0
BRDA:148,7,1,0
BRDA:165,8,0,0
BRDA:165,8,1,0
BRDA:182,9,0,0
BRDA:182,9,1,0
BRDA:219,10,0,0
BRDA:219,10,1,0
BRDA:224,11,0,0
BRDA:224,11,1,0
BRDA:244,12,0,0
BRDA:244,12,1,0
BRDA:314,13,0,0
BRDA:314,13,1,0
BRDA:335,14,0,0
BRDA:335,14,1,0
BRF:30
BRH:0
end_of_record
TN:
SF:pdf\orderReceipt.jsx
FN:6,OrderReceipt
FNF:1
FNH:0
FNDA:0,OrderReceipt
DA:5,1
DA:7,0
DA:14,0
LF:3
LH:1
BRDA:21,0,0,0
BRDA:21,0,1,0
BRF:2
BRH:0
end_of_record
TN:
SF:pdf\packingSlip.jsx
FN:10,PackingSlip
FNF:1
FNH:0
FNDA:0,PackingSlip
DA:8,1
DA:11,0
DA:18,0
LF:3
LH:1
BRDA:20,0,0,0
BRDA:20,0,1,0
BRDA:37,1,0,0
BRDA:37,1,1,0
BRF:4
BRH:0
end_of_record
TN:
SF:pdf\pdf.jsx
FN:41,Pdf
FN:62,(anonymous_1)
FNF:2
FNH:0
FNDA:0,Pdf
FNDA:0,(anonymous_1)
DA:18,1
DA:19,1
DA:42,0
DA:49,0
DA:59,0
DA:63,0
LF:6
LH:2
BRDA:65,0,0,0
BRDA:65,0,1,0
BRDA:73,1,0,0
BRDA:73,1,1,0
BRF:4
BRH:0
end_of_record
TN:
SF:test\db.js
FN:9,(anonymous_0)
FN:23,(anonymous_1)
FN:29,(anonymous_2)
FNF:3
FNH:3
FNDA:1,(anonymous_0)
FNDA:1,(anonymous_1)
FNDA:3,(anonymous_2)
DA:9,1
DA:10,1
DA:12,1
DA:14,1
DA:15,1
DA:16,1
DA:18,0
DA:23,1
DA:24,1
DA:25,1
DA:29,1
DA:30,3
DA:32,3
DA:33,39
DA:37,1
LF:15
LH:14
BRF:0
BRH:0
end_of_record
TN:
SF:utils\addressValidator.js
FN:17,(anonymous_0)
FN:32,(anonymous_1)
FNF:2
FNH:0
FNDA:0,(anonymous_0)
FNDA:0,(anonymous_1)
DA:10,1
DA:18,0
DA:19,0
DA:20,0
DA:21,0
DA:23,0
DA:33,0
DA:37,0
DA:38,0
DA:40,0
DA:41,0
DA:43,0
DA:46,0
LF:13
LH:1
BRDA:20,0,0,0
BRDA:20,0,1,0
BRDA:37,1,0,0
BRDA:37,1,1,0
BRDA:40,2,0,0
BRDA:40,2,1,0
BRF:6
BRH:0
end_of_record
TN:
SF:utils\cart_wishlist_pipeline.js
FN:6,(anonymous_0)
FNF:1
FNH:1
FNDA:4,(anonymous_0)
DA:4,1
DA:6,1
DA:7,4
DA:15,1
LF:4
LH:4
BRF:0
BRH:0
end_of_record
TN:
SF:utils\deliveryProfileValidator.js
FN:10,(anonymous_0)
FN:15,(anonymous_1)
FN:77,(anonymous_2)
FN:143,(anonymous_3)
FN:148,(anonymous_4)
FN:173,(anonymous_5)
FNF:6
FNH:2
FNDA:2,(anonymous_0)
FNDA:0,(anonymous_1)
FNDA:0,(anonymous_2)
FNDA:1,(anonymous_3)
FNDA:0,(anonymous_4)
FNDA:0,(anonymous_5)
DA:10,1
DA:11,2
DA:16,0
DA:17,0
DA:18,0
DA:19,0
DA:20,0
DA:21,0
DA:26,0
DA:29,0
DA:30,0
DA:37,0
DA:39,0
DA:40,0
DA:47,0
DA:50,0
DA:51,0
DA:58,0
DA:61,0
DA:70,0
DA:74,0
DA:77,0
DA:78,0
DA:82,0
DA:89,0
DA:90,0
DA:96,0
DA:97,0
DA:98,0
DA:103,0
DA:109,0
DA:115,0
DA:124,0
DA:125,0
DA:133,0
DA:135,0
DA:136,0
DA:138,0
DA:143,1
DA:144,1
DA:149,0
DA:151,0
DA:155,0
DA:157,0
DA:161,1
DA:174,0
DA:175,0
DA:176,0
DA:177,0
DA:180,0
DA:181,0
DA:185,0
DA:188,0
LF:53
LH:5
BRDA:20,0,0,0
BRDA:20,0,1,0
BRDA:20,1,0,0
BRDA:20,1,1,0
BRDA:29,2,0,0
BRDA:29,2,1,0
BRDA:29,3,0,0
BRDA:29,3,1,0
BRDA:39,4,0,0
BRDA:39,4,1,0
BRDA:39,5,0,0
BRDA:39,5,1,0
BRDA:50,6,0,0
BRDA:50,6,1,0
BRDA:50,7,0,0
BRDA:50,7,1,0
BRDA:61,8,0,0
BRDA:61,8,1,0
BRDA:62,9,0,0
BRDA:62,9,1,0
BRDA:62,9,2,0
BRDA:65,10,0,0
BRDA:65,10,1,0
BRDA:78,11,0,0
BRDA:78,11,1,0
BRDA:79,12,0,0
BRDA:79,12,1,0
BRDA:89,13,0,0
BRDA:89,13,1,0
BRDA:96,14,0,0
BRDA:96,14,1,0
BRDA:97,15,0,0
BRDA:97,15,1,0
BRDA:103,16,0,0
BRDA:103,16,1,0
BRDA:124,17,0,0
BRDA:124,17,1,0
BRDA:135,18,0,0
BRDA:135,18,1,0
BRDA:151,19,0,0
BRDA:151,19,1,0
BRDA:152,20,0,0
BRDA:152,20,1,0
BRDA:175,21,0,0
BRDA:175,21,1,0
BRDA:175,22,0,0
BRDA:175,22,1,0
BRDA:175,22,2,0
BRDA:180,23,0,0
BRDA:180,23,1,0
BRDA:182,24,0,0
BRDA:182,24,1,0
BRDA:183,25,0,0
BRDA:183,25,1,0
BRF:54
BRH:0
end_of_record
TN:
SF:utils\encrypt-decrypt-giftcard.js
FN:8,encrypt
FN:13,decrypt
FN:19,hashCode
FNF:3
FNH:0
FNDA:0,encrypt
FNDA:0,decrypt
FNDA:0,hashCode
DA:5,1
DA:6,1
DA:9,0
DA:10,0
DA:14,0
DA:15,0
DA:21,0
LF:7
LH:2
BRF:0
BRH:0
end_of_record
TN:
SF:utils\endDateValidator.js
FN:4,(anonymous_0)
FN:8,(anonymous_1)
FNF:2
FNH:1
FNDA:2,(anonymous_0)
FNDA:0,(anonymous_1)
DA:4,1
DA:5,2
DA:9,0
DA:10,0
DA:11,0
DA:15,0
DA:16,0
DA:17,0
DA:20,0
DA:21,0
DA:24,0
DA:25,0
DA:26,0
DA:27,0
DA:30,0
LF:15
LH:2
BRDA:16,0,0,0
BRDA:16,0,1,0
BRDA:20,1,0,0
BRDA:20,1,1,0
BRDA:20,2,0,0
BRDA:20,2,1,0
BRDA:24,3,0,0
BRDA:24,3,1,0
BRDA:26,4,0,0
BRDA:26,4,1,0
BRF:10
BRH:0
end_of_record
TN:
SF:utils\errorRegenerator.js
FN:1,errorRegenerator
FN:3,(anonymous_1)
FNF:2
FNH:0
FNDA:0,errorRegenerator
FNDA:0,(anonymous_1)
DA:2,0
DA:3,0
DA:4,0
DA:7,0
LF:4
LH:0
BRF:0
BRH:0
end_of_record
TN:
SF:utils\generateDateRange.js
FN:8,(anonymous_0)
FNF:1
FNH:0
FNDA:0,(anonymous_0)
DA:8,1
DA:9,0
DA:10,0
DA:11,0
DA:13,0
DA:56,0
DA:57,0
DA:63,0
LF:8
LH:1
BRDA:56,0,0,0
BRDA:56,0,1,0
BRF:2
BRH:0
end_of_record
TN:
SF:utils\generateOrderNumber.js
FN:3,generateOrderNumber
FNF:1
FNH:0
FNDA:0,generateOrderNumber
DA:4,0
DA:10,0
DA:11,0
LF:3
LH:0
BRF:0
BRH:0
end_of_record
TN:
SF:utils\generatePaymentIntent.js
FN:19,(anonymous_0)
FN:25,(anonymous_1)
FN:43,(anonymous_2)
FN:44,(anonymous_3)
FN:109,(anonymous_4)
FN:124,(anonymous_5)
FN:135,(anonymous_6)
FNF:7
FNH:0
FNDA:0,(anonymous_0)
FNDA:0,(anonymous_1)
FNDA:0,(anonymous_2)
FNDA:0,(anonymous_3)
FNDA:0,(anonymous_4)
FNDA:0,(anonymous_5)
FNDA:0,(anonymous_6)
DA:11,1
DA:15,1
DA:20,0
DA:23,0
DA:24,0
DA:25,0
DA:26,0
DA:27,0
DA:28,0
DA:31,0
DA:32,0
DA:35,0
DA:37,0
DA:38,0
DA:40,0
DA:44,0
DA:45,0
DA:46,0
DA:48,0
DA:52,0
DA:53,0
DA:55,0
DA:66,0
DA:67,0
DA:95,0
DA:97,0
DA:107,0
DA:108,0
DA:116,0
DA:117,0
DA:123,0
DA:124,0
DA:127,0
DA:134,0
DA:136,0
DA:154,0
DA:155,0
DA:167,0
DA:196,0
DA:198,0
LF:40
LH:2
BRDA:26,0,0,0
BRDA:26,0,1,0
BRDA:37,1,0,0
BRDA:37,1,1,0
BRDA:52,2,0,0
BRDA:52,2,1,0
BRDA:140,3,0,0
BRDA:140,3,1,0
BRDA:142,4,0,0
BRDA:142,4,1,0
BRDA:144,5,0,0
BRDA:144,5,1,0
BRF:12
BRH:0
end_of_record
TN:
SF:utils\generateProduct.js
FN:8,generateProduct
FN:27,(anonymous_1)
FNF:2
FNH:0
FNDA:0,generateProduct
FNDA:0,(anonymous_1)
DA:9,0
DA:10,0
DA:11,0
DA:12,0
DA:14,0
DA:25,0
DA:27,0
DA:28,0
DA:29,0
DA:32,0
DA:35,0
DA:45,0
DA:46,0
DA:48,0
DA:49,0
DA:50,0
DA:51,0
DA:52,0
DA:53,0
DA:54,0
DA:57,0
LF:21
LH:0
BRDA:8,0,0,0
BRDA:45,1,0,0
BRDA:45,1,1,0
BRDA:46,2,0,0
BRDA:46,2,1,0
BRF:5
BRH:0
end_of_record
TN:
SF:utils\getBalanceTransactionsList.js
FN:10,(anonymous_0)
FN:14,(anonymous_1)
FN:16,(anonymous_2)
FN:31,(anonymous_3)
FN:36,(anonymous_4)
FN:71,(anonymous_5)
FN:100,(anonymous_6)
FN:110,(anonymous_7)
FN:136,(anonymous_8)
FNF:9
FNH:0
FNDA:0,(anonymous_0)
FNDA:0,(anonymous_1)
FNDA:0,(anonymous_2)
FNDA:0,(anonymous_3)
FNDA:0,(anonymous_4)
FNDA:0,(anonymous_5)
FNDA:0,(anonymous_6)
FNDA:0,(anonymous_7)
FNDA:0,(anonymous_8)
DA:7,1
DA:8,1
DA:10,1
DA:11,0
DA:12,0
DA:14,0
DA:15,0
DA:17,0
DA:18,0
DA:20,0
DA:21,0
DA:22,0
DA:32,0
DA:33,0
DA:60,0
DA:61,0
DA:63,0
DA:64,0
DA:66,0
DA:67,0
DA:71,1
DA:91,0
DA:92,0
DA:94,0
DA:96,0
DA:98,0
DA:99,0
DA:100,0
DA:101,0
DA:103,0
DA:104,0
DA:105,0
DA:106,0
DA:107,0
DA:109,0
DA:111,0
DA:119,0
DA:124,0
DA:129,0
DA:130,0
DA:131,0
DA:132,0
DA:133,0
DA:135,0
DA:137,0
DA:145,0
DA:150,0
DA:158,0
DA:159,0
DA:160,0
DA:166,0
DA:168,0
LF:52
LH:4
BRDA:20,0,0,0
BRDA:20,0,1,0
BRDA:20,1,0,0
BRDA:20,1,1,0
BRDA:21,2,0,0
BRDA:21,2,1,0
BRDA:32,3,0,0
BRDA:32,3,1,0
BRDA:60,4,0,0
BRDA:60,4,1,0
BRDA:63,5,0,0
BRDA:63,5,1,0
BRDA:66,6,0,0
BRDA:66,6,1,0
BRDA:73,7,0,0
BRDA:74,8,0,0
BRDA:98,9,0,0
BRDA:98,9,1,0
BRDA:103,10,0,0
BRDA:103,10,1,0
BRDA:103,11,0,0
BRDA:103,11,1,0
BRDA:111,12,0,0
BRDA:111,12,1,0
BRDA:129,13,0,0
BRDA:129,13,1,0
BRDA:129,14,0,0
BRDA:129,14,1,0
BRDA:137,15,0,0
BRDA:137,15,1,0
BRDA:158,16,0,0
BRDA:158,16,1,0
BRF:32
BRH:0
end_of_record
TN:
SF:utils\handleProfilePhoto.js
FN:6,(anonymous_0)
FNF:1
FNH:0
FNDA:0,(anonymous_0)
DA:6,1
DA:7,0
DA:8,0
DA:9,0
DA:10,0
DA:15,0
DA:16,0
DA:22,0
LF:8
LH:1
BRDA:7,0,0,0
BRDA:7,0,1,0
BRF:2
BRH:0
end_of_record
TN:
SF:utils\logger.js
FNF:0
FNH:0
DA:3,1
DA:5,1
DA:21,1
LF:3
LH:3
BRF:0
BRH:0
end_of_record
TN:
SF:utils\matchStageOrderAggregate.js
FN:3,(anonymous_0)
FNF:1
FNH:0
FNDA:0,(anonymous_0)
DA:3,1
DA:4,0
DA:5,0
DA:6,0
DA:9,0
DA:10,0
DA:15,0
DA:16,0
DA:18,0
DA:21,0
DA:22,0
DA:25,0
DA:26,0
DA:29,0
DA:30,0
DA:36,0
DA:37,0
DA:43,0
DA:44,0
DA:52,0
LF:20
LH:1
BRDA:5,0,0,0
BRDA:5,0,1,0
BRDA:9,1,0,0
BRDA:9,1,1,0
BRDA:15,2,0,0
BRDA:15,2,1,0
BRDA:21,3,0,0
BRDA:21,3,1,0
BRDA:25,4,0,0
BRDA:25,4,1,0
BRDA:29,5,0,0
BRDA:29,5,1,0
BRDA:36,6,0,0
BRDA:36,6,1,0
BRDA:43,7,0,0
BRDA:43,7,1,0
BRF:16
BRH:0
end_of_record
TN:
SF:utils\multerUpload.js
FNF:0
FNH:0
DA:3,1
DA:4,1
LF:2
LH:2
BRF:0
BRH:0
end_of_record
TN:
SF:utils\nodemailer.js
FNF:0
FNH:0
DA:5,1
DA:7,1
DA:17,1
LF:3
LH:3
BRF:0
BRH:0
end_of_record
TN:
SF:utils\offerOrderAggregate.js
FN:1,(anonymous_0)
FNF:1
FNH:0
FNDA:0,(anonymous_0)
DA:1,1
DA:2,0
DA:4,0
LF:3
LH:1
BRF:0
BRH:0
end_of_record
TN:
SF:utils\orderAggregatePipeline.js
FNF:0
FNH:0
DA:1,1
LF:1
LH:1
BRF:0
BRH:0
end_of_record
TN:
SF:utils\productAggregateStage.js
FN:1,productAggregateStage
FNF:1
FNH:1
FNDA:1,productAggregateStage
DA:2,1
LF:1
LH:1
BRF:0
BRH:0
end_of_record
TN:
SF:utils\productSearchStage.jsx
FN:1,productSearchStage
FNF:1
FNH:0
FNDA:0,productSearchStage
DA:2,0
DA:11,0
DA:12,0
DA:13,0
DA:20,0
DA:23,0
DA:31,0
LF:7
LH:0
BRF:0
BRH:0
end_of_record
TN:
SF:utils\productValidator.js
FN:4,customVariationValidator
FN:21,(anonymous_1)
FN:35,(anonymous_2)
FN:53,(anonymous_3)
FN:54,(anonymous_4)
FN:73,(anonymous_5)
FN:74,(anonymous_6)
FNF:7
FNH:0
FNDA:0,customVariationValidator
FNDA:0,(anonymous_1)
FNDA:0,(anonymous_2)
FNDA:0,(anonymous_3)
FNDA:0,(anonymous_4)
FNDA:0,(anonymous_5)
FNDA:0,(anonymous_6)
DA:5,0
DA:6,0
DA:8,0
DA:9,0
DA:12,0
DA:13,0
DA:14,0
DA:17,0
DA:20,1
DA:22,0
DA:23,0
DA:24,0
DA:27,0
DA:36,0
DA:37,0
DA:40,0
DA:54,0
DA:55,0
DA:58,0
DA:74,0
DA:75,0
DA:77,0
LF:22
LH:1
BRDA:8,0,0,0
BRDA:8,0,1,0
BRDA:12,1,0,0
BRDA:12,1,1,0
BRDA:12,2,0,0
BRDA:12,2,1,0
BRDA:12,2,2,0
BRDA:23,3,0,0
BRDA:23,3,1,0
BRDA:36,4,0,0
BRDA:36,4,1,0
BRF:11
BRH:0
end_of_record
TN:
SF:utils\s3Service.js
FN:13,(anonymous_0)
FN:20,(anonymous_1)
FN:35,(anonymous_2)
FN:45,(anonymous_3)
FN:47,(anonymous_4)
FN:64,(anonymous_5)
FN:72,(anonymous_6)
FN:83,(anonymous_7)
FN:93,(anonymous_8)
FN:101,(anonymous_9)
FN:112,(anonymous_10)
FN:115,(anonymous_11)
FNF:12
FNH:0
FNDA:0,(anonymous_0)
FNDA:0,(anonymous_1)
FNDA:0,(anonymous_2)
FNDA:0,(anonymous_3)
FNDA:0,(anonymous_4)
FNDA:0,(anonymous_5)
FNDA:0,(anonymous_6)
FNDA:0,(anonymous_7)
FNDA:0,(anonymous_8)
FNDA:0,(anonymous_9)
FNDA:0,(anonymous_10)
FNDA:0,(anonymous_11)
DA:11,1
DA:13,1
DA:14,0
DA:15,0
DA:16,0
DA:18,0
DA:20,1
DA:21,0
DA:22,0
DA:30,0
DA:35,0
DA:36,0
DA:39,0
DA:40,0
DA:42,0
DA:45,1
DA:46,0
DA:47,0
DA:48,0
DA:60,0
DA:63,0
DA:65,0
DA:66,0
DA:69,0
DA:72,1
DA:73,0
DA:74,0
DA:78,0
DA:79,0
DA:80,0
DA:82,0
DA:83,0
DA:84,0
DA:85,0
DA:92,0
DA:94,0
DA:95,0
DA:98,0
DA:101,1
DA:102,0
DA:103,0
DA:104,0
DA:108,0
DA:109,0
DA:110,0
DA:112,0
DA:114,0
DA:116,0
DA:121,0
DA:122,0
DA:124,0
DA:131,0
DA:133,0
LF:53
LH:6
BRDA:50,0,0,0
BRDA:50,0,1,0
BRDA:80,1,0,0
BRDA:80,1,1,0
BRDA:84,2,0,0
BRDA:84,2,1,0
BRDA:110,3,0,0
BRDA:110,3,1,0
BRF:8
BRH:0
end_of_record
TN:
SF:utils\searchIndex.js
FNF:0
FNH:0
DA:3,1
DA:30,1
LF:2
LH:2
BRF:0
BRH:0
end_of_record
TN:
SF:utils\shipDateStage.js
FNF:0
FNH:0
DA:1,1
LF:1
LH:1
BRF:0
BRH:0
end_of_record
TN:
SF:utils\sortCombineVariations.js
FN:2,sortCombineVariation
FNF:1
FNH:0
FNDA:0,sortCombineVariation
DA:3,0
DA:4,0
DA:6,0
DA:7,0
DA:8,0
DA:9,0
DA:12,0
DA:15,0
DA:16,0
DA:18,0
DA:19,0
DA:23,0
DA:24,0
DA:27,0
DA:28,0
DA:30,0
DA:39,0
DA:40,0
DA:42,0
DA:44,0
DA:52,0
DA:56,0
DA:65,0
LF:23
LH:0
BRDA:18,0,0,0
BRDA:18,0,1,0
BRDA:27,1,0,0
BRDA:27,1,1,0
BRF:4
BRH:0
end_of_record
TN:
SF:utils\userValidators.js
FN:10,(anonymous_0)
FN:44,(anonymous_1)
FNF:2
FNH:2
FNDA:3,(anonymous_0)
FNDA:2,(anonymous_1)
DA:5,1
DA:11,3
DA:13,3
DA:14,0
DA:18,3
DA:45,2
DA:46,2
DA:47,2
DA:48,2
DA:49,1
DA:51,1
LF:11
LH:10
BRDA:13,0,0,0
BRDA:13,0,1,3
BRDA:48,1,0,1
BRDA:48,1,1,1
BRF:4
BRH:3
end_of_record
TN:
SF:utils\variationFormat.js
FN:2,variationFormat
FN:3,(anonymous_1)
FN:8,(anonymous_2)
FNF:3
FNH:0
FNDA:0,variationFormat
FNDA:0,(anonymous_1)
FNDA:0,(anonymous_2)
DA:3,0
DA:4,0
DA:5,0
DA:7,0
DA:10,0
DA:11,0
DA:16,0
DA:26,0
DA:69,0
LF:9
LH:0
BRDA:4,0,0,0
BRDA:4,0,1,0
BRDA:10,1,0,0
BRDA:10,1,1,0
BRF:4
BRH:0
end_of_record
TN:
SF:utils\passport\facebookStrategy.js
FN:17,(anonymous_0)
FNF:1
FNH:0
FNDA:0,(anonymous_0)
DA:8,1
DA:17,1
DA:18,0
DA:20,0
DA:24,0
DA:25,0
DA:37,0
DA:38,0
DA:39,0
DA:46,0
DA:51,0
DA:52,0
DA:53,0
DA:55,0
DA:59,1
LF:15
LH:3
BRDA:24,0,0,0
BRDA:24,0,1,0
BRDA:37,1,0,0
BRDA:37,1,1,0
BRF:4
BRH:0
end_of_record
TN:
SF:utils\passport\googleStrategy.js
FN:16,(anonymous_0)
FNF:1
FNH:0
FNDA:0,(anonymous_0)
DA:9,1
DA:16,1
DA:17,0
DA:19,0
DA:23,0
DA:24,0
DA:26,0
DA:28,0
DA:29,0
DA:33,0
DA:36,0
DA:37,0
DA:44,0
DA:50,0
DA:51,0
DA:52,0
DA:54,0
DA:58,1
LF:18
LH:3
BRDA:23,0,0,0
BRDA:23,0,1,0
BRDA:28,1,0,0
BRDA:28,1,1,0
BRDA:36,2,0,0
BRDA:36,2,1,0
BRF:6
BRH:0
end_of_record
TN:
SF:utils\passport\index.js
FN:15,(anonymous_0)
FN:20,(anonymous_1)
FNF:2
FNH:0
FNDA:0,(anonymous_0)
FNDA:0,(anonymous_1)
DA:10,1
DA:11,1
DA:12,1
DA:13,1
DA:15,1
DA:16,0
DA:17,0
DA:20,1
DA:21,0
DA:22,0
DA:43,0
DA:45,0
DA:46,0
LF:13
LH:6
BRF:0
BRH:0
end_of_record
TN:
SF:utils\passport\localStrategy.js
FN:5,(anonymous_0)
FNF:1
FNH:0
FNDA:0,(anonymous_0)
DA:5,1
DA:6,0
DA:7,0
DA:9,0
DA:10,0
DA:12,0
DA:13,0
DA:14,0
DA:17,0
DA:18,0
DA:21,0
DA:25,1
DA:29,1
LF:13
LH:3
BRDA:9,0,0,0
BRDA:9,0,1,0
BRDA:13,1,0,0
BRDA:13,1,1,0
BRDA:17,2,0,0
BRDA:17,2,1,0
BRF:6
BRH:0
end_of_record
TN:
SF:utils\passport\twiiterStrategy.js
FN:15,(anonymous_0)
FNF:1
FNH:0
FNDA:0,(anonymous_0)
DA:8,1
DA:15,1
DA:16,0
DA:17,0
DA:21,0
DA:22,0
DA:25,0
DA:27,0
DA:28,0
DA:32,0
DA:35,0
DA:36,0
DA:38,0
DA:45,0
DA:54,0
DA:55,0
DA:56,0
DA:58,0
DA:62,1
LF:19
LH:3
BRDA:21,0,0,0
BRDA:21,0,1,0
BRDA:27,1,0,0
BRDA:27,1,1,0
BRDA:35,2,0,0
BRDA:35,2,1,0
BRF:6
BRH:0
end_of_record
